Log file open, 06/06/15 16:41:55
LogInit:Display: Running engine for game: Wk3
LogInit: Version: 4.7.6-2513093+++depot+UE4-Releases+4.7
LogInit: API Version: 2455222
LogInit: Compiled (64-bit): Apr 15 2015 12:09:54
LogInit: Compiled with Visual C++: 18.00.21005.01
LogInit: Build Configuration: Development
LogInit: Branch Name: ++depot+UE4-Releases+4.7
LogInit: Command line:  
LogInit: Base directory: D:/Program Files/Epic Games/4.7/Engine/Binaries/Win64/
LogInit: Rocket: 1
[2015.06.06-23.41.55:662][  0]LogTaskGraph: Started task graph with 3 named threads and 6 total threads.
[2015.06.06-23.41.55:729][  0]LogOnline:Warning: No default platform service specified for OnlineSubsystem
[2015.06.06-23.41.55:765][  0]LogInit: Presizing for 0 objects not considered by GC, pre-allocating 0 bytes.
[2015.06.06-23.41.55:798][  0]LogInit: Object subsystem initialized
[2015.06.06-23.41.55:804][  0]LogConsoleResponse:Warning: Skipping Unknown console variable: 'TranslucentSortAxis = (X=0.000000,Y=-1.000000,Z=0.000000)'
[2015.06.06-23.41.55:804][  0]LogConsoleResponse:Warning:   Found in ini file 'D:/College/CS188/Project1/Saved/Config/Windows/Engine.ini', in section '[/Script/Engine.RendererSettings]'
[2015.06.06-23.41.55:804][  0]LogConsoleResponse:Warning: Skipping Unknown console variable: 'UIScaleRule = ShortestSide'
[2015.06.06-23.41.55:804][  0]LogConsoleResponse:Warning:   Found in ini file 'D:/College/CS188/Project1/Saved/Config/Windows/Engine.ini', in section '[/Script/Engine.RendererSettings]'
[2015.06.06-23.41.55:804][  0]LogConsoleResponse:Warning: Skipping Unknown console variable: 'UIScaleCurve = (EditorCurveData=(Keys=),ExternalCurve=None)'
[2015.06.06-23.41.55:804][  0]LogConsoleResponse:Warning:   Found in ini file 'D:/College/CS188/Project1/Saved/Config/Windows/Engine.ini', in section '[/Script/Engine.RendererSettings]'
[2015.06.06-23.41.55:806][  0]LogInit: Selected Device Profile: [Windows]
[2015.06.06-23.41.55:806][  0]LogInit: Applying CVar settings loaded from the selected device profile: [Windows]
[2015.06.06-23.41.55:823][  0]LogInit: Computer: ICUESP170SMA
[2015.06.06-23.41.55:823][  0]LogInit: User: Icue
[2015.06.06-23.41.55:823][  0]LogInit: CPU Page size=4096, Cores=4
[2015.06.06-23.41.55:823][  0]LogInit: High frequency timer resolution =2.435769 MHz
[2015.06.06-23.41.55:824][  0]LogMemory: Memory total: Physical=7.9GB (8GB approx) Virtual=131072.0GB
[2015.06.06-23.41.55:824][  0]LogMemory: Platform Memory Stats for Windows
[2015.06.06-23.41.55:824][  0]LogMemory: Process Physical Memory: 50.22 MB used, 50.22 MB peak
[2015.06.06-23.41.55:824][  0]LogMemory: Process Virtual Memory: 30.96 MB used, 30.96 MB peak
[2015.06.06-23.41.55:825][  0]LogMemory: Physical Memory: 4209.54 MB used, 8108.23 MB total
[2015.06.06-23.41.55:825][  0]LogMemory: Virtual Memory: 295.91 MB used, 134217728.00 MB total
[2015.06.06-23.41.55:899][  0]LogD3D11RHI: Found D3D11 adapter 0: NVIDIA GeForce GTX 970M          (Feature Level 11_0)
[2015.06.06-23.41.55:899][  0]LogD3D11RHI: Adapter has 6035MB of dedicated video memory, 0MB of dedicated system memory, and 4054MB of shared system memory, 1 output[s]
[2015.06.06-23.41.55:919][  0]LogD3D11RHI: Found D3D11 adapter 1: Intel(R) HD Graphics 4600 (Feature Level 11_0)
[2015.06.06-23.41.55:919][  0]LogD3D11RHI: Adapter has 0MB of dedicated video memory, 0MB of dedicated system memory, and 1792MB of shared system memory, 0 output[s]
[2015.06.06-23.41.55:922][  0]LogD3D11RHI: Found D3D11 adapter 2: Microsoft Basic Render Driver (Feature Level 11_0)
[2015.06.06-23.41.55:922][  0]LogD3D11RHI: Adapter has 0MB of dedicated video memory, 0MB of dedicated system memory, and 256MB of shared system memory, 0 output[s]
[2015.06.06-23.41.55:922][  0]LogD3D11RHI: Chosen D3D11 Adapter Id = 0
[2015.06.06-23.41.55:933][  0]LogRHI: Texture pool is 1361 MB (70% of 1945 MB)
[2015.06.06-23.41.55:960][  0]LogD3D11RHI: Async texture creation enabled
[2015.06.06-23.41.56:070][  0]LogTextLocalizationManager: The requested culture ('en') has no localization data; parent culture's ('zh_CN') localization data will be used.
[2015.06.06-23.41.56:207][  0]LogTextLocalizationManager:Warning: Loading localization resources contain conflicting entries for (Namespace:UICommands, Key:Save_ToolTip):
Resource: (D:/Program Files/Epic Games/4.7/Engine/Content/Localization/Editor/en/Editor.locres) Hash: (-29098895) String: (Saves the current level to disk)
Resource: (D:/Program Files/Epic Games/4.7/Engine/Content/Localization/Engine/en/Engine.locres) Hash: (-1280300587) String: (Save selected data to vlog file)
[2015.06.06-23.41.56:207][  0]LogTextLocalizationManager:Warning: Loading localization resources contain conflicting entries for (Namespace:ContentBrowser, Key:ImportAssetToolTip):
Resource: (D:/Program Files/Epic Games/4.7/Engine/Content/Localization/Editor/en/Editor.locres) Hash: (-630476809) String: (Import to {0}...)
Resource: (D:/Program Files/Epic Games/4.7/Engine/Content/Localization/Editor/en/Editor.locres) Hash: (1271782899) String: (Imports an asset from file to this folder.)
[2015.06.06-23.41.56:285][  0]LogContentStreaming: Texture pool size is 0.000000MB
[2015.06.06-23.41.58:387][  0]LogTargetPlatformManager:Display: Building Assets For Windows
[2015.06.06-23.41.58:891][  0]LogTargetPlatformManager:Display: Building Assets For Windows
[2015.06.06-23.41.58:936][  0]LogDerivedDataCache:Display: Max Cache Size: 512 MB
[2015.06.06-23.41.58:987][  0]LogDerivedDataCache: Loaded boot cache 0.05s 39MB C:/Users/Icue/AppData/Local/UnrealEngine/4.7/DerivedDataCache/Boot.ddc.
[2015.06.06-23.41.58:987][  0]LogDerivedDataCache:Display: Loaded Boot cache: C:/Users/Icue/AppData/Local/UnrealEngine/4.7/DerivedDataCache/Boot.ddc
[2015.06.06-23.41.58:988][  0]LogDerivedDataCache: FDerivedDataBackendGraph:  Pak pak cache file ../../../../../../College/CS188/Project1/DerivedDataCache/DDC.ddp not found, will not use a pak cache.
[2015.06.06-23.41.58:988][  0]LogDerivedDataCache: Unable to find inner node Pak for hierarchical cache Hierarchy.
[2015.06.06-23.41.59:094][  0]LogDerivedDataCache:Display: Pak cache opened for reading ../../../Engine/DerivedDataCache/Compressed.ddp.
[2015.06.06-23.41.59:106][  0]LogDerivedDataCache: Using Local data cache path C:/Users/Icue/AppData/Local/UnrealEngine/Common/DerivedDataCache: Writable
[2015.06.06-23.41.59:359][  0]LogMeshUtilities: No automatic mesh reduction module available
[2015.06.06-23.41.59:359][  0]LogMeshUtilities: No automatic mesh merging module available
[2015.06.06-23.41.59:660][  0]LogInit: WinSock: version 1.1 (2.2), MaxSocks=32767, MaxUdp=65467
[2015.06.06-23.41.59:713][  0]LogSlate:Warning: Failed to load font data from '../../../Engine/Content/Slate/Fonts/Roboto-Italic.ttf'
[2015.06.06-23.42.00:346][  0]UdpMessaging: Initializing bridge on interface 0.0.0.0:0 to multicast group 230.0.0.1:6666.
[2015.06.06-23.42.00:495][  0]SourceControl: Info Source control is disabled
[2015.06.06-23.42.00:496][  0]SourceControl: Info Source control is disabled
[2015.06.06-23.42.00:496][  0]SourceControl: Info Source control is disabled
[2015.06.06-23.42.00:496][  0]LogSourceControl: RunCommandInternalRaw: 'git version'
[2015.06.06-23.42.00:496][  0]LogSourceControl: RunCommandInternalRaw: ExecProcess ReturnCode=2 OutResults=''
[2015.06.06-23.42.00:501][  0]SourceControl: Info Source control is disabled
[2015.06.06-23.42.00:627][  0]LogObj: 24262 objects as part of root set at end of initial load.
[2015.06.06-23.42.00:627][  0]LogUObjectAllocator: 5143888 out of 0 bytes used by permanent object pool.
[2015.06.06-23.42.00:703][  0]LogEngine: Initializing Engine...
[2015.06.06-23.42.03:074][  0]LogInit: XAudio2 using 'Speakers (High Definition Audio Device)' : 2 channels at 44.1 kHz using 16 bits per sample (channel mask 0x3)
[2015.06.06-23.42.03:100][  0]LogInit: FAudioDevice initialized.
[2015.06.06-23.42.03:134][  0]LogAIModule: Creating AISystem for world NewWorld
[2015.06.06-23.42.03:160][  0]LogDerivedDataCache: Saved boot cache 0.02s 39MB C:/Users/Icue/AppData/Local/UnrealEngine/4.7/DerivedDataCache/Boot.ddc.
[2015.06.06-23.42.03:167][  0]LogInit: Texture streaming: Enabled
[2015.06.06-23.42.03:263][  0]LogAnalytics: Creating configured Analytics provider AnalyticsET
[2015.06.06-23.42.03:263][  0]LogAnalytics: ET APIKey = Rocket.Release. APIServer = http://et2.epicgames.com/ET2/. AppVersion = 4.7.6-2513093+++depot+UE4-Releases+4.7
[2015.06.06-23.42.03:263][  0]LogAnalytics: ET APIKey = Rocket.Release. DataRouterUploadURL = https://datarouter-public-service-gamedev.ol.epicgames.net/datarouter/api/v1/public/data. AppVersion = 4.7.6-2513093+++depot+UE4-Releases+4.7
[2015.06.06-23.42.03:263][  0]LogAnalytics: SetUserId 1fc9679047d854207604e785063d47a0|01085c442c624900b9abb1f7ef3d69ab|51387463-d617-43aa-9761-e06f88098d68
[2015.06.06-23.42.03:263][  0]LogAnalytics: AnalyticsET::StartSession [Rocket.Release]
[2015.06.06-23.42.03:285][  0]LogInit: Transaction tracking system initialized
[2015.06.06-23.42.03:434][  0]BlueprintLog: New page: Editor Load
[2015.06.06-23.42.03:461][  0]LogAssetRegistry: FAssetRegistry took 0.0112 seconds to start up
[2015.06.06-23.42.03:461][  0]LogDirectoryWatcher:Warning: Failed to begin reading directory changes for ../../../Engine/Plugins/Experimental/CharacterAI/Content/. Error: 0
[2015.06.06-23.42.03:962][  0]LogTargetPlatformManager:Display: Building Assets For Windows
[2015.06.06-23.42.04:374][  0]LogTargetPlatformManager:Display: Building Assets For Windows
[2015.06.06-23.42.04:551][  0]LogSlate:Warning: Failed to load font data from '../../../Engine/Content/Editor/Slate/Fonts/Roboto-Regular.ttf'
[2015.06.06-23.42.04:551][  0]LogSlate:Warning: Failed to load font data from '../../../Engine/Content/Editor/Slate/Fonts/Roboto-Bold.ttf'
[2015.06.06-23.42.04:555][  0]LogConsoleResponse:Display: 
[2015.06.06-23.42.04:664][  0]LogCook:Display: Done creating registry. It took  0.00s.
[2015.06.06-23.42.04:757][  0]SourceControl: Info Source control is disabled
[2015.06.06-23.42.04:757][  0]Cmd: MAP LOAD FILE="../../../../../../College/CS188/Project1/Content/Levels/level_1.umap" TEMPLATE=0 SHOWPROGRESS=1 FEATURELEVEL=3
[2015.06.06-23.42.04:758][  0]LightingResults: New page: Lighting Build
[2015.06.06-23.42.04:767][  0]MapCheck: New page: Map Check
[2015.06.06-23.42.04:767][  0]LightingResults: New page: Lighting Build
[2015.06.06-23.42.04:777][  0]LogParticles: Destroying 0 GPU particle simulations for FXSystem 0x00000003E753A520
[2015.06.06-23.42.05:751][  0]LogBlueprint:Warning: [compiler] Warning InputAction Event references unknown Action 'Sprint' for  InputAction Sprint 
[2015.06.06-23.42.05:777][  0]LogBlueprint:Warning: [compiler] Warning [0011.81] Compile of ExplorationCharacter successful, but with 1 Warning(s) [in 90 ms]
[2015.06.06-23.42.05:777][  0]LogBlueprint:Warning: [compiler] Warning [0011.81] Compile of ExplorationCharacter successful, but with 2 Warning(s) [in 0 ms]
[2015.06.06-23.42.05:777][  0]LogBlueprint:Warning: [compiler] Warning [0011.81] Compile of ExplorationCharacter successful, but with 3 Warning(s) [in 0 ms]
[2015.06.06-23.42.05:777][  0]LogBlueprint:Warning: [compiler] Warning [0011.81] Compile of ExplorationCharacter successful, but with 4 Warning(s) [in 0 ms]
[2015.06.06-23.42.06:652][  0]LogBlueprint:Warning: [compiler] Warning InputAction Event references unknown Action 'Interact' for  InputAction Interact 
[2015.06.06-23.42.06:655][  0]LogBlueprint:Warning: [compiler] Warning Function ' Get Player Controller ' is unsafe to call in a construction script.
[2015.06.06-23.42.06:764][  0]LogBlueprint:Warning: [compiler] Warning [0012.80] Compile of ContextMenu successful, but with 2 Warning(s) [in 296 ms]
[2015.06.06-23.42.06:765][  0]LogBlueprint:Warning: [compiler] Warning [0012.80] Compile of ContextMenu successful, but with 3 Warning(s) [in 0 ms]
[2015.06.06-23.42.06:765][  0]LogBlueprint:Warning: [compiler] Warning [0012.80] Compile of ContextMenu successful, but with 4 Warning(s) [in 0 ms]
[2015.06.06-23.42.06:765][  0]LogBlueprint:Warning: [compiler] Warning [0012.80] Compile of ContextMenu successful, but with 5 Warning(s) [in 0 ms]
[2015.06.06-23.42.07:575][  0]LogBlueprint:Warning: [compiler] Warning InputAction Event references unknown Action 'ResetHMD' for  InputAction ResetHMD 
[2015.06.06-23.42.07:575][  0]LogBlueprint:Warning: [compiler] Warning InputAction Event references unknown Action 'OpenMenu' for  InputAction OpenMenu 
[2015.06.06-23.42.07:654][  0]LogBlueprint:Warning: [compiler] Warning [0013.69] Compile of VRPlayerController successful, but with 2 Warning(s) [in 212 ms]
[2015.06.06-23.42.07:655][  0]LogBlueprint:Warning: [compiler] Warning [0013.69] Compile of VRPlayerController successful, but with 3 Warning(s) [in 0 ms]
[2015.06.06-23.42.07:655][  0]LogBlueprint:Warning: [compiler] Warning [0013.69] Compile of VRPlayerController successful, but with 4 Warning(s) [in 0 ms]
[2015.06.06-23.42.07:655][  0]LogBlueprint:Warning: [compiler] Warning [0013.69] Compile of VRPlayerController successful, but with 5 Warning(s) [in 0 ms]
[2015.06.06-23.42.07:990][  0]LogBlueprint:Warning: [compiler] Warning InputAction Event references unknown Action 'ResetHMD' for  InputAction ResetHMD 
[2015.06.06-23.42.07:991][  0]LogBlueprint:Warning: [compiler] Warning InputAction Event references unknown Action 'OpenMenu' for  InputAction OpenMenu 
[2015.06.06-23.42.08:065][  0]LogBlueprint:Warning: [compiler] Warning [0014.10] Compile of VRPlayerController successful, but with 2 Warning(s) [in 198 ms]
[2015.06.06-23.42.08:065][  0]LogBlueprint:Warning: [compiler] Warning [0014.10] Compile of VRPlayerController successful, but with 3 Warning(s) [in 0 ms]
[2015.06.06-23.42.08:303][  0]LogBlueprint:Warning: [compiler] Warning InputAction Event references unknown Action 'Interact' for  InputAction Interact 
[2015.06.06-23.42.08:305][  0]LogBlueprint:Warning: [compiler] Warning Function ' Get Player Controller ' is unsafe to call in a construction script.
[2015.06.06-23.42.08:414][  0]LogBlueprint:Warning: [compiler] Warning [0014.45] Compile of ContextMenu successful, but with 2 Warning(s) [in 296 ms]
[2015.06.06-23.42.08:415][  0]LogBlueprint:Warning: [compiler] Warning [0014.45] Compile of ContextMenu successful, but with 3 Warning(s) [in 0 ms]
[2015.06.06-23.42.08:484][  0]LogBlueprint:Warning: [compiler] Warning InputAction Event references unknown Action 'Sprint' for  InputAction Sprint 
[2015.06.06-23.42.08:510][  0]LogBlueprint:Warning: [compiler] Warning [0014.55] Compile of ExplorationCharacter successful, but with 1 Warning(s) [in 90 ms]
[2015.06.06-23.42.08:510][  0]LogBlueprint:Warning: [compiler] Warning [0014.55] Compile of ExplorationCharacter successful, but with 2 Warning(s) [in 0 ms]
[2015.06.06-23.42.10:870][  0]LogK2Compiler:Warning: Failed to patch linker table for blueprint CDO Default__SKEL_level_1_C
[2015.06.06-23.42.10:875][  0]LogK2Compiler:Warning: Failed to patch linker table for blueprint CDO Default__level_C
[2015.06.06-23.42.11:689][  0]LogMaterial: Missing cached shader map for material FrontColor, compiling. 
[2015.06.06-23.42.11:712][  0]LogStaticMesh: Building static mesh Roman-Pillar...
[2015.06.06-23.42.11:965][  0]LogStaticMesh: Built static mesh [253.261703ms] /Game/props/StarterContent/Props/Roman-Pillar.Roman-Pillar
[2015.06.06-23.42.12:248][  0]LogEditorServer: Finished looking for orphan Actors (0.000 secs)
[2015.06.06-23.42.12:259][  0]LogAIModule: Creating AISystem for world level_1
[2015.06.06-23.42.12:259][  0]Cmd: MAP CHECKDEP
[2015.06.06-23.42.12:259][  0]MapCheck: New page: level_1 - Jun 6, 2015, 9:42:12 AM
[2015.06.06-23.42.12:259][  0]LogEditorServer:Warning: WorldSettings contains streaming level '/Game/Levels/level_3' which isn't loaded.
[2015.06.06-23.42.12:421][  0]MapCheck: Info Map check complete: 0 Error(s), 0 Warning(s), took 161.688ms to complete.
[2015.06.06-23.42.12:421][  0]LogFileHelpers: Loading map 'level_1' took 7.664
[2015.06.06-23.42.12:564][  0]LogCollectionManager: Loaded 0 collections in 0.001758 seconds
[2015.06.06-23.42.12:573][  0]LogContentBrowser: Native class hierarchy populated in 0.0086 seconds. Added 1703 classes and 263 folders.
[2015.06.06-23.42.12:596][  0]LogContentBrowser: Native class hierarchy updated for 'SceneOutliner' in 0.0013 seconds. Added 1 classes and 2 folders.
[2015.06.06-23.42.12:724][  0]LogContentBrowser: Native class hierarchy updated for 'WorldBrowser' in 0.0017 seconds. Added 1 classes and 3 folders.
[2015.06.06-23.42.12:746][  0]LogCrashTracker: Crashtracker disabled due to settings.
[2015.06.06-23.42.12:747][  0]LogSlate:Warning: Failed to load font data from 'Veranda'
[2015.06.06-23.42.12:754][  0]LogUObjectGlobals:Warning: Failed to find object 'Class None.'
[2015.06.06-23.42.12:782][  0]LogLoad: Full Startup: 18.82 seconds (BP compile: 2.88 seconds)
[2015.06.06-23.42.12:835][  0]LogContentBrowser:Verbose: The content browser source was changed by the sources view to '/Game/FirstPersonBP/Blueprints'
[2015.06.06-23.42.12:983][  0]LogRenderer:Warning: Reallocating scene render targets to support 32x32 (Frame:2).
[2015.06.06-23.42.13:172][  1]LogRenderer:Warning: Reallocating scene render targets to support 1008x568 (Frame:5).
[2015.06.06-23.42.14:001][ 12]LogAssetRegistry: Asset discovery search completed in 10.5523 seconds
[2015.06.06-23.42.23:841][577]LogRenderer:Warning: Reallocating scene render targets to support 1104x576 (Frame:617).
[2015.06.06-23.42.44:426][741]BlueprintLog: New page: Pre-PIE auto-recompile
[2015.06.06-23.42.44:426][741]LogPlayLevel: [PIE] Compiling level_1 before PIE...
[2015.06.06-23.42.44:497][741]LogActorComponent: UnregisterComponent: (/Engine/Transient.CharMoveComp) Not registered. Aborting.
[2015.06.06-23.42.44:497][741]LogActorComponent: UnregisterComponent: (/Engine/Transient.ProjectileMovementComponent_40__A6522401) Not registered. Aborting.
[2015.06.06-23.42.44:497][741]LogActorComponent: UnregisterComponent: (/Engine/Transient.ProjectileMovementComponent_0) Not registered. Aborting.
[2015.06.06-23.42.44:497][741]LogActorComponent: UnregisterComponent: (/Engine/Transient.ProjectileMovementComponent_1) Not registered. Aborting.
[2015.06.06-23.42.44:497][741]LogActorComponent: UnregisterComponent: (/Engine/Transient.ProjectileMovementComponent_2) Not registered. Aborting.
[2015.06.06-23.42.44:633][741]LogPlayLevel: PIE:  Blueprint regeneration took 206 ms (1 blueprints)
[2015.06.06-23.42.44:633][741]PIE: New page: PIE session: level_1 (Jun 6, 2015, 9:42:44 AM)
[2015.06.06-23.42.44:658][741]LogBlueprint:Warning: FMemberReference::ResolveMember (K2_SetActorLocation) bSelfContext == true, but no scope supplied!
[2015.06.06-23.42.44:658][741]LogBlueprint:Warning: FMemberReference::ResolveMember (K2_SetActorLocation) bSelfContext == true, but no scope supplied!
[2015.06.06-23.42.44:665][741]LogPlayLevel: PIE: StaticDuplicateObject took: (0.031456s)
[2015.06.06-23.42.44:666][741]LogPlayLevel: PIE: World Init took: (0.000538s)
[2015.06.06-23.42.44:666][741]LogPlayLevel: PIE: Created PIE world by copying editor world from /Game/Levels/level_1.level_1 to /Game/Levels/UEDPIE_0_level_1.level_1 (0.032162s)
[2015.06.06-23.42.44:719][741]LogWorld: Game class is 'FirstPersonGameMode_C'
[2015.06.06-23.42.44:726][741]LogWorld: PIE: Copying PIE streaming level from /Game/Levels/level_2.level_2 to /Game/Levels/UEDPIE_0_level_2.level_2. OwningWorld: /Game/Levels/UEDPIE_0_level_1.level_1
[2015.06.06-23.42.44:733][741]LogWorld: PIE: Copying PIE streaming level from /Game/Levels/level_3.level_3 to /Game/Levels/UEDPIE_0_level_3.level_3. OwningWorld: /Game/Levels/UEDPIE_0_level_1.level_1
[2015.06.06-23.42.44:736][741]LogAIModule: Creating AISystem for world level_1
[2015.06.06-23.42.44:748][741]LogWorld: Bringing World /Game/Levels/UEDPIE_0_level_1.level_1 up for play (max tick rate 60) at 2015.06.06-16.42.44
[2015.06.06-23.42.44:752][741]LogWorld: Bringing up level for play took: 0.014453
[2015.06.06-23.42.44:753][741]PIE: Info Play in editor start time for /Game/Levels/UEDPIE_0_level_1 0.488
[2015.06.06-23.42.44:775][742]LogRenderer:Warning: Reallocating scene render targets to support 1104x1024 (Frame:1882).
[2015.06.06-23.43.22:814][797]LogParticles: Destroying 0 GPU particle simulations for FXSystem 0x000000039C143100
[2015.06.06-23.43.24:295][884]LogEditorViewport: Clicking on Actor (LMB): testMirror_C (testMirror9)
[2015.06.06-23.43.30:894][175]BlueprintLog: New page: Compile testMirror
[2015.06.06-23.43.31:118][175]BlueprintEditorCompileResults: Info [0097.15] Compile of testMirror successful! [in 223 ms]
[2015.06.06-23.43.31:786][206]Cmd: OBJ SAVEPACKAGE PACKAGE="/Game/FirstPersonBP/Blueprints/testMirror" FILE="../../../../../../College/CS188/Project1/Content/FirstPersonBP/Blueprints/testMirror.uasset" SILENT=true
[2015.06.06-23.43.32:361][206]LogSavePackage: Save=552.060181ms
[2015.06.06-23.43.32:361][206]LogSavePackage: Moving '../../../../../../College/CS188/Project1/Saved/testMirrorD9F296924EE5080E45125BB2794A46E9.tmp' to '../../../../../../College/CS188/Project1/Content/FirstPersonBP/Blueprints/testMirror.uasset'
[2015.06.06-23.43.33:920][277]BlueprintLog: New page: Pre-PIE auto-recompile
[2015.06.06-23.43.33:926][277]LogPlayLevel: [PIE] Compiling FirstPersonCharacter before PIE...
[2015.06.06-23.43.34:232][277]LogPlayLevel: [PIE] Compiling level_1 before PIE...
[2015.06.06-23.43.34:284][277]LogPlayLevel: [PIE] Compiling GlowCube before PIE...
[2015.06.06-23.43.34:424][277]LogPlayLevel: [PIE] Compiling testMirror before PIE...
[2015.06.06-23.43.34:612][277]LogParticles: Destroying 0 GPU particle simulations for FXSystem 0x00000003EFF63EC0
[2015.06.06-23.43.34:637][277]LogPlayLevel: PIE:  Blueprint regeneration took 717 ms (4 blueprints)
[2015.06.06-23.43.34:637][277]PIE: New page: PIE session: level_1 (Jun 6, 2015, 9:43:34 AM)
[2015.06.06-23.43.34:662][277]LogBlueprint:Warning: FMemberReference::ResolveMember (K2_SetActorLocation) bSelfContext == true, but no scope supplied!
[2015.06.06-23.43.34:662][277]LogBlueprint:Warning: FMemberReference::ResolveMember (K2_SetActorLocation) bSelfContext == true, but no scope supplied!
[2015.06.06-23.43.34:669][277]LogPlayLevel: PIE: StaticDuplicateObject took: (0.030910s)
[2015.06.06-23.43.34:669][277]LogPlayLevel: PIE: World Init took: (0.000595s)
[2015.06.06-23.43.34:670][277]LogPlayLevel: PIE: Created PIE world by copying editor world from /Game/Levels/level_1.level_1 to /Game/Levels/UEDPIE_0_level_1.level_1 (0.031713s)
[2015.06.06-23.43.34:706][277]LogWorld: Game class is 'FirstPersonGameMode_C'
[2015.06.06-23.43.34:712][277]LogWorld: PIE: Copying PIE streaming level from /Game/Levels/level_2.level_2 to /Game/Levels/UEDPIE_0_level_2.level_2. OwningWorld: /Game/Levels/UEDPIE_0_level_1.level_1
[2015.06.06-23.43.34:718][277]LogWorld: PIE: Copying PIE streaming level from /Game/Levels/level_3.level_3 to /Game/Levels/UEDPIE_0_level_3.level_3. OwningWorld: /Game/Levels/UEDPIE_0_level_1.level_1
[2015.06.06-23.43.34:722][277]LogAIModule: Creating AISystem for world level_1
[2015.06.06-23.43.34:733][277]LogWorld: Bringing World /Game/Levels/UEDPIE_0_level_1.level_1 up for play (max tick rate 60) at 2015.06.06-16.43.34
[2015.06.06-23.43.34:736][277]LogWorld: Bringing up level for play took: 0.013248
[2015.06.06-23.43.34:738][277]PIE: Info Play in editor start time for /Game/Levels/UEDPIE_0_level_1 0.472
[2015.06.06-23.43.53:537][780]LogActorComponent: UnregisterComponent: (/Engine/Transient.CharMoveComp) Not registered. Aborting.
[2015.06.06-23.43.53:619][781]LogParticles: Destroying 0 GPU particle simulations for FXSystem 0x00000003DD20B7E0
[2015.06.06-23.44.25:494][555]LogEditorViewport: Clicking on Actor (LMB): StaticMeshActor (CircusSplendido01)
[2015.06.06-23.44.43:909][546]Cmd: OBJ SAVEPACKAGE PACKAGE="/Game/Levels/level_1" FILE="../../../../../../College/CS188/Project1/Content/Levels/level_1.umap" SILENT=true AUTOSAVING=false KEEPDIRTY=false
[2015.06.06-23.44.44:168][546]LogSavePackage: Save=199.377686ms
[2015.06.06-23.44.44:168][546]LogSavePackage: Moving '../../../../../../College/CS188/Project1/Saved/level_17CE3A1C0440407F8AC4CE39193EE879E.tmp' to '../../../../../../College/CS188/Project1/Content/Levels/level_1.umap'
[2015.06.06-23.44.47:043][701]LogActorComponent: UnregisterComponent: (/Engine/Transient.ProjectileMovementComponent_40__A6522401) Not registered. Aborting.
[2015.06.06-23.44.47:043][701]LogActorComponent: UnregisterComponent: (/Engine/Transient.ProjectileMovementComponent_3) Not registered. Aborting.
[2015.06.06-23.44.47:043][701]LogActorComponent: UnregisterComponent: (/Engine/Transient.CharMoveComp) Not registered. Aborting.
[2015.06.06-23.44.47:747][702]Cmd: QUIT_EDITOR
[2015.06.06-23.44.47:953][702]LogExit: Preparing to exit.
[2015.06.06-23.44.48:527][702]LogExit: Editor shut down
[2015.06.06-23.44.48:528][702]LogExit: Transaction tracking system shut down
[2015.06.06-23.44.48:541][702]LogParticles: Destroying 0 GPU particle simulations for FXSystem 0x00000003F2B50A40
[2015.06.06-23.44.48:543][702]LogParticles: Destroying 0 GPU particle simulations for FXSystem 0x00000003833AC220
[2015.06.06-23.44.48:543][702]LogParticles: Destroying 0 GPU particle simulations for FXSystem 0x000000038515CD60
[2015.06.06-23.44.48:543][702]LogParticles: Destroying 0 GPU particle simulations for FXSystem 0x000000038531BEC0
[2015.06.06-23.44.48:543][702]LogParticles: Destroying 0 GPU particle simulations for FXSystem 0x000000038D99EE80
[2015.06.06-23.44.48:734][702]LogExit: Object subsystem successfully closed.
[2015.06.06-23.44.48:790][702]LogModuleManager: Shutting down and abandoning module CrashTracker (179)
[2015.06.06-23.44.48:790][702]LogModuleManager: Shutting down and abandoning module SuperSearch (178)
[2015.06.06-23.44.48:790][702]LogModuleManager: Shutting down and abandoning module WorldBrowser (177)
[2015.06.06-23.44.48:790][702]LogModuleManager: Shutting down and abandoning module SceneOutliner (176)
[2015.06.06-23.44.48:790][702]LogModuleManager: Shutting down and abandoning module EditorWidgets (175)
[2015.06.06-23.44.48:790][702]LogModuleManager: Shutting down and abandoning module CollectionManager (174)
[2015.06.06-23.44.48:790][702]LogModuleManager: Shutting down and abandoning module StatsViewer (173)
[2015.06.06-23.44.48:790][702]LogModuleManager: Shutting down and abandoning module FoliageEdit (172)
[2015.06.06-23.44.48:790][702]LogModuleManager: Shutting down and abandoning module LandscapeEditor (171)
[2015.06.06-23.44.48:790][702]LogModuleManager: Shutting down and abandoning module MeshPaint (170)
[2015.06.06-23.44.48:790][702]LogModuleManager: Shutting down and abandoning module ActorPickerMode (169)
[2015.06.06-23.44.48:790][702]LogModuleManager: Shutting down and abandoning module GeometryMode (168)
[2015.06.06-23.44.48:790][702]LogModuleManager: Shutting down and abandoning module TextureAlignMode (167)
[2015.06.06-23.44.48:790][702]LogModuleManager: Shutting down and abandoning module BspMode (166)
[2015.06.06-23.44.48:790][702]LogModuleManager: Shutting down and abandoning module PlacementMode (165)
[2015.06.06-23.44.48:790][702]LogModuleManager: Shutting down and abandoning module AutomationWorker (164)
[2015.06.06-23.44.48:790][702]LogModuleManager: Shutting down and abandoning module CharacterAI (163)
[2015.06.06-23.44.48:790][702]LogModuleManager: Shutting down and abandoning module SmartSnapping (162)
[2015.06.06-23.44.48:790][702]LogModuleManager: Shutting down and abandoning module ViewportSnapping (161)
[2015.06.06-23.44.48:790][702]LogModuleManager: Shutting down and abandoning module LogVisualizer (160)
[2015.06.06-23.44.48:791][702]LogModuleManager: Shutting down and abandoning module GameProjectGeneration (159)
[2015.06.06-23.44.48:791][702]LogModuleManager: Shutting down and abandoning module IntroTutorials (158)
[2015.06.06-23.44.48:791][702]LogModuleManager: Shutting down and abandoning module EditorLiveStreaming (157)
[2015.06.06-23.44.48:791][702]LogModuleManager: Shutting down and abandoning module HardwareTargeting (156)
[2015.06.06-23.44.48:791][702]LogModuleManager: Shutting down and abandoning module DeviceProfileEditor (155)
[2015.06.06-23.44.48:791][702]LogModuleManager: Shutting down and abandoning module UndoHistory (154)
[2015.06.06-23.44.48:791][702]LogModuleManager: Shutting down and abandoning module GameplayTagsEditor (153)
[2015.06.06-23.44.48:791][702]LogModuleManager: Shutting down and abandoning module UserFeedback (152)
[2015.06.06-23.44.48:791][702]LogModuleManager: Shutting down and abandoning module XmlParser (151)
[2015.06.06-23.44.48:791][702]LogModuleManager: Shutting down and abandoning module Blutility (150)
[2015.06.06-23.44.48:791][702]LogModuleManager: Shutting down and abandoning module IOSPlatformEditor (149)
[2015.06.06-23.44.48:791][702]LogModuleManager: Shutting down and abandoning module IOSRuntimeSettings (148)
[2015.06.06-23.44.48:791][702]LogModuleManager: Shutting down and abandoning module AndroidDeviceDetection (147)
[2015.06.06-23.44.49:456][702]LogModuleManager: Shutting down and abandoning module AndroidPlatformEditor (146)
[2015.06.06-23.44.49:456][702]LogModuleManager: Shutting down and abandoning module AndroidRuntimeSettings (145)
[2015.06.06-23.44.49:456][702]LogModuleManager: Shutting down and abandoning module ProjectTargetPlatformEditor (144)
[2015.06.06-23.44.49:456][702]LogModuleManager: Shutting down and abandoning module ProjectSettingsViewer (143)
[2015.06.06-23.44.49:456][702]LogModuleManager: Shutting down and abandoning module InputBindingEditor (142)
[2015.06.06-23.44.49:456][702]LogModuleManager: Shutting down and abandoning module EditorSettingsViewer (141)
[2015.06.06-23.44.49:456][702]LogModuleManager: Shutting down and abandoning module SettingsEditor (140)
[2015.06.06-23.44.49:456][702]LogModuleManager: Shutting down and abandoning module ProjectLauncher (139)
[2015.06.06-23.44.49:456][702]LogModuleManager: Shutting down and abandoning module SessionFrontend (138)
[2015.06.06-23.44.49:456][702]LogModuleManager: Shutting down and abandoning module ProfilerClient (137)
[2015.06.06-23.44.49:456][702]LogModuleManager: Shutting down and abandoning module TargetDeviceServices (136)
[2015.06.06-23.44.49:456][702]LogModuleManager: Shutting down and abandoning module DeviceManager (135)
[2015.06.06-23.44.49:456][702]LogModuleManager: Shutting down and abandoning module AutomationController (134)
[2015.06.06-23.44.49:457][702]LogModuleManager: Shutting down and abandoning module AutomationWindow (133)
[2015.06.06-23.44.49:457][702]LogModuleManager: Shutting down and abandoning module Layers (132)
[2015.06.06-23.44.49:457][702]LogModuleManager: Shutting down and abandoning module ComponentVisualizers (131)
[2015.06.06-23.44.49:457][702]LogModuleManager: Shutting down and abandoning module DetailCustomizations (130)
[2015.06.06-23.44.49:457][702]LogModuleManager: Shutting down and abandoning module PackagesDialog (129)
[2015.06.06-23.44.49:457][702]LogModuleManager: Shutting down and abandoning module AssetRegistry (128)
[2015.06.06-23.44.49:574][702]LogModuleManager: Shutting down and abandoning module Persona (127)
[2015.06.06-23.44.49:574][702]LogModuleManager: Shutting down and abandoning module SlateReflector (126)
[2015.06.06-23.44.49:574][702]LogModuleManager: Shutting down and abandoning module LevelEditor (125)
[2015.06.06-23.44.49:576][702]LogModuleManager: Shutting down and abandoning module Kismet (124)
[2015.06.06-23.44.49:576][702]LogModuleManager: Shutting down and abandoning module GraphEditor (123)
[2015.06.06-23.44.49:576][702]LogModuleManager: Shutting down and abandoning module ClassViewer (122)
[2015.06.06-23.44.49:576][702]LogModuleManager: Shutting down and abandoning module Toolbox (121)
[2015.06.06-23.44.49:576][702]LogModuleManager: Shutting down and abandoning module ModuleUI (120)
[2015.06.06-23.44.49:576][702]LogModuleManager: Shutting down and abandoning module MovieSceneTools (119)
[2015.06.06-23.44.49:576][702]LogModuleManager: Shutting down and abandoning module OutputLog (118)
[2015.06.06-23.44.49:576][702]LogModuleManager: Shutting down and abandoning module GammaUI (117)
[2015.06.06-23.44.49:577][702]LogModuleManager: Shutting down and abandoning module Documentation (116)
[2015.06.06-23.44.49:577][702]LogModuleManager: Shutting down and abandoning module GameLiveStreaming (115)
[2015.06.06-23.44.49:577][702]LogModuleManager: Shutting down and abandoning module StreamingPauseRendering (114)
[2015.06.06-23.44.49:577][702]LogModuleManager: Shutting down and abandoning module HTTP (113)
[2015.06.06-23.44.49:577][702]LogModuleManager: Shutting down and abandoning module AnalyticsET (112)
[2015.06.06-23.44.49:577][702]LogModuleManager: Shutting down and abandoning module Analytics (111)
[2015.06.06-23.44.49:577][702]LogModuleManager: Shutting down and abandoning module AITestSuite (110)
[2015.06.06-23.44.49:577][702]LogModuleManager: Shutting down and abandoning module GameplayDebugger (109)
[2015.06.06-23.44.49:577][702]LogModuleManager: Shutting down and abandoning module AIModule (108)
[2015.06.06-23.44.49:577][702]LogModuleManager: Shutting down and abandoning module ProfilerService (107)
[2015.06.06-23.44.49:706][702]LogModuleManager: Shutting down and abandoning module TaskGraph (106)
[2015.06.06-23.44.49:706][702]LogModuleManager: Shutting down and abandoning module SlateRemote (105)
[2015.06.06-23.44.49:706][702]LogModuleManager: Shutting down and abandoning module ScriptEditorPlugin (104)
[2015.06.06-23.44.49:706][702]LogModuleManager: Shutting down and abandoning module CustomMeshComponent (103)
[2015.06.06-23.44.49:706][702]LogModuleManager: Shutting down and abandoning module CableComponent (102)
[2015.06.06-23.44.49:706][702]LogModuleManager: Shutting down and abandoning module MessagingDebugger (101)
[2015.06.06-23.44.49:706][702]LogModuleManager: Shutting down and abandoning module MediaPlayerEditor (100)
[2015.06.06-23.44.49:706][702]LogModuleManager: Shutting down and abandoning module SpeedTreeImporter (99)
[2015.06.06-23.44.49:706][702]LogModuleManager: Shutting down and abandoning module PluginsEditor (98)
[2015.06.06-23.44.49:706][702]LogModuleManager: Shutting down and abandoning module MainFrame (97)
[2015.06.06-23.44.49:706][702]LogModuleManager: Shutting down and abandoning module EpicSurvey (96)
[2015.06.06-23.44.49:706][702]LogModuleManager: Shutting down and abandoning module DesktopPlatform (95)
[2015.06.06-23.44.49:706][702]LogModuleManager: Shutting down and abandoning module DirectoryWatcher (94)
[2015.06.06-23.44.49:706][702]LogModuleManager: Shutting down and abandoning module HotReload (93)
[2015.06.06-23.44.49:707][702]LogModuleManager: Shutting down and abandoning module VisualStudioSourceCodeAccess (92)
[2015.06.06-23.44.49:707][702]LogModuleManager: Shutting down and abandoning module UObjectPlugin (91)
[2015.06.06-23.44.49:707][702]LogModuleManager: Shutting down and abandoning module SubversionSourceControl (90)
[2015.06.06-23.44.49:707][702]LogModuleManager: Shutting down and abandoning module PerforceSourceControl (89)
[2015.06.06-23.44.49:707][702]LogModuleManager: Shutting down and abandoning module SourceControl (88)
[2015.06.06-23.44.49:707][702]LogModuleManager: Shutting down and abandoning module GitSourceControl (87)
[2015.06.06-23.44.49:707][702]LogModuleManager: Shutting down and abandoning module BlankPlugin (86)
[2015.06.06-23.44.49:707][702]LogModuleManager: Shutting down and abandoning module PaperTiledImporter (85)
[2015.06.06-23.44.49:707][702]LogModuleManager: Shutting down and abandoning module PaperJsonImporter (84)
[2015.06.06-23.44.49:707][702]LogModuleManager: Shutting down and abandoning module ContentBrowser (83)
[2015.06.06-23.44.49:708][702]LogModuleManager: Shutting down and abandoning module Paper2DEditor (82)
[2015.06.06-23.44.49:708][702]LogModuleManager: Shutting down and abandoning module ScriptPlugin (81)
[2015.06.06-23.44.49:708][702]LogModuleManager: Shutting down and abandoning module UdpMessaging (80)
[2015.06.06-23.44.49:808][702]LogModuleManager: Shutting down and abandoning module Paper2D (79)
[2015.06.06-23.44.49:808][702]LogModuleManager: Shutting down and abandoning module WindowsMoviePlayer (78)
[2015.06.06-23.44.49:813][702]LogModuleManager: Shutting down and abandoning module Media (77)
[2015.06.06-23.44.49:813][702]LogModuleManager: Shutting down and abandoning module WmfMedia (76)
[2015.06.06-23.44.49:813][702]LogModuleManager: Shutting down and abandoning module OnlineBlueprintSupport (75)
[2015.06.06-23.44.49:813][702]LogModuleManager: Shutting down and abandoning module EnvironmentQueryEditor (74)
[2015.06.06-23.44.49:813][702]LogModuleManager: Shutting down and abandoning module PropertyEditor (73)
[2015.06.06-23.44.49:813][702]LogModuleManager: Shutting down and abandoning module BehaviorTreeEditor (72)
[2015.06.06-23.44.49:813][702]LogModuleManager: Shutting down and abandoning module FunctionalTesting (71)
[2015.06.06-23.44.49:813][702]LogModuleManager: Shutting down and abandoning module CollisionAnalyzer (70)
[2015.06.06-23.44.49:813][702]LogModuleManager: Shutting down and abandoning module WorkspaceMenuStructure (69)
[2015.06.06-23.44.49:814][702]LogModuleManager: Shutting down and abandoning module MessageLog (68)
[2015.06.06-23.44.49:814][702]LogModuleManager: Shutting down and abandoning module Sequencer (67)
[2015.06.06-23.44.49:814][702]LogModuleManager: Shutting down and abandoning module AssetTools (66)
[2015.06.06-23.44.49:814][702]LogModuleManager: Shutting down and abandoning module UMGEditor (65)
[2015.06.06-23.44.49:814][702]LogModuleManager: Shutting down and abandoning module UMG (64)
[2015.06.06-23.44.49:814][702]LogModuleManager: Shutting down and abandoning module Slate (63)
[2015.06.06-23.44.49:814][702]LogModuleManager: Shutting down and abandoning module EditorStyle (62)
[2015.06.06-23.44.49:818][702]LogModuleManager: Shutting down and abandoning module SessionServices (61)
[2015.06.06-23.44.49:818][702]LogModuleManager: Shutting down and abandoning module SourceCodeAccess (60)
[2015.06.06-23.44.49:818][702]LogModuleManager: Shutting down and abandoning module HeadMountedDisplay (59)
[2015.06.06-23.44.49:818][702]LogModuleManager: Shutting down and abandoning module XAudio2 (58)
[2015.06.06-23.44.49:818][702]LogModuleManager: Shutting down and abandoning module Networking (56)
[2015.06.06-23.44.49:818][702]LogModuleManager: Shutting down and abandoning module Core (55)
[2015.06.06-23.44.49:818][702]LogModuleManager: Shutting down and abandoning module KismetCompiler (54)
[2015.06.06-23.44.49:818][702]LogModuleManager: Shutting down and abandoning module PhysXFormats (53)
[2015.06.06-23.44.49:818][702]LogModuleManager: Shutting down and abandoning module MeshUtilities (52)
[2015.06.06-23.44.49:818][702]LogModuleManager: Shutting down and abandoning module DerivedDataCache (51)
[2015.06.06-23.44.49:822][702]LogDerivedDataCache: Shutdown
[2015.06.06-23.44.49:822][702]LogModuleManager: Shutting down and abandoning module ShaderFormatOpenGL (50)
[2015.06.06-23.44.49:822][702]LogModuleManager: Shutting down and abandoning module ShaderFormatD3D (49)
[2015.06.06-23.44.49:822][702]LogModuleManager: Shutting down and abandoning module MetalShaderFormat (48)
[2015.06.06-23.44.49:822][702]LogModuleManager: Shutting down and abandoning module TextureFormatUncompressed (47)
[2015.06.06-23.44.49:822][702]LogModuleManager: Shutting down and abandoning module TextureFormatPVR (46)
[2015.06.06-23.44.49:822][702]LogModuleManager: Shutting down and abandoning module TextureFormatIntelISPCTexComp (45)
[2015.06.06-23.44.49:822][702]LogModuleManager: Shutting down and abandoning module TextureFormatDXT (44)
[2015.06.06-23.44.49:822][702]LogModuleManager: Shutting down and abandoning module ImageWrapper (43)
[2015.06.06-23.44.49:822][702]LogModuleManager: Shutting down and abandoning module TextureFormatASTC (42)
[2015.06.06-23.44.49:822][702]LogModuleManager: Shutting down and abandoning module TextureFormatAndroid (41)
[2015.06.06-23.44.49:822][702]LogModuleManager: Shutting down and abandoning module AudioFormatOpus (40)
[2015.06.06-23.44.49:822][702]LogModuleManager: Shutting down and abandoning module AudioFormatOgg (39)
[2015.06.06-23.44.49:822][702]LogModuleManager: Shutting down and abandoning module AudioFormatADPCM (38)
[2015.06.06-23.44.49:822][702]LogModuleManager: Shutting down and abandoning module LinuxTargetPlatform (37)
[2015.06.06-23.44.49:822][702]LogModuleManager: Shutting down and abandoning module LinuxServerTargetPlatform (36)
[2015.06.06-23.44.49:822][702]LogModuleManager: Shutting down and abandoning module LinuxNoEditorTargetPlatform (35)
[2015.06.06-23.44.49:822][702]LogModuleManager: Shutting down and abandoning module Messaging (34)
[2015.06.06-23.44.49:822][702]LogModuleManager: Shutting down and abandoning module IOSTargetPlatform (33)
[2015.06.06-23.44.49:822][702]LogModuleManager: Shutting down and abandoning module HTML5TargetPlatform (32)
[2015.06.06-23.44.49:822][702]LogModuleManager: Shutting down and abandoning module Android_PVRTCTargetPlatform (31)
[2015.06.06-23.44.49:822][702]LogModuleManager: Shutting down and abandoning module Android_ETC2TargetPlatform (30)
[2015.06.06-23.44.49:822][702]LogModuleManager: Shutting down and abandoning module Android_ETC1TargetPlatform (29)
[2015.06.06-23.44.49:822][702]LogModuleManager: Shutting down and abandoning module Android_ES31TargetPlatform (28)
[2015.06.06-23.44.49:822][702]LogModuleManager: Shutting down and abandoning module Android_DXTTargetPlatform (27)
[2015.06.06-23.44.49:822][702]LogModuleManager: Shutting down and abandoning module Android_ATCTargetPlatform (26)
[2015.06.06-23.44.49:822][702]LogModuleManager: Shutting down and abandoning module AndroidTargetPlatform (25)
[2015.06.06-23.44.49:822][702]LogModuleManager: Shutting down and abandoning module WindowsTargetPlatform (24)
[2015.06.06-23.44.49:822][702]LogModuleManager: Shutting down and abandoning module WindowsServerTargetPlatform (23)
[2015.06.06-23.44.49:822][702]LogModuleManager: Shutting down and abandoning module WindowsNoEditorTargetPlatform (22)
[2015.06.06-23.44.49:822][702]LogModuleManager: Shutting down and abandoning module WindowsClientTargetPlatform (21)
[2015.06.06-23.44.49:822][702]LogModuleManager: Shutting down and abandoning module TargetPlatform (20)
[2015.06.06-23.44.49:822][702]LogModuleManager: Shutting down and abandoning module InputCore (19)
[2015.06.06-23.44.49:822][702]LogModuleManager: Shutting down and abandoning module Settings (18)
[2015.06.06-23.44.49:822][702]LogModuleManager: Shutting down and abandoning module OnlineSubsystem (16)
[2015.06.06-23.44.49:822][702]LogModuleManager: Shutting down and abandoning module OculusRift (15)
[2015.06.06-23.44.49:822][702]LogModuleManager: Shutting down and abandoning module ExampleDeviceProfileSelector (14)
[2015.06.06-23.44.49:822][702]LogModuleManager: Shutting down and abandoning module TextureCompressor (13)
[2015.06.06-23.44.49:822][702]LogModuleManager: Shutting down and abandoning module ShaderCore (12)
[2015.06.06-23.44.49:823][702]LogModuleManager: Shutting down and abandoning module Landscape (11)
[2015.06.06-23.44.49:823][702]LogModuleManager: Shutting down and abandoning module SlateRHIRenderer (10)
[2015.06.06-23.44.49:825][702]LogModuleManager: Shutting down and abandoning module OpenGLDrv (9)
[2015.06.06-23.44.49:825][702]LogModuleManager: Shutting down and abandoning module D3D11RHI (8)
[2015.06.06-23.44.49:826][702]LogModuleManager: Shutting down and abandoning module Renderer (7)
[2015.06.06-23.44.49:826][702]LogModuleManager: Shutting down and abandoning module Engine (6)
[2015.06.06-23.44.49:826][702]LogModuleManager: Shutting down and abandoning module CoreUObject (5)
[2015.06.06-23.44.49:826][702]LogModuleManager: Shutting down and abandoning module NetworkFile (4)
[2015.06.06-23.44.49:826][702]LogModuleManager: Shutting down and abandoning module StreamingFile (3)
[2015.06.06-23.44.49:826][702]LogModuleManager: Shutting down and abandoning module SandboxFile (2)
[2015.06.06-23.44.49:826][702]LogModuleManager: Shutting down and abandoning module PakFile (1)
[2015.06.06-23.44.49:826][702]LogExit: Exiting.
[2015.06.06-23.44.49:906][702]Log file closed, 06/06/15 16:44:49
