Log file open, 06/06/15 16:36:33
LogInit:Display: Running engine for game: Wk3
LogInit: Version: 4.7.6-2513093+++depot+UE4-Releases+4.7
LogInit: API Version: 2455222
LogInit: Compiled (64-bit): Apr 15 2015 12:09:54
LogInit: Compiled with Visual C++: 18.00.21005.01
LogInit: Build Configuration: Development
LogInit: Branch Name: ++depot+UE4-Releases+4.7
LogInit: Command line:  
LogInit: Base directory: D:/Program Files/Epic Games/4.7/Engine/Binaries/Win64/
LogInit: Rocket: 1
[2015.06.06-23.36.33:328][  0]LogTaskGraph: Started task graph with 3 named threads and 6 total threads.
[2015.06.06-23.36.33:384][  0]LogOnline:Warning: No default platform service specified for OnlineSubsystem
[2015.06.06-23.36.33:430][  0]LogInit: Presizing for 0 objects not considered by GC, pre-allocating 0 bytes.
[2015.06.06-23.36.33:442][  0]LogInit: Object subsystem initialized
[2015.06.06-23.36.33:445][  0]LogConsoleResponse:Warning: Skipping Unknown console variable: 'TranslucentSortAxis = (X=0.000000,Y=-1.000000,Z=0.000000)'
[2015.06.06-23.36.33:445][  0]LogConsoleResponse:Warning:   Found in ini file 'D:/College/CS188/Project1/Saved/Config/Windows/Engine.ini', in section '[/Script/Engine.RendererSettings]'
[2015.06.06-23.36.33:445][  0]LogConsoleResponse:Warning: Skipping Unknown console variable: 'UIScaleRule = ShortestSide'
[2015.06.06-23.36.33:445][  0]LogConsoleResponse:Warning:   Found in ini file 'D:/College/CS188/Project1/Saved/Config/Windows/Engine.ini', in section '[/Script/Engine.RendererSettings]'
[2015.06.06-23.36.33:445][  0]LogConsoleResponse:Warning: Skipping Unknown console variable: 'UIScaleCurve = (EditorCurveData=(Keys=),ExternalCurve=None)'
[2015.06.06-23.36.33:445][  0]LogConsoleResponse:Warning:   Found in ini file 'D:/College/CS188/Project1/Saved/Config/Windows/Engine.ini', in section '[/Script/Engine.RendererSettings]'
[2015.06.06-23.36.33:446][  0]LogInit: Selected Device Profile: [Windows]
[2015.06.06-23.36.33:446][  0]LogInit: Applying CVar settings loaded from the selected device profile: [Windows]
[2015.06.06-23.36.33:460][  0]LogInit: Computer: ICUESP170SMA
[2015.06.06-23.36.33:460][  0]LogInit: User: Icue
[2015.06.06-23.36.33:460][  0]LogInit: CPU Page size=4096, Cores=4
[2015.06.06-23.36.33:460][  0]LogInit: High frequency timer resolution =2.435769 MHz
[2015.06.06-23.36.33:461][  0]LogMemory: Memory total: Physical=7.9GB (8GB approx) Virtual=131072.0GB
[2015.06.06-23.36.33:461][  0]LogMemory: Platform Memory Stats for Windows
[2015.06.06-23.36.33:461][  0]LogMemory: Process Physical Memory: 50.16 MB used, 50.16 MB peak
[2015.06.06-23.36.33:461][  0]LogMemory: Process Virtual Memory: 30.96 MB used, 30.96 MB peak
[2015.06.06-23.36.33:461][  0]LogMemory: Physical Memory: 4259.97 MB used, 8108.23 MB total
[2015.06.06-23.36.33:461][  0]LogMemory: Virtual Memory: 295.91 MB used, 134217728.00 MB total
[2015.06.06-23.36.33:501][  0]LogD3D11RHI: Found D3D11 adapter 0: NVIDIA GeForce GTX 970M          (Feature Level 11_0)
[2015.06.06-23.36.33:501][  0]LogD3D11RHI: Adapter has 6035MB of dedicated video memory, 0MB of dedicated system memory, and 4054MB of shared system memory, 1 output[s]
[2015.06.06-23.36.33:509][  0]LogD3D11RHI: Found D3D11 adapter 1: Intel(R) HD Graphics 4600 (Feature Level 11_0)
[2015.06.06-23.36.33:509][  0]LogD3D11RHI: Adapter has 0MB of dedicated video memory, 0MB of dedicated system memory, and 1792MB of shared system memory, 0 output[s]
[2015.06.06-23.36.33:510][  0]LogD3D11RHI: Found D3D11 adapter 2: Microsoft Basic Render Driver (Feature Level 11_0)
[2015.06.06-23.36.33:510][  0]LogD3D11RHI: Adapter has 0MB of dedicated video memory, 0MB of dedicated system memory, and 256MB of shared system memory, 0 output[s]
[2015.06.06-23.36.33:510][  0]LogD3D11RHI: Chosen D3D11 Adapter Id = 0
[2015.06.06-23.36.33:517][  0]LogRHI: Texture pool is 1361 MB (70% of 1945 MB)
[2015.06.06-23.36.33:531][  0]LogD3D11RHI: Async texture creation enabled
[2015.06.06-23.36.33:856][  0]LogTextLocalizationManager: The requested culture ('en') has no localization data; parent culture's ('zh_CN') localization data will be used.
[2015.06.06-23.36.33:975][  0]LogTextLocalizationManager:Warning: Loading localization resources contain conflicting entries for (Namespace:UICommands, Key:Save_ToolTip):
Resource: (D:/Program Files/Epic Games/4.7/Engine/Content/Localization/Editor/en/Editor.locres) Hash: (-29098895) String: (Saves the current level to disk)
Resource: (D:/Program Files/Epic Games/4.7/Engine/Content/Localization/Engine/en/Engine.locres) Hash: (-1280300587) String: (Save selected data to vlog file)
[2015.06.06-23.36.33:975][  0]LogTextLocalizationManager:Warning: Loading localization resources contain conflicting entries for (Namespace:ContentBrowser, Key:ImportAssetToolTip):
Resource: (D:/Program Files/Epic Games/4.7/Engine/Content/Localization/Editor/en/Editor.locres) Hash: (-630476809) String: (Import to {0}...)
Resource: (D:/Program Files/Epic Games/4.7/Engine/Content/Localization/Editor/en/Editor.locres) Hash: (1271782899) String: (Imports an asset from file to this folder.)
[2015.06.06-23.36.34:080][  0]LogContentStreaming: Texture pool size is 0.000000MB
[2015.06.06-23.36.37:622][  0]LogTargetPlatformManager:Display: Building Assets For Windows
[2015.06.06-23.36.38:789][  0]LogTargetPlatformManager:Display: Building Assets For Windows
[2015.06.06-23.36.38:879][  0]LogDerivedDataCache:Display: Max Cache Size: 512 MB
[2015.06.06-23.36.38:943][  0]LogDerivedDataCache: Loaded boot cache 0.06s 39MB C:/Users/Icue/AppData/Local/UnrealEngine/4.7/DerivedDataCache/Boot.ddc.
[2015.06.06-23.36.38:943][  0]LogDerivedDataCache:Display: Loaded Boot cache: C:/Users/Icue/AppData/Local/UnrealEngine/4.7/DerivedDataCache/Boot.ddc
[2015.06.06-23.36.38:943][  0]LogDerivedDataCache: FDerivedDataBackendGraph:  Pak pak cache file ../../../../../../College/CS188/Project1/DerivedDataCache/DDC.ddp not found, will not use a pak cache.
[2015.06.06-23.36.38:943][  0]LogDerivedDataCache: Unable to find inner node Pak for hierarchical cache Hierarchy.
[2015.06.06-23.36.39:099][  0]LogDerivedDataCache:Display: Pak cache opened for reading ../../../Engine/DerivedDataCache/Compressed.ddp.
[2015.06.06-23.36.39:111][  0]LogDerivedDataCache: Using Local data cache path C:/Users/Icue/AppData/Local/UnrealEngine/Common/DerivedDataCache: Writable
[2015.06.06-23.36.41:376][  0]LogMeshUtilities: No automatic mesh reduction module available
[2015.06.06-23.36.41:376][  0]LogMeshUtilities: No automatic mesh merging module available
[2015.06.06-23.36.41:916][  0]LogInit: WinSock: version 1.1 (2.2), MaxSocks=32767, MaxUdp=65467
[2015.06.06-23.36.41:985][  0]LogSlate:Warning: Failed to load font data from '../../../Engine/Content/Slate/Fonts/Roboto-Italic.ttf'
[2015.06.06-23.36.43:318][  0]UdpMessaging: Initializing bridge on interface 0.0.0.0:0 to multicast group 230.0.0.1:6666.
[2015.06.06-23.36.43:474][  0]SourceControl: Info Source control is disabled
[2015.06.06-23.36.43:475][  0]SourceControl: Info Source control is disabled
[2015.06.06-23.36.43:475][  0]SourceControl: Info Source control is disabled
[2015.06.06-23.36.43:475][  0]LogSourceControl: RunCommandInternalRaw: 'git version'
[2015.06.06-23.36.43:475][  0]LogSourceControl: RunCommandInternalRaw: ExecProcess ReturnCode=2 OutResults=''
[2015.06.06-23.36.43:480][  0]SourceControl: Info Source control is disabled
[2015.06.06-23.36.43:639][  0]LogObj: 24262 objects as part of root set at end of initial load.
[2015.06.06-23.36.43:639][  0]LogUObjectAllocator: 5143896 out of 0 bytes used by permanent object pool.
[2015.06.06-23.36.43:726][  0]LogEngine: Initializing Engine...
[2015.06.06-23.36.46:050][  0]LogInit: XAudio2 using 'Speakers (High Definition Audio Device)' : 2 channels at 44.1 kHz using 16 bits per sample (channel mask 0x3)
[2015.06.06-23.36.46:080][  0]LogInit: FAudioDevice initialized.
[2015.06.06-23.36.46:119][  0]LogAIModule: Creating AISystem for world NewWorld
[2015.06.06-23.36.46:148][  0]LogDerivedDataCache: Saved boot cache 0.03s 39MB C:/Users/Icue/AppData/Local/UnrealEngine/4.7/DerivedDataCache/Boot.ddc.
[2015.06.06-23.36.46:158][  0]LogInit: Texture streaming: Enabled
[2015.06.06-23.36.46:341][  0]LogAnalytics: Creating configured Analytics provider AnalyticsET
[2015.06.06-23.36.46:341][  0]LogAnalytics: ET APIKey = Rocket.Release. APIServer = http://et2.epicgames.com/ET2/. AppVersion = 4.7.6-2513093+++depot+UE4-Releases+4.7
[2015.06.06-23.36.46:341][  0]LogAnalytics: ET APIKey = Rocket.Release. DataRouterUploadURL = https://datarouter-public-service-gamedev.ol.epicgames.net/datarouter/api/v1/public/data. AppVersion = 4.7.6-2513093+++depot+UE4-Releases+4.7
[2015.06.06-23.36.46:341][  0]LogAnalytics: SetUserId 1fc9679047d854207604e785063d47a0|01085c442c624900b9abb1f7ef3d69ab|51387463-d617-43aa-9761-e06f88098d68
[2015.06.06-23.36.46:341][  0]LogAnalytics: AnalyticsET::StartSession [Rocket.Release]
[2015.06.06-23.36.46:381][  0]LogInit: Transaction tracking system initialized
[2015.06.06-23.36.46:557][  0]BlueprintLog: New page: Editor Load
[2015.06.06-23.36.46:592][  0]LogAssetRegistry: FAssetRegistry took 0.0112 seconds to start up
[2015.06.06-23.36.46:593][  0]LogDirectoryWatcher:Warning: Failed to begin reading directory changes for ../../../Engine/Plugins/Experimental/CharacterAI/Content/. Error: 0
[2015.06.06-23.36.47:381][  0]LogTargetPlatformManager:Display: Building Assets For Windows
[2015.06.06-23.36.47:944][  0]LogTargetPlatformManager:Display: Building Assets For Windows
[2015.06.06-23.36.48:200][  0]LogSlate:Warning: Failed to load font data from '../../../Engine/Content/Editor/Slate/Fonts/Roboto-Regular.ttf'
[2015.06.06-23.36.48:201][  0]LogSlate:Warning: Failed to load font data from '../../../Engine/Content/Editor/Slate/Fonts/Roboto-Bold.ttf'
[2015.06.06-23.36.48:208][  0]LogConsoleResponse:Display: 
[2015.06.06-23.36.48:481][  0]LogCook:Display: Done creating registry. It took  0.00s.
[2015.06.06-23.36.48:636][  0]SourceControl: Info Source control is disabled
[2015.06.06-23.36.48:637][  0]Cmd: MAP LOAD FILE="../../../../../../College/CS188/Project1/Content/Levels/level_1.umap" TEMPLATE=0 SHOWPROGRESS=1 FEATURELEVEL=3
[2015.06.06-23.36.48:645][  0]LightingResults: New page: Lighting Build
[2015.06.06-23.36.48:655][  0]MapCheck: New page: Map Check
[2015.06.06-23.36.48:655][  0]LightingResults: New page: Lighting Build
[2015.06.06-23.36.48:666][  0]LogParticles: Destroying 0 GPU particle simulations for FXSystem 0x000000860C1A2520
[2015.06.06-23.36.50:517][  0]LogBlueprint:Warning: [compiler] Warning InputAction Event references unknown Action 'Sprint' for  InputAction Sprint 
[2015.06.06-23.36.50:558][  0]LogBlueprint:Warning: [compiler] Warning [0019.55] Compile of ExplorationCharacter successful, but with 1 Warning(s) [in 137 ms]
[2015.06.06-23.36.50:558][  0]LogBlueprint:Warning: [compiler] Warning [0019.55] Compile of ExplorationCharacter successful, but with 2 Warning(s) [in 0 ms]
[2015.06.06-23.36.50:558][  0]LogBlueprint:Warning: [compiler] Warning [0019.55] Compile of ExplorationCharacter successful, but with 3 Warning(s) [in 0 ms]
[2015.06.06-23.36.50:558][  0]LogBlueprint:Warning: [compiler] Warning [0019.55] Compile of ExplorationCharacter successful, but with 4 Warning(s) [in 0 ms]
[2015.06.06-23.36.51:929][  0]LogBlueprint:Warning: [compiler] Warning InputAction Event references unknown Action 'Interact' for  InputAction Interact 
[2015.06.06-23.36.51:933][  0]LogBlueprint:Warning: [compiler] Warning Function ' Get Player Controller ' is unsafe to call in a construction script.
[2015.06.06-23.36.52:110][  0]LogBlueprint:Warning: [compiler] Warning [0021.10] Compile of ContextMenu successful, but with 2 Warning(s) [in 476 ms]
[2015.06.06-23.36.52:111][  0]LogBlueprint:Warning: [compiler] Warning [0021.10] Compile of ContextMenu successful, but with 3 Warning(s) [in 0 ms]
[2015.06.06-23.36.52:111][  0]LogBlueprint:Warning: [compiler] Warning [0021.10] Compile of ContextMenu successful, but with 4 Warning(s) [in 0 ms]
[2015.06.06-23.36.52:111][  0]LogBlueprint:Warning: [compiler] Warning [0021.10] Compile of ContextMenu successful, but with 5 Warning(s) [in 0 ms]
[2015.06.06-23.36.53:375][  0]LogBlueprint:Warning: [compiler] Warning InputAction Event references unknown Action 'ResetHMD' for  InputAction ResetHMD 
[2015.06.06-23.36.53:376][  0]LogBlueprint:Warning: [compiler] Warning InputAction Event references unknown Action 'OpenMenu' for  InputAction OpenMenu 
[2015.06.06-23.36.53:490][  0]LogBlueprint:Warning: [compiler] Warning [0022.48] Compile of VRPlayerController successful, but with 2 Warning(s) [in 325 ms]
[2015.06.06-23.36.53:492][  0]LogBlueprint:Warning: [compiler] Warning [0022.48] Compile of VRPlayerController successful, but with 3 Warning(s) [in 1 ms]
[2015.06.06-23.36.53:492][  0]LogBlueprint:Warning: [compiler] Warning [0022.48] Compile of VRPlayerController successful, but with 4 Warning(s) [in 0 ms]
[2015.06.06-23.36.53:492][  0]LogBlueprint:Warning: [compiler] Warning [0022.48] Compile of VRPlayerController successful, but with 5 Warning(s) [in 0 ms]
[2015.06.06-23.36.54:007][  0]LogBlueprint:Warning: [compiler] Warning InputAction Event references unknown Action 'ResetHMD' for  InputAction ResetHMD 
[2015.06.06-23.36.54:008][  0]LogBlueprint:Warning: [compiler] Warning InputAction Event references unknown Action 'OpenMenu' for  InputAction OpenMenu 
[2015.06.06-23.36.54:152][  0]LogBlueprint:Warning: [compiler] Warning [0023.14] Compile of VRPlayerController successful, but with 2 Warning(s) [in 359 ms]
[2015.06.06-23.36.54:153][  0]LogBlueprint:Warning: [compiler] Warning [0023.14] Compile of VRPlayerController successful, but with 3 Warning(s) [in 0 ms]
[2015.06.06-23.36.54:534][  0]LogBlueprint:Warning: [compiler] Warning InputAction Event references unknown Action 'Interact' for  InputAction Interact 
[2015.06.06-23.36.54:538][  0]LogBlueprint:Warning: [compiler] Warning Function ' Get Player Controller ' is unsafe to call in a construction script.
[2015.06.06-23.36.54:746][  0]LogBlueprint:Warning: [compiler] Warning [0023.74] Compile of ContextMenu successful, but with 2 Warning(s) [in 507 ms]
[2015.06.06-23.36.54:747][  0]LogBlueprint:Warning: [compiler] Warning [0023.74] Compile of ContextMenu successful, but with 3 Warning(s) [in 0 ms]
[2015.06.06-23.36.54:852][  0]LogBlueprint:Warning: [compiler] Warning InputAction Event references unknown Action 'Sprint' for  InputAction Sprint 
[2015.06.06-23.36.54:897][  0]LogBlueprint:Warning: [compiler] Warning [0023.89] Compile of ExplorationCharacter successful, but with 1 Warning(s) [in 144 ms]
[2015.06.06-23.36.54:897][  0]LogBlueprint:Warning: [compiler] Warning [0023.89] Compile of ExplorationCharacter successful, but with 2 Warning(s) [in 0 ms]
[2015.06.06-23.36.58:321][  0]LogK2Compiler:Warning: Failed to patch linker table for blueprint CDO Default__SKEL_level_1_C
[2015.06.06-23.36.58:327][  0]LogK2Compiler:Warning: Failed to patch linker table for blueprint CDO Default__level_C
[2015.06.06-23.36.59:749][  0]LogTexture:Display: Building textures: brick_ancientDiagonal_2k_alb (AutoDXT)
[2015.06.06-23.37.04:184][  0]LogTexture:Display: Building textures: brick_ancientDiagonal_2k_n (BC5)
[2015.06.06-23.37.04:802][  0]LogTexture:Display: Building textures: Concrete_Square_2k_h (AutoDXT)
[2015.06.06-23.37.05:547][  0]LogMaterial: Missing cached shader map for material brick_ancientDiagonal, compiling. 
[2015.06.06-23.37.05:824][  0]LogTexture:Display: Building textures: T_Concrete_Tiles_D (AutoDXT)
[2015.06.06-23.37.09:368][  0]LogTexture:Display: Building textures: T_Concrete_Tiles_M (AutoDXT)
[2015.06.06-23.37.13:168][  0]LogTexture:Display: Building textures: T_Concrete_Tiles_N (BC5)
[2015.06.06-23.37.13:725][  0]LogTexture:Display: Building textures: T_Concrete_Tiles_Variation_M (AutoDXT)
[2015.06.06-23.37.13:760][  0]LogMaterial: Missing cached shader map for material M_Concrete_Tiles, compiling. 
[2015.06.06-23.37.13:820][  0]LogEditorServer: Finished looking for orphan Actors (0.000 secs)
[2015.06.06-23.37.13:832][  0]LogAIModule: Creating AISystem for world level_1
[2015.06.06-23.37.13:833][  0]Cmd: MAP CHECKDEP
[2015.06.06-23.37.13:833][  0]MapCheck: New page: level_1 - Jun 6, 2015, 9:37:13 AM
[2015.06.06-23.37.13:833][  0]LogEditorServer:Warning: WorldSettings contains streaming level '/Game/Levels/level_3' which isn't loaded.
[2015.06.06-23.37.14:008][  0]MapCheck: Info Map check complete: 0 Error(s), 0 Warning(s), took 174.707ms to complete.
[2015.06.06-23.37.14:008][  0]LogFileHelpers: Loading map 'level_1' took 25.371
[2015.06.06-23.37.14:168][  0]LogCollectionManager: Loaded 0 collections in 0.001881 seconds
[2015.06.06-23.37.14:184][  0]LogContentBrowser: Native class hierarchy populated in 0.0151 seconds. Added 1703 classes and 263 folders.
[2015.06.06-23.37.14:214][  0]LogContentBrowser: Native class hierarchy updated for 'SceneOutliner' in 0.0020 seconds. Added 1 classes and 2 folders.
[2015.06.06-23.37.14:388][  0]LogContentBrowser: Native class hierarchy updated for 'WorldBrowser' in 0.0021 seconds. Added 1 classes and 3 folders.
[2015.06.06-23.37.14:418][  0]LogCrashTracker: Crashtracker disabled due to settings.
[2015.06.06-23.37.14:419][  0]LogSlate:Warning: Failed to load font data from 'Veranda'
[2015.06.06-23.37.14:428][  0]LogUObjectGlobals:Warning: Failed to find object 'Class None.'
[2015.06.06-23.37.14:460][  0]LogLoad: Full Startup: 43.45 seconds (BP compile: 4.33 seconds)
[2015.06.06-23.37.14:908][  0]LogContentBrowser:Verbose: The content browser source was changed by the sources view to '/Game/FirstPersonBP/light'
[2015.06.06-23.37.15:103][  0]LogRenderer:Warning: Reallocating scene render targets to support 32x32 (Frame:2).
[2015.06.06-23.37.15:318][  0]LogRenderer:Warning: Reallocating scene render targets to support 1104x576 (Frame:9).
[2015.06.06-23.37.19:374][ 16]LogAssetRegistry: Asset discovery search completed in 32.7942 seconds
[2015.06.06-23.37.49:984][802]LogContentBrowser:Verbose: The content browser source was changed by the sources view to '/Game/Levels'
[2015.06.06-23.37.58:244][167]Cmd: MAP LOAD FILE="../../../../../../College/CS188/Project1/Content/Levels/level_2.umap" TEMPLATE=0 SHOWPROGRESS=1 FEATURELEVEL=3
[2015.06.06-23.37.58:245][167]LightingResults: New page: Lighting Build
[2015.06.06-23.37.58:277][167]LoadErrors: New page: Loading map: level_2.umap
[2015.06.06-23.37.58:279][167]MapCheck: New page: Map Check
[2015.06.06-23.37.58:279][167]LightingResults: New page: Lighting Build
[2015.06.06-23.37.58:295][167]LogParticles: Destroying 0 GPU particle simulations for FXSystem 0x00000086228034C0
[2015.06.06-23.37.58:368][167]LogEditorServer: Finished looking for orphan Actors (0.000 secs)
[2015.06.06-23.37.58:369][167]LogAIModule: Creating AISystem for world level_2
[2015.06.06-23.37.58:483][167]Cmd: MAP CHECKDEP
[2015.06.06-23.37.58:483][167]MapCheck: New page: level_2 - Jun 6, 2015, 9:37:58 AM
[2015.06.06-23.37.58:599][167]MapCheck: Info Map check complete: 0 Error(s), 0 Warning(s), took 115.361ms to complete.
[2015.06.06-23.37.58:628][167]LogFileHelpers: Loading map 'level_2' took 0.386
[2015.06.06-23.38.03:767][468]Cmd: MAP LOAD FILE="../../../../../../College/CS188/Project1/Content/Levels/level_3.umap" TEMPLATE=0 SHOWPROGRESS=1 FEATURELEVEL=3
[2015.06.06-23.38.03:767][468]LightingResults: New page: Lighting Build
[2015.06.06-23.38.03:793][468]LoadErrors: New page: Loading map: level_3.umap
[2015.06.06-23.38.03:793][468]MapCheck: New page: Map Check
[2015.06.06-23.38.03:793][468]LightingResults: New page: Lighting Build
[2015.06.06-23.38.03:807][468]LogParticles: Destroying 0 GPU particle simulations for FXSystem 0x000000861A12A0C0
[2015.06.06-23.38.03:862][468]LogEditorServer: Finished looking for orphan Actors (0.000 secs)
[2015.06.06-23.38.03:863][468]LogAIModule: Creating AISystem for world level_3
[2015.06.06-23.38.03:962][468]Cmd: MAP CHECKDEP
[2015.06.06-23.38.03:962][468]MapCheck: New page: level_3 - Jun 6, 2015, 9:38:03 AM
[2015.06.06-23.38.04:074][468]MapCheck: Info Map check complete: 0 Error(s), 0 Warning(s), took 112.272ms to complete.
[2015.06.06-23.38.04:075][468]LogFileHelpers: Loading map 'level_3' took 0.312
[2015.06.06-23.38.07:163][644]LogK2Compiler:Warning: Failed to patch linker table for blueprint CDO Default__SKEL_level_1_C
[2015.06.06-23.38.07:168][644]LogK2Compiler:Warning: Failed to patch linker table for blueprint CDO Default__level_C
[2015.06.06-23.38.07:258][644]Cmd: MAP LOAD FILE="../../../../../../College/CS188/Project1/Content/Levels/level_1.umap" TEMPLATE=0 SHOWPROGRESS=1 FEATURELEVEL=3
[2015.06.06-23.38.07:258][644]LightingResults: New page: Lighting Build
[2015.06.06-23.38.07:285][644]LoadErrors: New page: Loading map: level_1.umap
[2015.06.06-23.38.07:285][644]MapCheck: New page: Map Check
[2015.06.06-23.38.07:285][644]LightingResults: New page: Lighting Build
[2015.06.06-23.38.07:298][644]LogParticles: Destroying 0 GPU particle simulations for FXSystem 0x0000008619D3C360
[2015.06.06-23.38.07:453][644]LogEditorServer: Finished looking for orphan Actors (0.000 secs)
[2015.06.06-23.38.07:461][644]LogAIModule: Creating AISystem for world level_1
[2015.06.06-23.38.07:561][644]Cmd: MAP CHECKDEP
[2015.06.06-23.38.07:561][644]MapCheck: New page: level_1 - Jun 6, 2015, 9:38:07 AM
[2015.06.06-23.38.07:561][644]LogEditorServer:Warning: WorldSettings contains streaming level '/Game/Levels/level_3' which isn't loaded.
[2015.06.06-23.38.07:676][644]MapCheck: Info Map check complete: 0 Error(s), 0 Warning(s), took 115.169ms to complete.
[2015.06.06-23.38.07:677][644]LogFileHelpers: Loading map 'level_1' took 0.421
[2015.06.06-23.38.18:281][921]Cmd: QUIT_EDITOR
[2015.06.06-23.38.18:485][921]LogExit: Preparing to exit.
[2015.06.06-23.38.19:411][921]LogExit: Editor shut down
[2015.06.06-23.38.19:411][921]LogExit: Transaction tracking system shut down
[2015.06.06-23.38.19:416][921]LogParticles: Destroying 0 GPU particle simulations for FXSystem 0x0000008619E71260
[2015.06.06-23.38.19:416][921]LogParticles: Destroying 0 GPU particle simulations for FXSystem 0x000000863203DE40
[2015.06.06-23.38.19:417][921]LogParticles: Destroying 0 GPU particle simulations for FXSystem 0x000000862EAC71A0
[2015.06.06-23.38.19:417][921]LogParticles: Destroying 0 GPU particle simulations for FXSystem 0x000000862EAC5120
[2015.06.06-23.38.19:417][921]LogParticles: Destroying 0 GPU particle simulations for FXSystem 0x000000862EAC4B80
[2015.06.06-23.38.19:495][921]LogExit: Object subsystem successfully closed.
[2015.06.06-23.38.19:549][921]LogModuleManager: Shutting down and abandoning module CrashTracker (179)
[2015.06.06-23.38.19:549][921]LogModuleManager: Shutting down and abandoning module SuperSearch (178)
[2015.06.06-23.38.19:549][921]LogModuleManager: Shutting down and abandoning module WorldBrowser (177)
[2015.06.06-23.38.19:549][921]LogModuleManager: Shutting down and abandoning module SceneOutliner (176)
[2015.06.06-23.38.19:549][921]LogModuleManager: Shutting down and abandoning module EditorWidgets (175)
[2015.06.06-23.38.19:549][921]LogModuleManager: Shutting down and abandoning module CollectionManager (174)
[2015.06.06-23.38.19:549][921]LogModuleManager: Shutting down and abandoning module StatsViewer (173)
[2015.06.06-23.38.19:549][921]LogModuleManager: Shutting down and abandoning module FoliageEdit (172)
[2015.06.06-23.38.19:549][921]LogModuleManager: Shutting down and abandoning module LandscapeEditor (171)
[2015.06.06-23.38.19:549][921]LogModuleManager: Shutting down and abandoning module MeshPaint (170)
[2015.06.06-23.38.19:549][921]LogModuleManager: Shutting down and abandoning module ActorPickerMode (169)
[2015.06.06-23.38.19:549][921]LogModuleManager: Shutting down and abandoning module GeometryMode (168)
[2015.06.06-23.38.19:549][921]LogModuleManager: Shutting down and abandoning module TextureAlignMode (167)
[2015.06.06-23.38.19:549][921]LogModuleManager: Shutting down and abandoning module BspMode (166)
[2015.06.06-23.38.19:549][921]LogModuleManager: Shutting down and abandoning module PlacementMode (165)
[2015.06.06-23.38.19:549][921]LogModuleManager: Shutting down and abandoning module AutomationWorker (164)
[2015.06.06-23.38.19:550][921]LogModuleManager: Shutting down and abandoning module CharacterAI (163)
[2015.06.06-23.38.19:550][921]LogModuleManager: Shutting down and abandoning module SmartSnapping (162)
[2015.06.06-23.38.19:550][921]LogModuleManager: Shutting down and abandoning module ViewportSnapping (161)
[2015.06.06-23.38.19:550][921]LogModuleManager: Shutting down and abandoning module LogVisualizer (160)
[2015.06.06-23.38.19:550][921]LogModuleManager: Shutting down and abandoning module GameProjectGeneration (159)
[2015.06.06-23.38.19:550][921]LogModuleManager: Shutting down and abandoning module IntroTutorials (158)
[2015.06.06-23.38.19:550][921]LogModuleManager: Shutting down and abandoning module EditorLiveStreaming (157)
[2015.06.06-23.38.19:550][921]LogModuleManager: Shutting down and abandoning module HardwareTargeting (156)
[2015.06.06-23.38.19:550][921]LogModuleManager: Shutting down and abandoning module DeviceProfileEditor (155)
[2015.06.06-23.38.19:550][921]LogModuleManager: Shutting down and abandoning module UndoHistory (154)
[2015.06.06-23.38.19:550][921]LogModuleManager: Shutting down and abandoning module GameplayTagsEditor (153)
[2015.06.06-23.38.19:550][921]LogModuleManager: Shutting down and abandoning module UserFeedback (152)
[2015.06.06-23.38.19:550][921]LogModuleManager: Shutting down and abandoning module XmlParser (151)
[2015.06.06-23.38.19:550][921]LogModuleManager: Shutting down and abandoning module Blutility (150)
[2015.06.06-23.38.19:550][921]LogModuleManager: Shutting down and abandoning module IOSPlatformEditor (149)
[2015.06.06-23.38.19:550][921]LogModuleManager: Shutting down and abandoning module IOSRuntimeSettings (148)
[2015.06.06-23.38.19:550][921]LogModuleManager: Shutting down and abandoning module AndroidDeviceDetection (147)
[2015.06.06-23.38.20:043][921]LogModuleManager: Shutting down and abandoning module AndroidPlatformEditor (146)
[2015.06.06-23.38.20:043][921]LogModuleManager: Shutting down and abandoning module AndroidRuntimeSettings (145)
[2015.06.06-23.38.20:043][921]LogModuleManager: Shutting down and abandoning module ProjectTargetPlatformEditor (144)
[2015.06.06-23.38.20:043][921]LogModuleManager: Shutting down and abandoning module ProjectSettingsViewer (143)
[2015.06.06-23.38.20:043][921]LogModuleManager: Shutting down and abandoning module InputBindingEditor (142)
[2015.06.06-23.38.20:043][921]LogModuleManager: Shutting down and abandoning module EditorSettingsViewer (141)
[2015.06.06-23.38.20:043][921]LogModuleManager: Shutting down and abandoning module SettingsEditor (140)
[2015.06.06-23.38.20:043][921]LogModuleManager: Shutting down and abandoning module ProjectLauncher (139)
[2015.06.06-23.38.20:043][921]LogModuleManager: Shutting down and abandoning module SessionFrontend (138)
[2015.06.06-23.38.20:043][921]LogModuleManager: Shutting down and abandoning module ProfilerClient (137)
[2015.06.06-23.38.20:043][921]LogModuleManager: Shutting down and abandoning module TargetDeviceServices (136)
[2015.06.06-23.38.20:043][921]LogModuleManager: Shutting down and abandoning module DeviceManager (135)
[2015.06.06-23.38.20:044][921]LogModuleManager: Shutting down and abandoning module AutomationController (134)
[2015.06.06-23.38.20:044][921]LogModuleManager: Shutting down and abandoning module AutomationWindow (133)
[2015.06.06-23.38.20:044][921]LogModuleManager: Shutting down and abandoning module Layers (132)
[2015.06.06-23.38.20:044][921]LogModuleManager: Shutting down and abandoning module ComponentVisualizers (131)
[2015.06.06-23.38.20:044][921]LogModuleManager: Shutting down and abandoning module DetailCustomizations (130)
[2015.06.06-23.38.20:044][921]LogModuleManager: Shutting down and abandoning module PackagesDialog (129)
[2015.06.06-23.38.20:045][921]LogModuleManager: Shutting down and abandoning module AssetRegistry (128)
[2015.06.06-23.38.20:158][921]LogModuleManager: Shutting down and abandoning module Persona (127)
[2015.06.06-23.38.20:158][921]LogModuleManager: Shutting down and abandoning module SlateReflector (126)
[2015.06.06-23.38.20:158][921]LogModuleManager: Shutting down and abandoning module LevelEditor (125)
[2015.06.06-23.38.20:159][921]LogModuleManager: Shutting down and abandoning module Kismet (124)
[2015.06.06-23.38.20:159][921]LogModuleManager: Shutting down and abandoning module GraphEditor (123)
[2015.06.06-23.38.20:159][921]LogModuleManager: Shutting down and abandoning module ClassViewer (122)
[2015.06.06-23.38.20:159][921]LogModuleManager: Shutting down and abandoning module Toolbox (121)
[2015.06.06-23.38.20:159][921]LogModuleManager: Shutting down and abandoning module ModuleUI (120)
[2015.06.06-23.38.20:159][921]LogModuleManager: Shutting down and abandoning module MovieSceneTools (119)
[2015.06.06-23.38.20:159][921]LogModuleManager: Shutting down and abandoning module OutputLog (118)
[2015.06.06-23.38.20:159][921]LogModuleManager: Shutting down and abandoning module GammaUI (117)
[2015.06.06-23.38.20:159][921]LogModuleManager: Shutting down and abandoning module Documentation (116)
[2015.06.06-23.38.20:159][921]LogModuleManager: Shutting down and abandoning module GameLiveStreaming (115)
[2015.06.06-23.38.20:159][921]LogModuleManager: Shutting down and abandoning module StreamingPauseRendering (114)
[2015.06.06-23.38.20:159][921]LogModuleManager: Shutting down and abandoning module HTTP (113)
[2015.06.06-23.38.20:159][921]LogModuleManager: Shutting down and abandoning module AnalyticsET (112)
[2015.06.06-23.38.20:159][921]LogModuleManager: Shutting down and abandoning module Analytics (111)
[2015.06.06-23.38.20:159][921]LogModuleManager: Shutting down and abandoning module AITestSuite (110)
[2015.06.06-23.38.20:159][921]LogModuleManager: Shutting down and abandoning module GameplayDebugger (109)
[2015.06.06-23.38.20:159][921]LogModuleManager: Shutting down and abandoning module AIModule (108)
[2015.06.06-23.38.20:159][921]LogModuleManager: Shutting down and abandoning module ProfilerService (107)
[2015.06.06-23.38.20:260][921]LogModuleManager: Shutting down and abandoning module TaskGraph (106)
[2015.06.06-23.38.20:260][921]LogModuleManager: Shutting down and abandoning module SlateRemote (105)
[2015.06.06-23.38.20:260][921]LogModuleManager: Shutting down and abandoning module ScriptEditorPlugin (104)
[2015.06.06-23.38.20:260][921]LogModuleManager: Shutting down and abandoning module CustomMeshComponent (103)
[2015.06.06-23.38.20:260][921]LogModuleManager: Shutting down and abandoning module CableComponent (102)
[2015.06.06-23.38.20:260][921]LogModuleManager: Shutting down and abandoning module MessagingDebugger (101)
[2015.06.06-23.38.20:260][921]LogModuleManager: Shutting down and abandoning module MediaPlayerEditor (100)
[2015.06.06-23.38.20:260][921]LogModuleManager: Shutting down and abandoning module SpeedTreeImporter (99)
[2015.06.06-23.38.20:260][921]LogModuleManager: Shutting down and abandoning module PluginsEditor (98)
[2015.06.06-23.38.20:260][921]LogModuleManager: Shutting down and abandoning module MainFrame (97)
[2015.06.06-23.38.20:260][921]LogModuleManager: Shutting down and abandoning module EpicSurvey (96)
[2015.06.06-23.38.20:260][921]LogModuleManager: Shutting down and abandoning module DesktopPlatform (95)
[2015.06.06-23.38.20:260][921]LogModuleManager: Shutting down and abandoning module DirectoryWatcher (94)
[2015.06.06-23.38.20:261][921]LogModuleManager: Shutting down and abandoning module HotReload (93)
[2015.06.06-23.38.20:261][921]LogModuleManager: Shutting down and abandoning module VisualStudioSourceCodeAccess (92)
[2015.06.06-23.38.20:261][921]LogModuleManager: Shutting down and abandoning module UObjectPlugin (91)
[2015.06.06-23.38.20:261][921]LogModuleManager: Shutting down and abandoning module SubversionSourceControl (90)
[2015.06.06-23.38.20:261][921]LogModuleManager: Shutting down and abandoning module PerforceSourceControl (89)
[2015.06.06-23.38.20:261][921]LogModuleManager: Shutting down and abandoning module SourceControl (88)
[2015.06.06-23.38.20:261][921]LogModuleManager: Shutting down and abandoning module GitSourceControl (87)
[2015.06.06-23.38.20:261][921]LogModuleManager: Shutting down and abandoning module BlankPlugin (86)
[2015.06.06-23.38.20:261][921]LogModuleManager: Shutting down and abandoning module PaperTiledImporter (85)
[2015.06.06-23.38.20:261][921]LogModuleManager: Shutting down and abandoning module PaperJsonImporter (84)
[2015.06.06-23.38.20:261][921]LogModuleManager: Shutting down and abandoning module ContentBrowser (83)
[2015.06.06-23.38.20:262][921]LogModuleManager: Shutting down and abandoning module Paper2DEditor (82)
[2015.06.06-23.38.20:262][921]LogModuleManager: Shutting down and abandoning module ScriptPlugin (81)
[2015.06.06-23.38.20:262][921]LogModuleManager: Shutting down and abandoning module UdpMessaging (80)
[2015.06.06-23.38.20:363][921]LogModuleManager: Shutting down and abandoning module Paper2D (79)
[2015.06.06-23.38.20:363][921]LogModuleManager: Shutting down and abandoning module WindowsMoviePlayer (78)
[2015.06.06-23.38.20:368][921]LogModuleManager: Shutting down and abandoning module Media (77)
[2015.06.06-23.38.20:368][921]LogModuleManager: Shutting down and abandoning module WmfMedia (76)
[2015.06.06-23.38.20:368][921]LogModuleManager: Shutting down and abandoning module OnlineBlueprintSupport (75)
[2015.06.06-23.38.20:368][921]LogModuleManager: Shutting down and abandoning module EnvironmentQueryEditor (74)
[2015.06.06-23.38.20:368][921]LogModuleManager: Shutting down and abandoning module PropertyEditor (73)
[2015.06.06-23.38.20:368][921]LogModuleManager: Shutting down and abandoning module BehaviorTreeEditor (72)
[2015.06.06-23.38.20:368][921]LogModuleManager: Shutting down and abandoning module FunctionalTesting (71)
[2015.06.06-23.38.20:368][921]LogModuleManager: Shutting down and abandoning module CollisionAnalyzer (70)
[2015.06.06-23.38.20:368][921]LogModuleManager: Shutting down and abandoning module WorkspaceMenuStructure (69)
[2015.06.06-23.38.20:368][921]LogModuleManager: Shutting down and abandoning module MessageLog (68)
[2015.06.06-23.38.20:368][921]LogModuleManager: Shutting down and abandoning module Sequencer (67)
[2015.06.06-23.38.20:368][921]LogModuleManager: Shutting down and abandoning module AssetTools (66)
[2015.06.06-23.38.20:368][921]LogModuleManager: Shutting down and abandoning module UMGEditor (65)
[2015.06.06-23.38.20:368][921]LogModuleManager: Shutting down and abandoning module UMG (64)
[2015.06.06-23.38.20:368][921]LogModuleManager: Shutting down and abandoning module Slate (63)
[2015.06.06-23.38.20:368][921]LogModuleManager: Shutting down and abandoning module EditorStyle (62)
[2015.06.06-23.38.20:372][921]LogModuleManager: Shutting down and abandoning module SessionServices (61)
[2015.06.06-23.38.20:372][921]LogModuleManager: Shutting down and abandoning module SourceCodeAccess (60)
[2015.06.06-23.38.20:372][921]LogModuleManager: Shutting down and abandoning module HeadMountedDisplay (59)
[2015.06.06-23.38.20:372][921]LogModuleManager: Shutting down and abandoning module XAudio2 (58)
[2015.06.06-23.38.20:372][921]LogModuleManager: Shutting down and abandoning module Networking (56)
[2015.06.06-23.38.20:372][921]LogModuleManager: Shutting down and abandoning module Core (55)
[2015.06.06-23.38.20:372][921]LogModuleManager: Shutting down and abandoning module KismetCompiler (54)
[2015.06.06-23.38.20:372][921]LogModuleManager: Shutting down and abandoning module PhysXFormats (53)
[2015.06.06-23.38.20:372][921]LogModuleManager: Shutting down and abandoning module MeshUtilities (52)
[2015.06.06-23.38.20:372][921]LogModuleManager: Shutting down and abandoning module DerivedDataCache (51)
[2015.06.06-23.38.20:697][921]LogDerivedDataCache: Shutdown
[2015.06.06-23.38.20:697][921]LogModuleManager: Shutting down and abandoning module ShaderFormatOpenGL (50)
[2015.06.06-23.38.20:697][921]LogModuleManager: Shutting down and abandoning module ShaderFormatD3D (49)
[2015.06.06-23.38.20:697][921]LogModuleManager: Shutting down and abandoning module MetalShaderFormat (48)
[2015.06.06-23.38.20:697][921]LogModuleManager: Shutting down and abandoning module TextureFormatUncompressed (47)
[2015.06.06-23.38.20:697][921]LogModuleManager: Shutting down and abandoning module TextureFormatPVR (46)
[2015.06.06-23.38.20:697][921]LogModuleManager: Shutting down and abandoning module TextureFormatIntelISPCTexComp (45)
[2015.06.06-23.38.20:698][921]LogModuleManager: Shutting down and abandoning module TextureFormatDXT (44)
[2015.06.06-23.38.20:698][921]LogModuleManager: Shutting down and abandoning module ImageWrapper (43)
[2015.06.06-23.38.20:698][921]LogModuleManager: Shutting down and abandoning module TextureFormatASTC (42)
[2015.06.06-23.38.20:698][921]LogModuleManager: Shutting down and abandoning module TextureFormatAndroid (41)
[2015.06.06-23.38.20:698][921]LogModuleManager: Shutting down and abandoning module AudioFormatOpus (40)
[2015.06.06-23.38.20:698][921]LogModuleManager: Shutting down and abandoning module AudioFormatOgg (39)
[2015.06.06-23.38.20:698][921]LogModuleManager: Shutting down and abandoning module AudioFormatADPCM (38)
[2015.06.06-23.38.20:698][921]LogModuleManager: Shutting down and abandoning module LinuxTargetPlatform (37)
[2015.06.06-23.38.20:698][921]LogModuleManager: Shutting down and abandoning module LinuxServerTargetPlatform (36)
[2015.06.06-23.38.20:698][921]LogModuleManager: Shutting down and abandoning module LinuxNoEditorTargetPlatform (35)
[2015.06.06-23.38.20:698][921]LogModuleManager: Shutting down and abandoning module Messaging (34)
[2015.06.06-23.38.20:698][921]LogModuleManager: Shutting down and abandoning module IOSTargetPlatform (33)
[2015.06.06-23.38.20:698][921]LogModuleManager: Shutting down and abandoning module HTML5TargetPlatform (32)
[2015.06.06-23.38.20:698][921]LogModuleManager: Shutting down and abandoning module Android_PVRTCTargetPlatform (31)
[2015.06.06-23.38.20:698][921]LogModuleManager: Shutting down and abandoning module Android_ETC2TargetPlatform (30)
[2015.06.06-23.38.20:698][921]LogModuleManager: Shutting down and abandoning module Android_ETC1TargetPlatform (29)
[2015.06.06-23.38.20:698][921]LogModuleManager: Shutting down and abandoning module Android_ES31TargetPlatform (28)
[2015.06.06-23.38.20:698][921]LogModuleManager: Shutting down and abandoning module Android_DXTTargetPlatform (27)
[2015.06.06-23.38.20:698][921]LogModuleManager: Shutting down and abandoning module Android_ATCTargetPlatform (26)
[2015.06.06-23.38.20:698][921]LogModuleManager: Shutting down and abandoning module AndroidTargetPlatform (25)
[2015.06.06-23.38.20:698][921]LogModuleManager: Shutting down and abandoning module WindowsTargetPlatform (24)
[2015.06.06-23.38.20:698][921]LogModuleManager: Shutting down and abandoning module WindowsServerTargetPlatform (23)
[2015.06.06-23.38.20:698][921]LogModuleManager: Shutting down and abandoning module WindowsNoEditorTargetPlatform (22)
[2015.06.06-23.38.20:698][921]LogModuleManager: Shutting down and abandoning module WindowsClientTargetPlatform (21)
[2015.06.06-23.38.20:698][921]LogModuleManager: Shutting down and abandoning module TargetPlatform (20)
[2015.06.06-23.38.20:698][921]LogModuleManager: Shutting down and abandoning module InputCore (19)
[2015.06.06-23.38.20:698][921]LogModuleManager: Shutting down and abandoning module Settings (18)
[2015.06.06-23.38.20:698][921]LogModuleManager: Shutting down and abandoning module OnlineSubsystem (16)
[2015.06.06-23.38.20:698][921]LogModuleManager: Shutting down and abandoning module OculusRift (15)
[2015.06.06-23.38.20:698][921]LogModuleManager: Shutting down and abandoning module ExampleDeviceProfileSelector (14)
[2015.06.06-23.38.20:698][921]LogModuleManager: Shutting down and abandoning module TextureCompressor (13)
[2015.06.06-23.38.20:698][921]LogModuleManager: Shutting down and abandoning module ShaderCore (12)
[2015.06.06-23.38.20:698][921]LogModuleManager: Shutting down and abandoning module Landscape (11)
[2015.06.06-23.38.20:698][921]LogModuleManager: Shutting down and abandoning module SlateRHIRenderer (10)
[2015.06.06-23.38.20:702][921]LogModuleManager: Shutting down and abandoning module OpenGLDrv (9)
[2015.06.06-23.38.20:702][921]LogModuleManager: Shutting down and abandoning module D3D11RHI (8)
[2015.06.06-23.38.20:702][921]LogModuleManager: Shutting down and abandoning module Renderer (7)
[2015.06.06-23.38.20:702][921]LogModuleManager: Shutting down and abandoning module Engine (6)
[2015.06.06-23.38.20:702][921]LogModuleManager: Shutting down and abandoning module CoreUObject (5)
[2015.06.06-23.38.20:702][921]LogModuleManager: Shutting down and abandoning module NetworkFile (4)
[2015.06.06-23.38.20:702][921]LogModuleManager: Shutting down and abandoning module StreamingFile (3)
[2015.06.06-23.38.20:702][921]LogModuleManager: Shutting down and abandoning module SandboxFile (2)
[2015.06.06-23.38.20:702][921]LogModuleManager: Shutting down and abandoning module PakFile (1)
[2015.06.06-23.38.20:703][921]LogExit: Exiting.
[2015.06.06-23.38.20:707][921]Log file closed, 06/06/15 16:38:20
