<<<<<<< HEAD
﻿Log file open, 06/06/15 09:56:45
=======
﻿Log file open, 06/01/15 19:59:49
>>>>>>> c6bbe6115dd8d112ae0ff172f5fff7f0d2781583
LogInit:Display: Running engine for game: Wk3
LogInit: Version: 4.7.6-2513093+++depot+UE4-Releases+4.7
LogInit: API Version: 2455222
LogInit: Compiled (64-bit): Apr 15 2015 12:09:54
LogInit: Compiled with Visual C++: 18.00.21005.01
LogInit: Build Configuration: Development
LogInit: Branch Name: ++depot+UE4-Releases+4.7
LogInit: Command line:  
LogInit: Base directory: D:/Program Files/Epic Games/4.7/Engine/Binaries/Win64/
LogInit: Rocket: 1
<<<<<<< HEAD
[2015.06.06-16.56.45:024][  0]LogTaskGraph: Started task graph with 3 named threads and 6 total threads.
[2015.06.06-16.56.45:097][  0]LogOnline:Warning: No default platform service specified for OnlineSubsystem
[2015.06.06-16.56.45:141][  0]LogInit: Presizing for 0 objects not considered by GC, pre-allocating 0 bytes.
[2015.06.06-16.56.45:175][  0]LogInit: Object subsystem initialized
[2015.06.06-16.56.45:192][  0]LogConsoleResponse:Warning: Skipping Unknown console variable: 'TranslucentSortAxis = (X=0.000000,Y=-1.000000,Z=0.000000)'
[2015.06.06-16.56.45:192][  0]LogConsoleResponse:Warning:   Found in ini file 'D:/College/CS188/Project1/Saved/Config/Windows/Engine.ini', in section '[/Script/Engine.RendererSettings]'
[2015.06.06-16.56.45:192][  0]LogConsoleResponse:Warning: Skipping Unknown console variable: 'UIScaleRule = ShortestSide'
[2015.06.06-16.56.45:193][  0]LogConsoleResponse:Warning:   Found in ini file 'D:/College/CS188/Project1/Saved/Config/Windows/Engine.ini', in section '[/Script/Engine.RendererSettings]'
[2015.06.06-16.56.45:193][  0]LogConsoleResponse:Warning: Skipping Unknown console variable: 'UIScaleCurve = (EditorCurveData=(Keys=),ExternalCurve=None)'
[2015.06.06-16.56.45:193][  0]LogConsoleResponse:Warning:   Found in ini file 'D:/College/CS188/Project1/Saved/Config/Windows/Engine.ini', in section '[/Script/Engine.RendererSettings]'
[2015.06.06-16.56.45:198][  0]LogInit: Selected Device Profile: [Windows]
[2015.06.06-16.56.45:198][  0]LogInit: Applying CVar settings loaded from the selected device profile: [Windows]
[2015.06.06-16.56.45:233][  0]LogInit: Computer: ICUESP170SMA
[2015.06.06-16.56.45:233][  0]LogInit: User: Icue
[2015.06.06-16.56.45:233][  0]LogInit: CPU Page size=4096, Cores=4
[2015.06.06-16.56.45:233][  0]LogInit: High frequency timer resolution =2.435769 MHz
[2015.06.06-16.56.45:233][  0]LogMemory: Memory total: Physical=7.9GB (8GB approx) Virtual=131072.0GB
[2015.06.06-16.56.45:234][  0]LogMemory: Platform Memory Stats for Windows
[2015.06.06-16.56.45:234][  0]LogMemory: Process Physical Memory: 50.11 MB used, 50.11 MB peak
[2015.06.06-16.56.45:234][  0]LogMemory: Process Virtual Memory: 30.96 MB used, 30.96 MB peak
[2015.06.06-16.56.45:234][  0]LogMemory: Physical Memory: 2814.92 MB used, 8108.23 MB total
[2015.06.06-16.56.45:234][  0]LogMemory: Virtual Memory: 295.91 MB used, 134217728.00 MB total
[2015.06.06-16.56.45:298][  0]LogD3D11RHI: Found D3D11 adapter 0: NVIDIA GeForce GTX 970M          (Feature Level 11_0)
[2015.06.06-16.56.45:299][  0]LogD3D11RHI: Adapter has 6035MB of dedicated video memory, 0MB of dedicated system memory, and 4054MB of shared system memory, 1 output[s]
[2015.06.06-16.56.45:315][  0]LogD3D11RHI: Found D3D11 adapter 1: Intel(R) HD Graphics 4600 (Feature Level 11_0)
[2015.06.06-16.56.45:315][  0]LogD3D11RHI: Adapter has 0MB of dedicated video memory, 0MB of dedicated system memory, and 1792MB of shared system memory, 0 output[s]
[2015.06.06-16.56.45:318][  0]LogD3D11RHI: Found D3D11 adapter 2: Microsoft Basic Render Driver (Feature Level 11_0)
[2015.06.06-16.56.45:318][  0]LogD3D11RHI: Adapter has 0MB of dedicated video memory, 0MB of dedicated system memory, and 256MB of shared system memory, 0 output[s]
[2015.06.06-16.56.45:318][  0]LogD3D11RHI: Chosen D3D11 Adapter Id = 0
[2015.06.06-16.56.45:327][  0]LogRHI: Texture pool is 1361 MB (70% of 1945 MB)
[2015.06.06-16.56.45:342][  0]LogD3D11RHI: Async texture creation enabled
[2015.06.06-16.56.45:665][  0]LogTextLocalizationManager: The requested culture ('en') has no localization data; parent culture's ('zh_CN') localization data will be used.
[2015.06.06-16.56.45:755][  0]LogTextLocalizationManager:Warning: Loading localization resources contain conflicting entries for (Namespace:UICommands, Key:Save_ToolTip):
Resource: (D:/Program Files/Epic Games/4.7/Engine/Content/Localization/Editor/en/Editor.locres) Hash: (-29098895) String: (Saves the current level to disk)
Resource: (D:/Program Files/Epic Games/4.7/Engine/Content/Localization/Engine/en/Engine.locres) Hash: (-1280300587) String: (Save selected data to vlog file)
[2015.06.06-16.56.45:755][  0]LogTextLocalizationManager:Warning: Loading localization resources contain conflicting entries for (Namespace:ContentBrowser, Key:ImportAssetToolTip):
Resource: (D:/Program Files/Epic Games/4.7/Engine/Content/Localization/Editor/en/Editor.locres) Hash: (-630476809) String: (Import to {0}...)
Resource: (D:/Program Files/Epic Games/4.7/Engine/Content/Localization/Editor/en/Editor.locres) Hash: (1271782899) String: (Imports an asset from file to this folder.)
[2015.06.06-16.56.45:832][  0]LogContentStreaming: Texture pool size is 0.000000MB
[2015.06.06-16.56.48:310][  0]LogTargetPlatformManager:Display: Building Assets For Windows
[2015.06.06-16.56.48:824][  0]LogTargetPlatformManager:Display: Building Assets For Windows
[2015.06.06-16.56.48:874][  0]LogDerivedDataCache:Display: Max Cache Size: 512 MB
[2015.06.06-16.56.48:990][  0]LogDerivedDataCache: Loaded boot cache 0.12s 39MB C:/Users/Icue/AppData/Local/UnrealEngine/4.7/DerivedDataCache/Boot.ddc.
[2015.06.06-16.56.48:990][  0]LogDerivedDataCache:Display: Loaded Boot cache: C:/Users/Icue/AppData/Local/UnrealEngine/4.7/DerivedDataCache/Boot.ddc
[2015.06.06-16.56.48:990][  0]LogDerivedDataCache: FDerivedDataBackendGraph:  Pak pak cache file ../../../../../../College/CS188/Project1/DerivedDataCache/DDC.ddp not found, will not use a pak cache.
[2015.06.06-16.56.48:990][  0]LogDerivedDataCache: Unable to find inner node Pak for hierarchical cache Hierarchy.
[2015.06.06-16.56.49:109][  0]LogDerivedDataCache:Display: Pak cache opened for reading ../../../Engine/DerivedDataCache/Compressed.ddp.
[2015.06.06-16.56.49:121][  0]LogDerivedDataCache: Using Local data cache path C:/Users/Icue/AppData/Local/UnrealEngine/Common/DerivedDataCache: Writable
[2015.06.06-16.56.49:748][  0]LogMeshUtilities: No automatic mesh reduction module available
[2015.06.06-16.56.49:748][  0]LogMeshUtilities: No automatic mesh merging module available
[2015.06.06-16.56.50:363][  0]LogInit: WinSock: version 1.1 (2.2), MaxSocks=32767, MaxUdp=65467
[2015.06.06-16.56.50:448][  0]LogSlate:Warning: Failed to load font data from '../../../Engine/Content/Slate/Fonts/Roboto-Italic.ttf'
[2015.06.06-16.56.52:402][  0]UdpMessaging: Initializing bridge on interface 0.0.0.0:0 to multicast group 230.0.0.1:6666.
[2015.06.06-16.56.52:604][  0]SourceControl: Info Source control is disabled
[2015.06.06-16.56.52:604][  0]SourceControl: Info Source control is disabled
[2015.06.06-16.56.52:604][  0]SourceControl: Info Source control is disabled
[2015.06.06-16.56.52:604][  0]LogSourceControl: RunCommandInternalRaw: 'git version'
[2015.06.06-16.56.52:604][  0]LogSourceControl: RunCommandInternalRaw: ExecProcess ReturnCode=2 OutResults=''
[2015.06.06-16.56.52:610][  0]SourceControl: Info Source control is disabled
[2015.06.06-16.56.52:805][  0]LogObj: 24262 objects as part of root set at end of initial load.
[2015.06.06-16.56.52:805][  0]LogUObjectAllocator: 5143896 out of 0 bytes used by permanent object pool.
[2015.06.06-16.56.52:918][  0]LogEngine: Initializing Engine...
[2015.06.06-16.56.55:272][  0]LogInit: XAudio2 using 'Speakers (High Definition Audio Device)' : 2 channels at 44.1 kHz using 16 bits per sample (channel mask 0x3)
[2015.06.06-16.56.55:293][  0]LogInit: FAudioDevice initialized.
[2015.06.06-16.56.55:340][  0]LogAIModule: Creating AISystem for world NewWorld
[2015.06.06-16.56.55:366][  0]LogDerivedDataCache: Saved boot cache 0.02s 39MB C:/Users/Icue/AppData/Local/UnrealEngine/4.7/DerivedDataCache/Boot.ddc.
[2015.06.06-16.56.55:371][  0]LogInit: Texture streaming: Enabled
[2015.06.06-16.56.55:502][  0]LogAnalytics: Creating configured Analytics provider AnalyticsET
[2015.06.06-16.56.55:502][  0]LogAnalytics: ET APIKey = Rocket.Release. APIServer = http://et2.epicgames.com/ET2/. AppVersion = 4.7.6-2513093+++depot+UE4-Releases+4.7
[2015.06.06-16.56.55:502][  0]LogAnalytics: ET APIKey = Rocket.Release. DataRouterUploadURL = https://datarouter-public-service-gamedev.ol.epicgames.net/datarouter/api/v1/public/data. AppVersion = 4.7.6-2513093+++depot+UE4-Releases+4.7
[2015.06.06-16.56.55:502][  0]LogAnalytics: SetUserId 1fc9679047d854207604e785063d47a0|01085c442c624900b9abb1f7ef3d69ab|51387463-d617-43aa-9761-e06f88098d68
[2015.06.06-16.56.55:502][  0]LogAnalytics: AnalyticsET::StartSession [Rocket.Release]
[2015.06.06-16.56.55:521][  0]LogInit: Transaction tracking system initialized
[2015.06.06-16.56.55:683][  0]BlueprintLog: New page: Editor Load
[2015.06.06-16.56.55:719][  0]LogAssetRegistry: FAssetRegistry took 0.0119 seconds to start up
[2015.06.06-16.56.55:720][  0]LogDirectoryWatcher:Warning: Failed to begin reading directory changes for ../../../Engine/Plugins/Experimental/CharacterAI/Content/. Error: 0
[2015.06.06-16.56.56:282][  0]LogTargetPlatformManager:Display: Building Assets For Windows
[2015.06.06-16.56.56:651][  0]LogTargetPlatformManager:Display: Building Assets For Windows
[2015.06.06-16.56.56:892][  0]LogSlate:Warning: Failed to load font data from '../../../Engine/Content/Editor/Slate/Fonts/Roboto-Regular.ttf'
[2015.06.06-16.56.56:893][  0]LogSlate:Warning: Failed to load font data from '../../../Engine/Content/Editor/Slate/Fonts/Roboto-Bold.ttf'
[2015.06.06-16.56.56:900][  0]LogConsoleResponse:Display: 
[2015.06.06-16.56.57:139][  0]LogCook:Display: Done creating registry. It took  0.00s.
[2015.06.06-16.56.57:279][  0]SourceControl: Info Source control is disabled
[2015.06.06-16.56.57:281][  0]Cmd: MAP LOAD FILE="../../../../../../College/CS188/Project1/Content/Levels/level_1.umap" TEMPLATE=0 SHOWPROGRESS=1 FEATURELEVEL=3
[2015.06.06-16.56.57:282][  0]LightingResults: New page: Lighting Build
[2015.06.06-16.56.57:294][  0]MapCheck: New page: Map Check
[2015.06.06-16.56.57:294][  0]LightingResults: New page: Lighting Build
[2015.06.06-16.56.57:306][  0]LogParticles: Destroying 0 GPU particle simulations for FXSystem 0x000000CC22856520
[2015.06.06-16.56.58:367][  0]LogBlueprint:Warning: [compiler] Warning InputAction Event references unknown Action 'Sprint' for  InputAction Sprint 
[2015.06.06-16.56.58:393][  0]LogBlueprint:Warning: [compiler] Warning [0016.12] Compile of ExplorationCharacter successful, but with 1 Warning(s) [in 90 ms]
[2015.06.06-16.56.58:393][  0]LogBlueprint:Warning: [compiler] Warning [0016.12] Compile of ExplorationCharacter successful, but with 2 Warning(s) [in 0 ms]
[2015.06.06-16.56.58:393][  0]LogBlueprint:Warning: [compiler] Warning [0016.12] Compile of ExplorationCharacter successful, but with 3 Warning(s) [in 0 ms]
[2015.06.06-16.56.58:393][  0]LogBlueprint:Warning: [compiler] Warning [0016.12] Compile of ExplorationCharacter successful, but with 4 Warning(s) [in 0 ms]
[2015.06.06-16.56.59:280][  0]LogBlueprint:Warning: [compiler] Warning InputAction Event references unknown Action 'Interact' for  InputAction Interact 
[2015.06.06-16.56.59:283][  0]LogBlueprint:Warning: [compiler] Warning Function ' Get Player Controller ' is unsafe to call in a construction script.
[2015.06.06-16.56.59:390][  0]LogBlueprint:Warning: [compiler] Warning [0017.11] Compile of ContextMenu successful, but with 2 Warning(s) [in 288 ms]
[2015.06.06-16.56.59:390][  0]LogBlueprint:Warning: [compiler] Warning [0017.11] Compile of ContextMenu successful, but with 3 Warning(s) [in 0 ms]
[2015.06.06-16.56.59:391][  0]LogBlueprint:Warning: [compiler] Warning [0017.11] Compile of ContextMenu successful, but with 4 Warning(s) [in 0 ms]
[2015.06.06-16.56.59:391][  0]LogBlueprint:Warning: [compiler] Warning [0017.11] Compile of ContextMenu successful, but with 5 Warning(s) [in 0 ms]
[2015.06.06-16.57.00:200][  0]LogBlueprint:Warning: [compiler] Warning InputAction Event references unknown Action 'ResetHMD' for  InputAction ResetHMD 
[2015.06.06-16.57.00:201][  0]LogBlueprint:Warning: [compiler] Warning InputAction Event references unknown Action 'OpenMenu' for  InputAction OpenMenu 
[2015.06.06-16.57.00:274][  0]LogBlueprint:Warning: [compiler] Warning [0018.00] Compile of VRPlayerController successful, but with 2 Warning(s) [in 205 ms]
[2015.06.06-16.57.00:275][  0]LogBlueprint:Warning: [compiler] Warning [0018.00] Compile of VRPlayerController successful, but with 3 Warning(s) [in 0 ms]
[2015.06.06-16.57.00:275][  0]LogBlueprint:Warning: [compiler] Warning [0018.00] Compile of VRPlayerController successful, but with 4 Warning(s) [in 0 ms]
[2015.06.06-16.57.00:275][  0]LogBlueprint:Warning: [compiler] Warning [0018.00] Compile of VRPlayerController successful, but with 5 Warning(s) [in 0 ms]
[2015.06.06-16.57.00:603][  0]LogBlueprint:Warning: [compiler] Warning InputAction Event references unknown Action 'ResetHMD' for  InputAction ResetHMD 
[2015.06.06-16.57.00:604][  0]LogBlueprint:Warning: [compiler] Warning InputAction Event references unknown Action 'OpenMenu' for  InputAction OpenMenu 
[2015.06.06-16.57.00:677][  0]LogBlueprint:Warning: [compiler] Warning [0018.40] Compile of VRPlayerController successful, but with 2 Warning(s) [in 194 ms]
[2015.06.06-16.57.00:677][  0]LogBlueprint:Warning: [compiler] Warning [0018.40] Compile of VRPlayerController successful, but with 3 Warning(s) [in 0 ms]
[2015.06.06-16.57.00:906][  0]LogBlueprint:Warning: [compiler] Warning InputAction Event references unknown Action 'Interact' for  InputAction Interact 
[2015.06.06-16.57.00:909][  0]LogBlueprint:Warning: [compiler] Warning Function ' Get Player Controller ' is unsafe to call in a construction script.
[2015.06.06-16.57.01:016][  0]LogBlueprint:Warning: [compiler] Warning [0018.74] Compile of ContextMenu successful, but with 2 Warning(s) [in 286 ms]
[2015.06.06-16.57.01:017][  0]LogBlueprint:Warning: [compiler] Warning [0018.74] Compile of ContextMenu successful, but with 3 Warning(s) [in 0 ms]
[2015.06.06-16.57.01:085][  0]LogBlueprint:Warning: [compiler] Warning InputAction Event references unknown Action 'Sprint' for  InputAction Sprint 
[2015.06.06-16.57.01:110][  0]LogBlueprint:Warning: [compiler] Warning [0018.83] Compile of ExplorationCharacter successful, but with 1 Warning(s) [in 88 ms]
[2015.06.06-16.57.01:110][  0]LogBlueprint:Warning: [compiler] Warning [0018.83] Compile of ExplorationCharacter successful, but with 2 Warning(s) [in 0 ms]
[2015.06.06-16.57.04:216][  0]LogK2Compiler:Warning: Failed to patch linker table for blueprint CDO Default__SKEL_level_1_C
[2015.06.06-16.57.04:221][  0]LogK2Compiler:Warning: Failed to patch linker table for blueprint CDO Default__level_C
[2015.06.06-16.57.05:765][  0]LogEditorServer: Finished looking for orphan Actors (0.000 secs)
[2015.06.06-16.57.05:774][  0]LogAIModule: Creating AISystem for world level_1
[2015.06.06-16.57.05:775][  0]Cmd: MAP CHECKDEP
[2015.06.06-16.57.05:775][  0]MapCheck: New page: level_1 - Jun 6, 2015, 2:57:05 AM
[2015.06.06-16.57.05:775][  0]LogEditorServer:Warning: WorldSettings contains streaming level '/Game/Levels/level_3' which isn't loaded.
[2015.06.06-16.57.05:892][  0]MapCheck: Info Map check complete: 0 Error(s), 0 Warning(s), took 116.96ms to complete.
[2015.06.06-16.57.05:892][  0]LogFileHelpers: Loading map 'level_1' took 8.612
[2015.06.06-16.57.06:054][  0]LogCollectionManager: Loaded 0 collections in 0.001229 seconds
[2015.06.06-16.57.06:064][  0]LogContentBrowser: Native class hierarchy populated in 0.0096 seconds. Added 1703 classes and 263 folders.
[2015.06.06-16.57.06:098][  0]LogContentBrowser: Native class hierarchy updated for 'SceneOutliner' in 0.0017 seconds. Added 1 classes and 2 folders.
[2015.06.06-16.57.06:272][  0]LogContentBrowser: Native class hierarchy updated for 'WorldBrowser' in 0.0016 seconds. Added 1 classes and 3 folders.
[2015.06.06-16.57.06:301][  0]LogCrashTracker: Crashtracker disabled due to settings.
[2015.06.06-16.57.06:307][  0]LogSlate:Warning: Failed to load font data from 'Veranda'
[2015.06.06-16.57.06:315][  0]LogUObjectGlobals:Warning: Failed to find object 'Class None.'
[2015.06.06-16.57.06:345][  0]LogLoad: Full Startup: 24.07 seconds (BP compile: 2.92 seconds)
[2015.06.06-16.57.06:392][  0]LogContentBrowser:Verbose: The content browser source was changed by the sources view to '/Game/FirstPersonBP/light'
[2015.06.06-16.57.06:581][  0]LogRenderer:Warning: Reallocating scene render targets to support 32x32 (Frame:2).
[2015.06.06-16.57.06:804][  0]LogRenderer:Warning: Reallocating scene render targets to support 1104x576 (Frame:9).
[2015.06.06-16.57.07:448][ 11]LogAssetRegistry: Asset discovery search completed in 11.7418 seconds
[2015.06.06-16.57.18:914][667]LogEditorViewport: Clicking on Actor (LMB): testMirror_C (testMirror10)
[2015.06.06-17.07.08:880][875]Cmd: OBJ SAVEPACKAGE PACKAGE="/Game/Levels/level_1" FILE="../../../../../../College/CS188/Project1/Saved/Autosaves/Game/Levels/level_1_Auto1.umap" SILENT=true AUTOSAVING=true KEEPDIRTY=false
[2015.06.06-17.07.09:076][875]LogSavePackage: Save=171.957199ms
[2015.06.06-17.07.09:076][875]LogSavePackage: Moving '../../../../../../College/CS188/Project1/Saved/level_1_Auto12F88167049DAAE375A930C94BB4C548B.tmp' to '../../../../../../College/CS188/Project1/Saved/Autosaves/Game/Levels/level_1_Auto1.umap'
[2015.06.06-17.07.09:089][875]LogFileHelpers: Editor autosave (incl. sublevels) for '/Game/Levels/level_1' took 0.458
[2015.06.06-17.07.09:089][875]LogFileHelpers: Editor autosave (incl. sublevels) for all levels took 0.458
[2015.06.06-17.07.24:221][770]BlueprintLog: New page: Pre-PIE auto-recompile
[2015.06.06-17.07.24:224][770]LogPlayLevel: [PIE] Compiling level_1 before PIE...
[2015.06.06-17.07.24:311][770]LogPlayLevel: PIE:  Blueprint regeneration took 89 ms (1 blueprints)
[2015.06.06-17.07.24:311][770]PIE: New page: PIE session: level_1 (Jun 6, 2015, 3:07:24 AM)
[2015.06.06-17.07.24:334][770]LogBlueprint:Warning: FMemberReference::ResolveMember (K2_TeleportTo) bSelfContext == true, but no scope supplied!
[2015.06.06-17.07.24:334][770]LogBlueprint:Warning: FMemberReference::ResolveMember (K2_TeleportTo) bSelfContext == true, but no scope supplied!
[2015.06.06-17.07.24:340][770]LogPlayLevel: PIE: StaticDuplicateObject took: (0.028290s)
[2015.06.06-17.07.24:341][770]LogPlayLevel: PIE: World Init took: (0.000815s)
[2015.06.06-17.07.24:341][770]LogPlayLevel: PIE: Created PIE world by copying editor world from /Game/Levels/level_1.level_1 to /Game/Levels/UEDPIE_0_level_1.level_1 (0.029293s)
[2015.06.06-17.07.24:401][770]LogWorld: Game class is 'FirstPersonGameMode_C'
[2015.06.06-17.07.24:405][770]LogWorld: PIE: Copying PIE streaming level from /Game/Levels/level_2.level_2 to /Game/Levels/UEDPIE_0_level_2.level_2. OwningWorld: /Game/Levels/UEDPIE_0_level_1.level_1
[2015.06.06-17.07.24:410][770]LogWorld: PIE: Copying PIE streaming level from /Game/Levels/level_3.level_3 to /Game/Levels/UEDPIE_0_level_3.level_3. OwningWorld: /Game/Levels/UEDPIE_0_level_1.level_1
[2015.06.06-17.07.24:419][770]LogAIModule: Creating AISystem for world level_1
[2015.06.06-17.07.24:428][770]LogWorld: Bringing World /Game/Levels/UEDPIE_0_level_1.level_1 up for play (max tick rate 60) at 2015.06.06-10.07.24
[2015.06.06-17.07.24:431][770]LogWorld: Bringing up level for play took: 0.010677
[2015.06.06-17.07.24:434][770]PIE: Info Play in editor start time for /Game/Levels/UEDPIE_0_level_1 0.123
[2015.06.06-17.07.24:463][771]LogRenderer:Warning: Reallocating scene render targets to support 1104x1024 (Frame:1681).
[2015.06.06-17.07.34:058][311]LogParticles: Destroying 0 GPU particle simulations for FXSystem 0x000000CC2D068860
[2015.06.06-17.07.38:591][562]BlueprintLog: New page: Compile testMirror
[2015.06.06-17.07.38:806][562]BlueprintEditorCompileResults: Info [0656.53] Compile of testMirror successful! [in 214 ms]
[2015.06.06-17.07.50:352][212]BlueprintLog: New page: Pre-PIE auto-recompile
[2015.06.06-17.07.50:358][212]LogPlayLevel: [PIE] Compiling FirstPersonCharacter before PIE...
[2015.06.06-17.07.50:699][212]LogPlayLevel: [PIE] Compiling level_1 before PIE...
[2015.06.06-17.07.50:753][212]LogPlayLevel: [PIE] Compiling GlowCube before PIE...
[2015.06.06-17.07.50:914][212]LogPlayLevel: [PIE] Compiling testMirror before PIE...
[2015.06.06-17.07.51:082][212]LogPlayLevel: [PIE] Compiling standlight before PIE...
[2015.06.06-17.07.51:236][212]LogPlayLevel: PIE:  Blueprint regeneration took 883 ms (5 blueprints)
[2015.06.06-17.07.51:236][212]PIE: New page: PIE session: level_1 (Jun 6, 2015, 3:07:51 AM)
[2015.06.06-17.07.51:258][212]LogBlueprint:Warning: FMemberReference::ResolveMember (K2_TeleportTo) bSelfContext == true, but no scope supplied!
[2015.06.06-17.07.51:258][212]LogBlueprint:Warning: FMemberReference::ResolveMember (K2_TeleportTo) bSelfContext == true, but no scope supplied!
[2015.06.06-17.07.51:264][212]LogPlayLevel: PIE: StaticDuplicateObject took: (0.027581s)
[2015.06.06-17.07.51:264][212]LogPlayLevel: PIE: World Init took: (0.000593s)
[2015.06.06-17.07.51:264][212]LogPlayLevel: PIE: Created PIE world by copying editor world from /Game/Levels/level_1.level_1 to /Game/Levels/UEDPIE_0_level_1.level_1 (0.028347s)
[2015.06.06-17.07.51:298][212]LogWorld: Game class is 'FirstPersonGameMode_C'
[2015.06.06-17.07.51:302][212]LogWorld: PIE: Copying PIE streaming level from /Game/Levels/level_2.level_2 to /Game/Levels/UEDPIE_0_level_2.level_2. OwningWorld: /Game/Levels/UEDPIE_0_level_1.level_1
[2015.06.06-17.07.51:307][212]LogWorld: PIE: Copying PIE streaming level from /Game/Levels/level_3.level_3 to /Game/Levels/UEDPIE_0_level_3.level_3. OwningWorld: /Game/Levels/UEDPIE_0_level_1.level_1
[2015.06.06-17.07.51:311][212]LogAIModule: Creating AISystem for world level_1
[2015.06.06-17.07.51:319][212]LogWorld: Bringing World /Game/Levels/UEDPIE_0_level_1.level_1 up for play (max tick rate 60) at 2015.06.06-10.07.51
[2015.06.06-17.07.51:321][212]LogWorld: Bringing up level for play took: 0.010018
[2015.06.06-17.07.51:323][212]PIE: Info Play in editor start time for /Game/Levels/UEDPIE_0_level_1 1.012
[2015.06.06-17.08.01:644][810]LogParticles: Destroying 0 GPU particle simulations for FXSystem 0x000000CC2B845080
[2015.06.06-17.08.06:446][ 86]BlueprintLog: New page: Compile testMirror
[2015.06.06-17.08.06:654][ 86]BlueprintEditorCompileResults: Info [0684.38] Compile of testMirror successful! [in 208 ms]
[2015.06.06-17.08.07:990][154]BlueprintLog: New page: Pre-PIE auto-recompile
[2015.06.06-17.08.07:996][154]LogPlayLevel: [PIE] Compiling FirstPersonCharacter before PIE...
[2015.06.06-17.08.08:331][154]LogPlayLevel: [PIE] Compiling level_1 before PIE...
[2015.06.06-17.08.08:387][154]LogPlayLevel: [PIE] Compiling GlowCube before PIE...
[2015.06.06-17.08.08:550][154]LogPlayLevel: [PIE] Compiling testMirror before PIE...
[2015.06.06-17.08.08:716][154]LogPlayLevel: [PIE] Compiling standlight before PIE...
[2015.06.06-17.08.08:866][154]LogPlayLevel: PIE:  Blueprint regeneration took 876 ms (5 blueprints)
[2015.06.06-17.08.08:867][154]PIE: New page: PIE session: level_1 (Jun 6, 2015, 3:08:08 AM)
[2015.06.06-17.08.08:888][154]LogBlueprint:Warning: FMemberReference::ResolveMember (K2_TeleportTo) bSelfContext == true, but no scope supplied!
[2015.06.06-17.08.08:888][154]LogBlueprint:Warning: FMemberReference::ResolveMember (K2_TeleportTo) bSelfContext == true, but no scope supplied!
[2015.06.06-17.08.08:893][154]LogPlayLevel: PIE: StaticDuplicateObject took: (0.026341s)
[2015.06.06-17.08.08:894][154]LogPlayLevel: PIE: World Init took: (0.000652s)
[2015.06.06-17.08.08:894][154]LogPlayLevel: PIE: Created PIE world by copying editor world from /Game/Levels/level_1.level_1 to /Game/Levels/UEDPIE_0_level_1.level_1 (0.027154s)
[2015.06.06-17.08.08:929][154]LogWorld: Game class is 'FirstPersonGameMode_C'
[2015.06.06-17.08.08:932][154]LogWorld: PIE: Copying PIE streaming level from /Game/Levels/level_2.level_2 to /Game/Levels/UEDPIE_0_level_2.level_2. OwningWorld: /Game/Levels/UEDPIE_0_level_1.level_1
[2015.06.06-17.08.08:937][154]LogWorld: PIE: Copying PIE streaming level from /Game/Levels/level_3.level_3 to /Game/Levels/UEDPIE_0_level_3.level_3. OwningWorld: /Game/Levels/UEDPIE_0_level_1.level_1
[2015.06.06-17.08.08:940][154]LogAIModule: Creating AISystem for world level_1
[2015.06.06-17.08.08:948][154]LogWorld: Bringing World /Game/Levels/UEDPIE_0_level_1.level_1 up for play (max tick rate 60) at 2015.06.06-10.08.08
[2015.06.06-17.08.08:950][154]LogWorld: Bringing up level for play took: 0.008840
[2015.06.06-17.08.08:951][154]PIE: Info Play in editor start time for /Game/Levels/UEDPIE_0_level_1 0.64
[2015.06.06-17.08.21:774][891]LogParticles: Destroying 0 GPU particle simulations for FXSystem 0x000000CC58BD7920
[2015.06.06-17.08.33:484][579]BlueprintLog: New page: Compile testMirror
[2015.06.06-17.08.33:692][579]BlueprintEditorCompileResults: Info [0711.42] Compile of testMirror successful! [in 208 ms]
[2015.06.06-17.08.34:973][645]BlueprintLog: New page: Pre-PIE auto-recompile
[2015.06.06-17.08.34:979][645]LogPlayLevel: [PIE] Compiling FirstPersonCharacter before PIE...
[2015.06.06-17.08.35:319][645]LogPlayLevel: [PIE] Compiling level_1 before PIE...
[2015.06.06-17.08.35:371][645]LogPlayLevel: [PIE] Compiling GlowCube before PIE...
[2015.06.06-17.08.35:535][645]LogPlayLevel: [PIE] Compiling testMirror before PIE...
[2015.06.06-17.08.35:706][645]LogPlayLevel: [PIE] Compiling standlight before PIE...
[2015.06.06-17.08.35:856][645]LogPlayLevel: PIE:  Blueprint regeneration took 883 ms (5 blueprints)
[2015.06.06-17.08.35:856][645]PIE: New page: PIE session: level_1 (Jun 6, 2015, 3:08:35 AM)
[2015.06.06-17.08.35:877][645]LogBlueprint:Warning: FMemberReference::ResolveMember (K2_TeleportTo) bSelfContext == true, but no scope supplied!
[2015.06.06-17.08.35:877][645]LogBlueprint:Warning: FMemberReference::ResolveMember (K2_TeleportTo) bSelfContext == true, but no scope supplied!
[2015.06.06-17.08.35:883][645]LogPlayLevel: PIE: StaticDuplicateObject took: (0.026105s)
[2015.06.06-17.08.35:883][645]LogPlayLevel: PIE: World Init took: (0.000551s)
[2015.06.06-17.08.35:883][645]LogPlayLevel: PIE: Created PIE world by copying editor world from /Game/Levels/level_1.level_1 to /Game/Levels/UEDPIE_0_level_1.level_1 (0.026819s)
[2015.06.06-17.08.35:923][645]LogWorld: Game class is 'FirstPersonGameMode_C'
[2015.06.06-17.08.35:926][645]LogWorld: PIE: Copying PIE streaming level from /Game/Levels/level_2.level_2 to /Game/Levels/UEDPIE_0_level_2.level_2. OwningWorld: /Game/Levels/UEDPIE_0_level_1.level_1
[2015.06.06-17.08.35:931][645]LogWorld: PIE: Copying PIE streaming level from /Game/Levels/level_3.level_3 to /Game/Levels/UEDPIE_0_level_3.level_3. OwningWorld: /Game/Levels/UEDPIE_0_level_1.level_1
[2015.06.06-17.08.35:935][645]LogAIModule: Creating AISystem for world level_1
[2015.06.06-17.08.35:942][645]LogWorld: Bringing World /Game/Levels/UEDPIE_0_level_1.level_1 up for play (max tick rate 60) at 2015.06.06-10.08.35
[2015.06.06-17.08.35:944][645]LogWorld: Bringing up level for play took: 0.009048
[2015.06.06-17.08.35:946][645]PIE: Info Play in editor start time for /Game/Levels/UEDPIE_0_level_1 1.635
[2015.06.06-17.09.40:428][221]LogParticles: Destroying 0 GPU particle simulations for FXSystem 0x000000CC2BE11940
[2015.06.06-17.10.00:618][378]BlueprintLog: New page: Compile testMirror
[2015.06.06-17.10.00:835][378]BlueprintEditorCompileResults: Info [0798.56] Compile of testMirror successful! [in 216 ms]
[2015.06.06-17.11.01:451][  7]Cmd: OBJ SAVEPACKAGE PACKAGE="/Game/FirstPersonBP/Blueprints/testMirror" FILE="../../../../../../College/CS188/Project1/Content/FirstPersonBP/Blueprints/testMirror.uasset" SILENT=true
[2015.06.06-17.11.02:024][  7]LogSavePackage: Save=548.644409ms
[2015.06.06-17.11.02:024][  7]LogSavePackage: Moving '../../../../../../College/CS188/Project1/Saved/testMirrorD93A910C41B0B1796072AC9B9A1E48BA.tmp' to '../../../../../../College/CS188/Project1/Content/FirstPersonBP/Blueprints/testMirror.uasset'
[2015.06.06-17.18.49:927][215]Cmd: OBJ SAVEPACKAGE PACKAGE="/Game/Levels/level_1" FILE="../../../../../../College/CS188/Project1/Saved/Autosaves/Game/Levels/level_1_Auto2.umap" SILENT=true AUTOSAVING=true KEEPDIRTY=false
[2015.06.06-17.18.50:190][215]LogSavePackage: Save=228.030655ms
[2015.06.06-17.18.50:190][215]LogSavePackage: Moving '../../../../../../College/CS188/Project1/Saved/level_1_Auto246420710453F4E9BDB56AF8B0DA8956E.tmp' to '../../../../../../College/CS188/Project1/Saved/Autosaves/Game/Levels/level_1_Auto2.umap'
[2015.06.06-17.18.50:200][215]LogFileHelpers: Editor autosave (incl. sublevels) for '/Game/Levels/level_1' took 0.397
[2015.06.06-17.18.50:200][215]LogFileHelpers: Editor autosave (incl. sublevels) for all levels took 0.397
[2015.06.06-18.26.59:075][332]Cmd: QUIT_EDITOR
[2015.06.06-18.26.59:289][332]LogExit: Preparing to exit.
[2015.06.06-18.26.59:956][332]LogExit: Editor shut down
[2015.06.06-18.26.59:957][332]LogExit: Transaction tracking system shut down
[2015.06.06-18.26.59:966][332]LogParticles: Destroying 0 GPU particle simulations for FXSystem 0x000000CC355AB4C0
[2015.06.06-18.26.59:968][332]LogParticles: Destroying 0 GPU particle simulations for FXSystem 0x000000CC3B225D00
[2015.06.06-18.26.59:968][332]LogParticles: Destroying 0 GPU particle simulations for FXSystem 0x000000CC3D4F2C00
[2015.06.06-18.26.59:968][332]LogParticles: Destroying 0 GPU particle simulations for FXSystem 0x000000CC3D4F34C0
[2015.06.06-18.26.59:968][332]LogParticles: Destroying 0 GPU particle simulations for FXSystem 0x000000CC3D4F0B80
[2015.06.06-18.26.59:969][332]LogParticles: Destroying 0 GPU particle simulations for FXSystem 0x000000CC086D1800
[2015.06.06-18.27.00:081][332]LogExit: Object subsystem successfully closed.
[2015.06.06-18.27.00:138][332]LogModuleManager: Shutting down and abandoning module CrashTracker (179)
[2015.06.06-18.27.00:138][332]LogModuleManager: Shutting down and abandoning module SuperSearch (178)
[2015.06.06-18.27.00:138][332]LogModuleManager: Shutting down and abandoning module WorldBrowser (177)
[2015.06.06-18.27.00:138][332]LogModuleManager: Shutting down and abandoning module SceneOutliner (176)
[2015.06.06-18.27.00:138][332]LogModuleManager: Shutting down and abandoning module EditorWidgets (175)
[2015.06.06-18.27.00:138][332]LogModuleManager: Shutting down and abandoning module CollectionManager (174)
[2015.06.06-18.27.00:139][332]LogModuleManager: Shutting down and abandoning module StatsViewer (173)
[2015.06.06-18.27.00:139][332]LogModuleManager: Shutting down and abandoning module FoliageEdit (172)
[2015.06.06-18.27.00:139][332]LogModuleManager: Shutting down and abandoning module LandscapeEditor (171)
[2015.06.06-18.27.00:139][332]LogModuleManager: Shutting down and abandoning module MeshPaint (170)
[2015.06.06-18.27.00:139][332]LogModuleManager: Shutting down and abandoning module ActorPickerMode (169)
[2015.06.06-18.27.00:139][332]LogModuleManager: Shutting down and abandoning module GeometryMode (168)
[2015.06.06-18.27.00:139][332]LogModuleManager: Shutting down and abandoning module TextureAlignMode (167)
[2015.06.06-18.27.00:139][332]LogModuleManager: Shutting down and abandoning module BspMode (166)
[2015.06.06-18.27.00:139][332]LogModuleManager: Shutting down and abandoning module PlacementMode (165)
[2015.06.06-18.27.00:139][332]LogModuleManager: Shutting down and abandoning module AutomationWorker (164)
[2015.06.06-18.27.00:139][332]LogModuleManager: Shutting down and abandoning module CharacterAI (163)
[2015.06.06-18.27.00:139][332]LogModuleManager: Shutting down and abandoning module SmartSnapping (162)
[2015.06.06-18.27.00:139][332]LogModuleManager: Shutting down and abandoning module ViewportSnapping (161)
[2015.06.06-18.27.00:139][332]LogModuleManager: Shutting down and abandoning module LogVisualizer (160)
[2015.06.06-18.27.00:139][332]LogModuleManager: Shutting down and abandoning module GameProjectGeneration (159)
[2015.06.06-18.27.00:140][332]LogModuleManager: Shutting down and abandoning module IntroTutorials (158)
[2015.06.06-18.27.00:140][332]LogModuleManager: Shutting down and abandoning module EditorLiveStreaming (157)
[2015.06.06-18.27.00:140][332]LogModuleManager: Shutting down and abandoning module HardwareTargeting (156)
[2015.06.06-18.27.00:140][332]LogModuleManager: Shutting down and abandoning module DeviceProfileEditor (155)
[2015.06.06-18.27.00:140][332]LogModuleManager: Shutting down and abandoning module UndoHistory (154)
[2015.06.06-18.27.00:140][332]LogModuleManager: Shutting down and abandoning module GameplayTagsEditor (153)
[2015.06.06-18.27.00:140][332]LogModuleManager: Shutting down and abandoning module UserFeedback (152)
[2015.06.06-18.27.00:140][332]LogModuleManager: Shutting down and abandoning module XmlParser (151)
[2015.06.06-18.27.00:140][332]LogModuleManager: Shutting down and abandoning module Blutility (150)
[2015.06.06-18.27.00:140][332]LogModuleManager: Shutting down and abandoning module IOSPlatformEditor (149)
[2015.06.06-18.27.00:140][332]LogModuleManager: Shutting down and abandoning module IOSRuntimeSettings (148)
[2015.06.06-18.27.00:140][332]LogModuleManager: Shutting down and abandoning module AndroidDeviceDetection (147)
[2015.06.06-18.27.00:385][332]LogModuleManager: Shutting down and abandoning module AndroidPlatformEditor (146)
[2015.06.06-18.27.00:385][332]LogModuleManager: Shutting down and abandoning module AndroidRuntimeSettings (145)
[2015.06.06-18.27.00:385][332]LogModuleManager: Shutting down and abandoning module ProjectTargetPlatformEditor (144)
[2015.06.06-18.27.00:385][332]LogModuleManager: Shutting down and abandoning module ProjectSettingsViewer (143)
[2015.06.06-18.27.00:385][332]LogModuleManager: Shutting down and abandoning module InputBindingEditor (142)
[2015.06.06-18.27.00:386][332]LogModuleManager: Shutting down and abandoning module EditorSettingsViewer (141)
[2015.06.06-18.27.00:386][332]LogModuleManager: Shutting down and abandoning module SettingsEditor (140)
[2015.06.06-18.27.00:386][332]LogModuleManager: Shutting down and abandoning module ProjectLauncher (139)
[2015.06.06-18.27.00:386][332]LogModuleManager: Shutting down and abandoning module SessionFrontend (138)
[2015.06.06-18.27.00:386][332]LogModuleManager: Shutting down and abandoning module ProfilerClient (137)
[2015.06.06-18.27.00:386][332]LogModuleManager: Shutting down and abandoning module TargetDeviceServices (136)
[2015.06.06-18.27.00:386][332]LogModuleManager: Shutting down and abandoning module DeviceManager (135)
[2015.06.06-18.27.00:387][332]LogModuleManager: Shutting down and abandoning module AutomationController (134)
[2015.06.06-18.27.00:387][332]LogModuleManager: Shutting down and abandoning module AutomationWindow (133)
[2015.06.06-18.27.00:387][332]LogModuleManager: Shutting down and abandoning module Layers (132)
[2015.06.06-18.27.00:388][332]LogModuleManager: Shutting down and abandoning module ComponentVisualizers (131)
[2015.06.06-18.27.00:388][332]LogModuleManager: Shutting down and abandoning module DetailCustomizations (130)
[2015.06.06-18.27.00:388][332]LogModuleManager: Shutting down and abandoning module PackagesDialog (129)
[2015.06.06-18.27.00:389][332]LogModuleManager: Shutting down and abandoning module AssetRegistry (128)
[2015.06.06-18.27.00:599][332]LogModuleManager: Shutting down and abandoning module Persona (127)
[2015.06.06-18.27.00:599][332]LogModuleManager: Shutting down and abandoning module SlateReflector (126)
[2015.06.06-18.27.00:599][332]LogModuleManager: Shutting down and abandoning module LevelEditor (125)
[2015.06.06-18.27.00:600][332]LogModuleManager: Shutting down and abandoning module Kismet (124)
[2015.06.06-18.27.00:600][332]LogModuleManager: Shutting down and abandoning module GraphEditor (123)
[2015.06.06-18.27.00:600][332]LogModuleManager: Shutting down and abandoning module ClassViewer (122)
[2015.06.06-18.27.00:600][332]LogModuleManager: Shutting down and abandoning module Toolbox (121)
[2015.06.06-18.27.00:600][332]LogModuleManager: Shutting down and abandoning module ModuleUI (120)
[2015.06.06-18.27.00:601][332]LogModuleManager: Shutting down and abandoning module MovieSceneTools (119)
[2015.06.06-18.27.00:601][332]LogModuleManager: Shutting down and abandoning module OutputLog (118)
[2015.06.06-18.27.00:601][332]LogModuleManager: Shutting down and abandoning module GammaUI (117)
[2015.06.06-18.27.00:601][332]LogModuleManager: Shutting down and abandoning module Documentation (116)
[2015.06.06-18.27.00:601][332]LogModuleManager: Shutting down and abandoning module GameLiveStreaming (115)
[2015.06.06-18.27.00:601][332]LogModuleManager: Shutting down and abandoning module StreamingPauseRendering (114)
[2015.06.06-18.27.00:601][332]LogModuleManager: Shutting down and abandoning module HTTP (113)
[2015.06.06-18.27.00:601][332]LogModuleManager: Shutting down and abandoning module AnalyticsET (112)
[2015.06.06-18.27.00:601][332]LogModuleManager: Shutting down and abandoning module Analytics (111)
[2015.06.06-18.27.00:601][332]LogModuleManager: Shutting down and abandoning module AITestSuite (110)
[2015.06.06-18.27.00:601][332]LogModuleManager: Shutting down and abandoning module GameplayDebugger (109)
[2015.06.06-18.27.00:601][332]LogModuleManager: Shutting down and abandoning module AIModule (108)
[2015.06.06-18.27.00:601][332]LogModuleManager: Shutting down and abandoning module ProfilerService (107)
[2015.06.06-18.27.00:607][332]LogModuleManager: Shutting down and abandoning module TaskGraph (106)
[2015.06.06-18.27.00:607][332]LogModuleManager: Shutting down and abandoning module SlateRemote (105)
[2015.06.06-18.27.00:607][332]LogModuleManager: Shutting down and abandoning module ScriptEditorPlugin (104)
[2015.06.06-18.27.00:607][332]LogModuleManager: Shutting down and abandoning module CustomMeshComponent (103)
[2015.06.06-18.27.00:607][332]LogModuleManager: Shutting down and abandoning module CableComponent (102)
[2015.06.06-18.27.00:607][332]LogModuleManager: Shutting down and abandoning module MessagingDebugger (101)
[2015.06.06-18.27.00:608][332]LogModuleManager: Shutting down and abandoning module MediaPlayerEditor (100)
[2015.06.06-18.27.00:608][332]LogModuleManager: Shutting down and abandoning module SpeedTreeImporter (99)
[2015.06.06-18.27.00:608][332]LogModuleManager: Shutting down and abandoning module PluginsEditor (98)
[2015.06.06-18.27.00:608][332]LogModuleManager: Shutting down and abandoning module MainFrame (97)
[2015.06.06-18.27.00:608][332]LogModuleManager: Shutting down and abandoning module EpicSurvey (96)
[2015.06.06-18.27.00:608][332]LogModuleManager: Shutting down and abandoning module DesktopPlatform (95)
[2015.06.06-18.27.00:608][332]LogModuleManager: Shutting down and abandoning module DirectoryWatcher (94)
[2015.06.06-18.27.00:610][332]LogModuleManager: Shutting down and abandoning module HotReload (93)
[2015.06.06-18.27.00:610][332]LogModuleManager: Shutting down and abandoning module VisualStudioSourceCodeAccess (92)
[2015.06.06-18.27.00:610][332]LogModuleManager: Shutting down and abandoning module UObjectPlugin (91)
[2015.06.06-18.27.00:610][332]LogModuleManager: Shutting down and abandoning module SubversionSourceControl (90)
[2015.06.06-18.27.00:610][332]LogModuleManager: Shutting down and abandoning module PerforceSourceControl (89)
[2015.06.06-18.27.00:610][332]LogModuleManager: Shutting down and abandoning module SourceControl (88)
[2015.06.06-18.27.00:610][332]LogModuleManager: Shutting down and abandoning module GitSourceControl (87)
[2015.06.06-18.27.00:610][332]LogModuleManager: Shutting down and abandoning module BlankPlugin (86)
[2015.06.06-18.27.00:610][332]LogModuleManager: Shutting down and abandoning module PaperTiledImporter (85)
[2015.06.06-18.27.00:610][332]LogModuleManager: Shutting down and abandoning module PaperJsonImporter (84)
[2015.06.06-18.27.00:610][332]LogModuleManager: Shutting down and abandoning module ContentBrowser (83)
[2015.06.06-18.27.00:611][332]LogModuleManager: Shutting down and abandoning module Paper2DEditor (82)
[2015.06.06-18.27.00:611][332]LogModuleManager: Shutting down and abandoning module ScriptPlugin (81)
[2015.06.06-18.27.00:611][332]LogModuleManager: Shutting down and abandoning module UdpMessaging (80)
[2015.06.06-18.27.00:712][332]LogModuleManager: Shutting down and abandoning module Paper2D (79)
[2015.06.06-18.27.00:712][332]LogModuleManager: Shutting down and abandoning module WindowsMoviePlayer (78)
[2015.06.06-18.27.00:716][332]LogModuleManager: Shutting down and abandoning module Media (77)
[2015.06.06-18.27.00:716][332]LogModuleManager: Shutting down and abandoning module WmfMedia (76)
[2015.06.06-18.27.00:716][332]LogModuleManager: Shutting down and abandoning module OnlineBlueprintSupport (75)
[2015.06.06-18.27.00:716][332]LogModuleManager: Shutting down and abandoning module EnvironmentQueryEditor (74)
[2015.06.06-18.27.00:718][332]LogModuleManager: Shutting down and abandoning module PropertyEditor (73)
[2015.06.06-18.27.00:719][332]LogModuleManager: Shutting down and abandoning module BehaviorTreeEditor (72)
[2015.06.06-18.27.00:719][332]LogModuleManager: Shutting down and abandoning module FunctionalTesting (71)
[2015.06.06-18.27.00:719][332]LogModuleManager: Shutting down and abandoning module CollisionAnalyzer (70)
[2015.06.06-18.27.00:720][332]LogModuleManager: Shutting down and abandoning module WorkspaceMenuStructure (69)
[2015.06.06-18.27.00:720][332]LogModuleManager: Shutting down and abandoning module MessageLog (68)
[2015.06.06-18.27.00:720][332]LogModuleManager: Shutting down and abandoning module Sequencer (67)
[2015.06.06-18.27.00:721][332]LogModuleManager: Shutting down and abandoning module AssetTools (66)
[2015.06.06-18.27.00:722][332]LogModuleManager: Shutting down and abandoning module UMGEditor (65)
[2015.06.06-18.27.00:722][332]LogModuleManager: Shutting down and abandoning module UMG (64)
[2015.06.06-18.27.00:723][332]LogModuleManager: Shutting down and abandoning module Slate (63)
[2015.06.06-18.27.00:723][332]LogModuleManager: Shutting down and abandoning module EditorStyle (62)
[2015.06.06-18.27.00:726][332]LogModuleManager: Shutting down and abandoning module SessionServices (61)
[2015.06.06-18.27.00:726][332]LogModuleManager: Shutting down and abandoning module SourceCodeAccess (60)
[2015.06.06-18.27.00:726][332]LogModuleManager: Shutting down and abandoning module HeadMountedDisplay (59)
[2015.06.06-18.27.00:726][332]LogModuleManager: Shutting down and abandoning module XAudio2 (58)
[2015.06.06-18.27.00:726][332]LogModuleManager: Shutting down and abandoning module Networking (56)
[2015.06.06-18.27.00:726][332]LogModuleManager: Shutting down and abandoning module Core (55)
[2015.06.06-18.27.00:726][332]LogModuleManager: Shutting down and abandoning module KismetCompiler (54)
[2015.06.06-18.27.00:726][332]LogModuleManager: Shutting down and abandoning module PhysXFormats (53)
[2015.06.06-18.27.00:726][332]LogModuleManager: Shutting down and abandoning module MeshUtilities (52)
[2015.06.06-18.27.00:727][332]LogModuleManager: Shutting down and abandoning module DerivedDataCache (51)
[2015.06.06-18.27.00:772][332]LogDerivedDataCache: Shutdown
[2015.06.06-18.27.00:772][332]LogModuleManager: Shutting down and abandoning module ShaderFormatOpenGL (50)
[2015.06.06-18.27.00:772][332]LogModuleManager: Shutting down and abandoning module ShaderFormatD3D (49)
[2015.06.06-18.27.00:772][332]LogModuleManager: Shutting down and abandoning module MetalShaderFormat (48)
[2015.06.06-18.27.00:773][332]LogModuleManager: Shutting down and abandoning module TextureFormatUncompressed (47)
[2015.06.06-18.27.00:773][332]LogModuleManager: Shutting down and abandoning module TextureFormatPVR (46)
[2015.06.06-18.27.00:773][332]LogModuleManager: Shutting down and abandoning module TextureFormatIntelISPCTexComp (45)
[2015.06.06-18.27.00:773][332]LogModuleManager: Shutting down and abandoning module TextureFormatDXT (44)
[2015.06.06-18.27.00:773][332]LogModuleManager: Shutting down and abandoning module ImageWrapper (43)
[2015.06.06-18.27.00:773][332]LogModuleManager: Shutting down and abandoning module TextureFormatASTC (42)
[2015.06.06-18.27.00:773][332]LogModuleManager: Shutting down and abandoning module TextureFormatAndroid (41)
[2015.06.06-18.27.00:773][332]LogModuleManager: Shutting down and abandoning module AudioFormatOpus (40)
[2015.06.06-18.27.00:773][332]LogModuleManager: Shutting down and abandoning module AudioFormatOgg (39)
[2015.06.06-18.27.00:773][332]LogModuleManager: Shutting down and abandoning module AudioFormatADPCM (38)
[2015.06.06-18.27.00:773][332]LogModuleManager: Shutting down and abandoning module LinuxTargetPlatform (37)
[2015.06.06-18.27.00:773][332]LogModuleManager: Shutting down and abandoning module LinuxServerTargetPlatform (36)
[2015.06.06-18.27.00:773][332]LogModuleManager: Shutting down and abandoning module LinuxNoEditorTargetPlatform (35)
[2015.06.06-18.27.00:773][332]LogModuleManager: Shutting down and abandoning module Messaging (34)
[2015.06.06-18.27.00:773][332]LogModuleManager: Shutting down and abandoning module IOSTargetPlatform (33)
[2015.06.06-18.27.00:773][332]LogModuleManager: Shutting down and abandoning module HTML5TargetPlatform (32)
[2015.06.06-18.27.00:773][332]LogModuleManager: Shutting down and abandoning module Android_PVRTCTargetPlatform (31)
[2015.06.06-18.27.00:773][332]LogModuleManager: Shutting down and abandoning module Android_ETC2TargetPlatform (30)
[2015.06.06-18.27.00:773][332]LogModuleManager: Shutting down and abandoning module Android_ETC1TargetPlatform (29)
[2015.06.06-18.27.00:773][332]LogModuleManager: Shutting down and abandoning module Android_ES31TargetPlatform (28)
[2015.06.06-18.27.00:773][332]LogModuleManager: Shutting down and abandoning module Android_DXTTargetPlatform (27)
[2015.06.06-18.27.00:773][332]LogModuleManager: Shutting down and abandoning module Android_ATCTargetPlatform (26)
[2015.06.06-18.27.00:773][332]LogModuleManager: Shutting down and abandoning module AndroidTargetPlatform (25)
[2015.06.06-18.27.00:773][332]LogModuleManager: Shutting down and abandoning module WindowsTargetPlatform (24)
[2015.06.06-18.27.00:773][332]LogModuleManager: Shutting down and abandoning module WindowsServerTargetPlatform (23)
[2015.06.06-18.27.00:773][332]LogModuleManager: Shutting down and abandoning module WindowsNoEditorTargetPlatform (22)
[2015.06.06-18.27.00:773][332]LogModuleManager: Shutting down and abandoning module WindowsClientTargetPlatform (21)
[2015.06.06-18.27.00:773][332]LogModuleManager: Shutting down and abandoning module TargetPlatform (20)
[2015.06.06-18.27.00:773][332]LogModuleManager: Shutting down and abandoning module InputCore (19)
[2015.06.06-18.27.00:773][332]LogModuleManager: Shutting down and abandoning module Settings (18)
[2015.06.06-18.27.00:773][332]LogModuleManager: Shutting down and abandoning module OnlineSubsystem (16)
[2015.06.06-18.27.00:773][332]LogModuleManager: Shutting down and abandoning module OculusRift (15)
[2015.06.06-18.27.00:773][332]LogModuleManager: Shutting down and abandoning module ExampleDeviceProfileSelector (14)
[2015.06.06-18.27.00:773][332]LogModuleManager: Shutting down and abandoning module TextureCompressor (13)
[2015.06.06-18.27.00:773][332]LogModuleManager: Shutting down and abandoning module ShaderCore (12)
[2015.06.06-18.27.00:773][332]LogModuleManager: Shutting down and abandoning module Landscape (11)
[2015.06.06-18.27.00:773][332]LogModuleManager: Shutting down and abandoning module SlateRHIRenderer (10)
[2015.06.06-18.27.00:786][332]LogModuleManager: Shutting down and abandoning module OpenGLDrv (9)
[2015.06.06-18.27.00:786][332]LogModuleManager: Shutting down and abandoning module D3D11RHI (8)
[2015.06.06-18.27.00:786][332]LogModuleManager: Shutting down and abandoning module Renderer (7)
[2015.06.06-18.27.00:786][332]LogModuleManager: Shutting down and abandoning module Engine (6)
[2015.06.06-18.27.00:786][332]LogModuleManager: Shutting down and abandoning module CoreUObject (5)
[2015.06.06-18.27.00:786][332]LogModuleManager: Shutting down and abandoning module NetworkFile (4)
[2015.06.06-18.27.00:786][332]LogModuleManager: Shutting down and abandoning module StreamingFile (3)
[2015.06.06-18.27.00:786][332]LogModuleManager: Shutting down and abandoning module SandboxFile (2)
[2015.06.06-18.27.00:786][332]LogModuleManager: Shutting down and abandoning module PakFile (1)
[2015.06.06-18.27.00:788][332]LogExit: Exiting.
[2015.06.06-18.27.00:800][332]Log file closed, 06/06/15 11:27:00
=======
[2015.06.02-02.59.49:626][  0]LogTaskGraph: Started task graph with 3 named threads and 6 total threads.
[2015.06.02-02.59.49:705][  0]LogOnline:Warning: No default platform service specified for OnlineSubsystem
[2015.06.02-02.59.49:856][  0]LogInit: Presizing for 0 objects not considered by GC, pre-allocating 0 bytes.
[2015.06.02-02.59.50:034][  0]LogInit: Object subsystem initialized
[2015.06.02-02.59.50:178][  0]LogConsoleResponse:Warning: Skipping Unknown console variable: 'TranslucentSortAxis = (X=0.000000,Y=-1.000000,Z=0.000000)'
[2015.06.02-02.59.50:178][  0]LogConsoleResponse:Warning:   Found in ini file 'D:/Projects/CS188/Saved/Config/Windows/Engine.ini', in section '[/Script/Engine.RendererSettings]'
[2015.06.02-02.59.50:178][  0]LogConsoleResponse:Warning: Skipping Unknown console variable: 'UIScaleRule = ShortestSide'
[2015.06.02-02.59.50:178][  0]LogConsoleResponse:Warning:   Found in ini file 'D:/Projects/CS188/Saved/Config/Windows/Engine.ini', in section '[/Script/Engine.RendererSettings]'
[2015.06.02-02.59.50:178][  0]LogConsoleResponse:Warning: Skipping Unknown console variable: 'UIScaleCurve = (EditorCurveData=(Keys=),ExternalCurve=None)'
[2015.06.02-02.59.50:178][  0]LogConsoleResponse:Warning:   Found in ini file 'D:/Projects/CS188/Saved/Config/Windows/Engine.ini', in section '[/Script/Engine.RendererSettings]'
[2015.06.02-02.59.50:214][  0]LogInit: Selected Device Profile: [Windows]
[2015.06.02-02.59.50:214][  0]LogInit: Applying CVar settings loaded from the selected device profile: [Windows]
[2015.06.02-02.59.50:287][  0]LogInit: Computer: NICK
[2015.06.02-02.59.50:287][  0]LogInit: User: Nick
[2015.06.02-02.59.50:287][  0]LogInit: CPU Page size=4096, Cores=4
[2015.06.02-02.59.50:287][  0]LogInit: High frequency timer resolution =2.439995 MHz
[2015.06.02-02.59.50:287][  0]LogMemory: Memory total: Physical=15.9GB (16GB approx) Virtual=131072.0GB
[2015.06.02-02.59.50:287][  0]LogMemory: Platform Memory Stats for Windows
[2015.06.02-02.59.50:287][  0]LogMemory: Process Physical Memory: 47.37 MB used, 47.37 MB peak
[2015.06.02-02.59.50:287][  0]LogMemory: Process Virtual Memory: 27.64 MB used, 27.64 MB peak
[2015.06.02-02.59.50:287][  0]LogMemory: Physical Memory: 5083.50 MB used, 16269.45 MB total
[2015.06.02-02.59.50:287][  0]LogMemory: Virtual Memory: 293.99 MB used, 134217728.00 MB total
[2015.06.02-02.59.50:338][  0]LogD3D11RHI: Found D3D11 adapter 0: NVIDIA GeForce GTX 980M  (Feature Level 11_0)
[2015.06.02-02.59.50:338][  0]LogD3D11RHI: Adapter has 3981MB of dedicated video memory, 0MB of dedicated system memory, and 8134MB of shared system memory, 2 output[s]
[2015.06.02-02.59.50:344][  0]LogD3D11RHI: Found D3D11 adapter 1: Intel(R) HD Graphics 4600 (Feature Level 11_0)
[2015.06.02-02.59.50:344][  0]LogD3D11RHI: Adapter has 32MB of dedicated video memory, 0MB of dedicated system memory, and 1760MB of shared system memory, 0 output[s]
[2015.06.02-02.59.50:344][  0]LogD3D11RHI: Found D3D11 adapter 2: Microsoft Basic Render Driver (Feature Level 11_0)
[2015.06.02-02.59.50:344][  0]LogD3D11RHI: Adapter has 0MB of dedicated video memory, 0MB of dedicated system memory, and 256MB of shared system memory, 0 output[s]
[2015.06.02-02.59.50:344][  0]LogD3D11RHI: Chosen D3D11 Adapter Id = 0
[2015.06.02-02.59.50:349][  0]LogRHI: Texture pool is 1361 MB (70% of 1945 MB)
[2015.06.02-02.59.50:360][  0]LogD3D11RHI: Async texture creation enabled
[2015.06.02-02.59.51:839][  0]LogTextLocalizationManager: The requested culture ('en_US') has no localization data; parent culture's ('en') localization data will be used.
[2015.06.02-02.59.51:974][  0]LogTextLocalizationManager:Warning: Loading localization resources contain conflicting entries for (Namespace:UICommands, Key:Save_ToolTip):
Resource: (D:/Program Files/Epic Games/4.7/Engine/Content/Localization/Editor/en/Editor.locres) Hash: (-29098895) String: (Saves the current level to disk)
Resource: (D:/Program Files/Epic Games/4.7/Engine/Content/Localization/Engine/en/Engine.locres) Hash: (-1280300587) String: (Save selected data to vlog file)
[2015.06.02-02.59.51:974][  0]LogTextLocalizationManager:Warning: Loading localization resources contain conflicting entries for (Namespace:ContentBrowser, Key:ImportAssetToolTip):
Resource: (D:/Program Files/Epic Games/4.7/Engine/Content/Localization/Editor/en/Editor.locres) Hash: (-630476809) String: (Import to {0}...)
Resource: (D:/Program Files/Epic Games/4.7/Engine/Content/Localization/Editor/en/Editor.locres) Hash: (1271782899) String: (Imports an asset from file to this folder.)
[2015.06.02-02.59.52:070][  0]LogContentStreaming: Texture pool size is 0.000000MB
[2015.06.02-02.59.56:660][  0]LogTargetPlatformManager:Display: Building Assets For Windows
[2015.06.02-02.59.57:708][  0]LogTargetPlatformManager:Display: Building Assets For Windows
[2015.06.02-02.59.57:808][  0]LogDerivedDataCache:Display: Max Cache Size: 512 MB
[2015.06.02-02.59.57:951][  0]LogDerivedDataCache: Loaded boot cache 0.14s 39MB C:/Users/Nick/AppData/Local/UnrealEngine/4.7/DerivedDataCache/Boot.ddc.
[2015.06.02-02.59.57:951][  0]LogDerivedDataCache:Display: Loaded Boot cache: C:/Users/Nick/AppData/Local/UnrealEngine/4.7/DerivedDataCache/Boot.ddc
[2015.06.02-02.59.57:951][  0]LogDerivedDataCache: FDerivedDataBackendGraph:  Pak pak cache file ../../../../../../Projects/CS188/DerivedDataCache/DDC.ddp not found, will not use a pak cache.
[2015.06.02-02.59.57:951][  0]LogDerivedDataCache: Unable to find inner node Pak for hierarchical cache Hierarchy.
[2015.06.02-02.59.58:133][  0]LogDerivedDataCache:Display: Pak cache opened for reading ../../../Engine/DerivedDataCache/Compressed.ddp.
[2015.06.02-02.59.58:145][  0]LogDerivedDataCache: Using Local data cache path C:/Users/Nick/AppData/Local/UnrealEngine/Common/DerivedDataCache: Writable
[2015.06.02-03.00.05:632][  0]LogMeshUtilities: No automatic mesh reduction module available
[2015.06.02-03.00.05:632][  0]LogMeshUtilities: No automatic mesh merging module available
[2015.06.02-03.00.09:177][  0]LogInit: WinSock: version 1.1 (2.2), MaxSocks=32767, MaxUdp=65467
[2015.06.02-03.00.09:424][  0]LogSlate:Warning: Failed to load font data from '../../../Engine/Content/Slate/Fonts/Roboto-Italic.ttf'
[2015.06.02-03.00.18:600][  0]UdpMessaging: Initializing bridge on interface 0.0.0.0:0 to multicast group 230.0.0.1:6666.
[2015.06.02-03.00.19:327][  0]SourceControl: Info Source control is disabled
[2015.06.02-03.00.19:343][  0]SourceControl: Info Source control is disabled
[2015.06.02-03.00.19:343][  0]SourceControl: Info Source control is disabled
[2015.06.02-03.00.19:343][  0]LogSourceControl: RunCommandInternalRaw: 'git version'
[2015.06.02-03.00.19:343][  0]LogSourceControl: RunCommandInternalRaw: ExecProcess ReturnCode=2 OutResults=''
[2015.06.02-03.00.19:349][  0]SourceControl: Info Source control is disabled
[2015.06.02-03.00.20:077][  0]LogObj: 24262 objects as part of root set at end of initial load.
[2015.06.02-03.00.20:077][  0]LogUObjectAllocator: 5143896 out of 0 bytes used by permanent object pool.
[2015.06.02-03.00.20:684][  0]LogEngine: Initializing Engine...
[2015.06.02-03.00.23:093][  0]LogInit: XAudio2 using 'Speakers (Sound Blaster Recon3Di)' : 2 channels at 48 kHz using 32 bits per sample (channel mask 0x3)
[2015.06.02-03.00.23:120][  0]LogInit: FAudioDevice initialized.
[2015.06.02-03.00.23:534][  0]LogAIModule: Creating AISystem for world NewWorld
[2015.06.02-03.00.23:635][  0]LogDerivedDataCache: Saved boot cache 0.03s 39MB C:/Users/Nick/AppData/Local/UnrealEngine/4.7/DerivedDataCache/Boot.ddc.
[2015.06.02-03.00.23:641][  0]LogInit: Texture streaming: Enabled
[2015.06.02-03.00.23:947][  0]LogAnalytics: Creating configured Analytics provider AnalyticsET
[2015.06.02-03.00.23:947][  0]LogAnalytics: ET APIKey = Rocket.Release. APIServer = http://et2.epicgames.com/ET2/. AppVersion = 4.7.6-2513093+++depot+UE4-Releases+4.7
[2015.06.02-03.00.23:947][  0]LogAnalytics: ET APIKey = Rocket.Release. DataRouterUploadURL = https://datarouter-public-service-gamedev.ol.epicgames.net/datarouter/api/v1/public/data. AppVersion = 4.7.6-2513093+++depot+UE4-Releases+4.7
[2015.06.02-03.00.23:947][  0]LogAnalytics: SetUserId ab6368c444163251acb110a258e7624e|b4f9b7dea0844e6796c64f47432ddd98|3e22947b-d17b-4841-90be-94046d8216d7
[2015.06.02-03.00.23:961][  0]LogAnalytics: AnalyticsET::StartSession [Rocket.Release]
[2015.06.02-03.00.24:067][  0]LogInit: Transaction tracking system initialized
[2015.06.02-03.00.24:858][  0]BlueprintLog: New page: Editor Load
[2015.06.02-03.00.25:005][  0]LogAssetRegistry: FAssetRegistry took 0.0175 seconds to start up
[2015.06.02-03.00.25:006][  0]LogDirectoryWatcher:Warning: Failed to begin reading directory changes for ../../../Engine/Plugins/Experimental/CharacterAI/Content/. Error: 0
[2015.06.02-03.00.27:031][  0]LogTargetPlatformManager:Display: Building Assets For Windows
[2015.06.02-03.00.27:390][  0]LogTargetPlatformManager:Display: Building Assets For Windows
[2015.06.02-03.00.28:338][  0]LogSlate:Warning: Failed to load font data from '../../../Engine/Content/Editor/Slate/Fonts/Roboto-Regular.ttf'
[2015.06.02-03.00.28:339][  0]LogSlate:Warning: Failed to load font data from '../../../Engine/Content/Editor/Slate/Fonts/Roboto-Bold.ttf'
[2015.06.02-03.00.28:401][  0]LogConsoleResponse:Display: 
[2015.06.02-03.00.30:226][  0]LogCook:Display: Done creating registry. It took  0.00s.
[2015.06.02-03.00.32:111][  0]SourceControl: Info Source control is disabled
[2015.06.02-03.23.59:666][  0]Cmd: MAP LOAD FILE="../../../../../../Projects/CS188/Content/Levels/level_1.umap" TEMPLATE=0 SHOWPROGRESS=1 FEATURELEVEL=3
[2015.06.02-03.23.59:666][  0]LightingResults: New page: Lighting Build
[2015.06.02-03.23.59:737][  0]MapCheck: New page: Map Check
[2015.06.02-03.23.59:737][  0]LightingResults: New page: Lighting Build
[2015.06.02-03.23.59:887][  0]LogParticles: Destroying 0 GPU particle simulations for FXSystem 0x000000509A1A0D60
[2015.06.02-03.24.01:962][  0]LogBlueprint:Warning: [compiler] Warning InputAction Event references unknown Action 'Sprint' for  InputAction Sprint 
[2015.06.02-03.24.02:013][  0]LogBlueprint:Warning: [compiler] Warning [1458.93] Compile of ExplorationCharacter successful, but with 1 Warning(s) [in 133 ms]
[2015.06.02-03.24.02:013][  0]LogBlueprint:Warning: [compiler] Warning [1458.93] Compile of ExplorationCharacter successful, but with 2 Warning(s) [in 0 ms]
[2015.06.02-03.24.02:013][  0]LogBlueprint:Warning: [compiler] Warning [1458.93] Compile of ExplorationCharacter successful, but with 3 Warning(s) [in 0 ms]
[2015.06.02-03.24.02:013][  0]LogBlueprint:Warning: [compiler] Warning [1458.93] Compile of ExplorationCharacter successful, but with 4 Warning(s) [in 0 ms]
[2015.06.02-03.24.02:904][  0]LogBlueprint:Warning: [compiler] Warning InputAction Event references unknown Action 'Interact' for  InputAction Interact 
[2015.06.02-03.24.02:907][  0]LogBlueprint:Warning: [compiler] Warning Function ' Get Player Controller ' is unsafe to call in a construction script.
[2015.06.02-03.24.03:015][  0]LogBlueprint:Warning: [compiler] Warning [1459.93] Compile of ContextMenu successful, but with 2 Warning(s) [in 288 ms]
[2015.06.02-03.24.03:016][  0]LogBlueprint:Warning: [compiler] Warning [1459.93] Compile of ContextMenu successful, but with 3 Warning(s) [in 0 ms]
[2015.06.02-03.24.03:016][  0]LogBlueprint:Warning: [compiler] Warning [1459.93] Compile of ContextMenu successful, but with 4 Warning(s) [in 0 ms]
[2015.06.02-03.24.03:016][  0]LogBlueprint:Warning: [compiler] Warning [1459.93] Compile of ContextMenu successful, but with 5 Warning(s) [in 0 ms]
[2015.06.02-03.24.03:986][  0]LogBlueprint:Warning: [compiler] Warning InputAction Event references unknown Action 'ResetHMD' for  InputAction ResetHMD 
[2015.06.02-03.24.03:987][  0]LogBlueprint:Warning: [compiler] Warning InputAction Event references unknown Action 'OpenMenu' for  InputAction OpenMenu 
[2015.06.02-03.24.04:070][  0]LogBlueprint:Warning: [compiler] Warning [1460.98] Compile of VRPlayerController successful, but with 2 Warning(s) [in 228 ms]
[2015.06.02-03.24.04:071][  0]LogBlueprint:Warning: [compiler] Warning [1460.98] Compile of VRPlayerController successful, but with 3 Warning(s) [in 0 ms]
[2015.06.02-03.24.04:071][  0]LogBlueprint:Warning: [compiler] Warning [1460.98] Compile of VRPlayerController successful, but with 4 Warning(s) [in 0 ms]
[2015.06.02-03.24.04:071][  0]LogBlueprint:Warning: [compiler] Warning [1460.98] Compile of VRPlayerController successful, but with 5 Warning(s) [in 0 ms]
[2015.06.02-03.24.04:571][  0]LogBlueprint:Warning: [compiler] Warning InputAction Event references unknown Action 'ResetHMD' for  InputAction ResetHMD 
[2015.06.02-03.24.04:572][  0]LogBlueprint:Warning: [compiler] Warning InputAction Event references unknown Action 'OpenMenu' for  InputAction OpenMenu 
[2015.06.02-03.24.04:646][  0]LogBlueprint:Warning: [compiler] Warning [1461.56] Compile of VRPlayerController successful, but with 2 Warning(s) [in 200 ms]
[2015.06.02-03.24.04:646][  0]LogBlueprint:Warning: [compiler] Warning [1461.56] Compile of VRPlayerController successful, but with 3 Warning(s) [in 0 ms]
[2015.06.02-03.24.04:871][  0]LogBlueprint:Warning: [compiler] Warning InputAction Event references unknown Action 'Interact' for  InputAction Interact 
[2015.06.02-03.24.04:873][  0]LogBlueprint:Warning: [compiler] Warning Function ' Get Player Controller ' is unsafe to call in a construction script.
[2015.06.02-03.24.04:981][  0]LogBlueprint:Warning: [compiler] Warning [1461.89] Compile of ContextMenu successful, but with 2 Warning(s) [in 282 ms]
[2015.06.02-03.24.04:981][  0]LogBlueprint:Warning: [compiler] Warning [1461.89] Compile of ContextMenu successful, but with 3 Warning(s) [in 0 ms]
[2015.06.02-03.24.05:048][  0]LogBlueprint:Warning: [compiler] Warning InputAction Event references unknown Action 'Sprint' for  InputAction Sprint 
[2015.06.02-03.24.05:072][  0]LogBlueprint:Warning: [compiler] Warning [1461.98] Compile of ExplorationCharacter successful, but with 1 Warning(s) [in 87 ms]
[2015.06.02-03.24.05:073][  0]LogBlueprint:Warning: [compiler] Warning [1461.99] Compile of ExplorationCharacter successful, but with 2 Warning(s) [in 0 ms]
[2015.06.02-03.24.10:795][  0]LogK2Compiler:Warning: Failed to patch linker table for blueprint CDO Default__SKEL_level_1_C
[2015.06.02-03.24.10:800][  0]LogK2Compiler:Warning: Failed to patch linker table for blueprint CDO Default__level_C
[2015.06.02-03.24.13:844][  0]LogEditorServer: Finished looking for orphan Actors (0.000 secs)
[2015.06.02-03.24.13:899][  0]LogAIModule: Creating AISystem for world level_1
[2015.06.02-03.24.13:907][  0]Cmd: MAP CHECKDEP
[2015.06.02-03.24.13:918][  0]MapCheck: New page: level_1 - Jun 1, 2015, 1:24:13 PM
[2015.06.02-03.24.13:918][  0]LogEditorServer:Warning: WorldSettings contains streaming level '/Game/Levels/level_3' which isn't loaded.
[2015.06.02-03.24.14:125][  0]MapCheck: Info Map check complete: 0 Error(s), 0 Warning(s), took 217.336ms to complete.
[2015.06.02-03.24.14:125][  0]LogFileHelpers: Loading map 'level_1' took 14.485
[2015.06.02-03.24.15:263][  0]LogStats:Warning: MetaData mismatch. Did you assign a stat to two groups? New //STATGROUP_Threads//SplashScreenThread///Thread_23d4_0///////STATCAT_Advanced//// old //STATGROUP_Threads//SplashScreenThread///Thread_aa0_0///////STATCAT_Advanced////
[2015.06.02-03.24.15:263][  0]LogCollectionManager: Loaded 0 collections in 0.001604 seconds
[2015.06.02-03.24.15:287][  0]LogContentBrowser: Native class hierarchy populated in 0.0234 seconds. Added 1703 classes and 263 folders.
[2015.06.02-03.24.15:453][  0]LogContentBrowser: Native class hierarchy updated for 'SceneOutliner' in 0.0014 seconds. Added 1 classes and 2 folders.
[2015.06.02-03.24.16:314][  0]LogContentBrowser: Native class hierarchy updated for 'WorldBrowser' in 0.0023 seconds. Added 1 classes and 3 folders.
[2015.06.02-03.24.16:384][  0]LogCrashTracker: Crashtracker disabled due to settings.
[2015.06.02-03.24.16:424][  0]LogSlate:Warning: Failed to load font data from 'Veranda'
[2015.06.02-03.24.16:472][  0]LogUObjectGlobals:Warning: Failed to find object 'Class None.'
[2015.06.02-03.24.16:552][  0]LogLoad: Full Startup: 1473.46 seconds (BP compile: 3.44 seconds)
[2015.06.02-03.24.16:649][  0]LogContentBrowser:Verbose: The content browser source was changed by the sources view to '/Game/FirstPersonBP/Blueprints'
[2015.06.02-03.24.17:197][  0]LogRenderer:Warning: Reallocating scene render targets to support 32x32 (Frame:2).
[2015.06.02-03.24.17:656][  1]LogRenderer:Warning: Reallocating scene render targets to support 1008x584 (Frame:3).
[2015.06.02-03.24.20:489][ 15]LogAssetRegistry: Asset discovery search completed in 1435.5014 seconds
[2015.06.02-03.24.29:966][ 43]Cmd: OBJ SAVEPACKAGE PACKAGE="/Game/Levels/level_1" FILE="../../../../../../Projects/CS188/Content/Levels/level_1.umap" SILENT=true AUTOSAVING=false KEEPDIRTY=false
[2015.06.02-03.24.29:969][ 43]LogActorComponent: UnregisterComponent: (/Engine/Transient.CharMoveComp) Not registered. Aborting.
[2015.06.02-03.24.29:970][ 43]LogActorComponent: UnregisterComponent: (/Engine/Transient.ProjectileMovementComponent_40__A6522401) Not registered. Aborting.
[2015.06.02-03.24.29:970][ 43]LogActorComponent: UnregisterComponent: (/Engine/Transient.ProjectileMovementComponent_0) Not registered. Aborting.
[2015.06.02-03.24.29:970][ 43]LogActorComponent: UnregisterComponent: (/Engine/Transient.ProjectileMovementComponent_1) Not registered. Aborting.
[2015.06.02-03.24.29:970][ 43]LogActorComponent: UnregisterComponent: (/Engine/Transient.ProjectileMovementComponent_2) Not registered. Aborting.
[2015.06.02-03.24.31:245][ 43]LogSavePackage: Save=369.860596ms
[2015.06.02-03.24.31:245][ 43]LogSavePackage: Moving '../../../../../../Projects/CS188/Saved/level_1C1D38E3C49244931157BE09C5C0C8B1E.tmp' to '../../../../../../Projects/CS188/Content/Levels/level_1.umap'
[2015.06.02-03.24.37:002][188]Cmd: QUIT_EDITOR
[2015.06.02-03.24.37:402][188]LogExit: Preparing to exit.
[2015.06.02-03.24.38:257][188]LogExit: Editor shut down
[2015.06.02-03.24.38:258][188]LogExit: Transaction tracking system shut down
[2015.06.02-03.24.38:262][188]LogParticles: Destroying 0 GPU particle simulations for FXSystem 0x00000050B7B15A80
[2015.06.02-03.24.38:265][188]LogParticles: Destroying 0 GPU particle simulations for FXSystem 0x00000050BAFDF740
[2015.06.02-03.24.38:265][188]LogParticles: Destroying 0 GPU particle simulations for FXSystem 0x00000050C81C5620
[2015.06.02-03.24.38:265][188]LogParticles: Destroying 0 GPU particle simulations for FXSystem 0x00000050D286C860
[2015.06.02-03.24.38:594][188]LogParticles: Destroying 0 GPU particle simulations for FXSystem 0x00000050D2B439C0
[2015.06.02-03.24.38:594][188]LogExit: Object subsystem successfully closed.
[2015.06.02-03.24.38:793][188]LogModuleManager: Shutting down and abandoning module CrashTracker (179)
[2015.06.02-03.24.38:793][188]LogModuleManager: Shutting down and abandoning module SuperSearch (178)
[2015.06.02-03.24.38:793][188]LogModuleManager: Shutting down and abandoning module WorldBrowser (177)
[2015.06.02-03.24.38:794][188]LogModuleManager: Shutting down and abandoning module SceneOutliner (176)
[2015.06.02-03.24.38:794][188]LogModuleManager: Shutting down and abandoning module EditorWidgets (175)
[2015.06.02-03.24.38:794][188]LogModuleManager: Shutting down and abandoning module CollectionManager (174)
[2015.06.02-03.24.38:804][188]LogModuleManager: Shutting down and abandoning module StatsViewer (173)
[2015.06.02-03.24.38:817][188]LogModuleManager: Shutting down and abandoning module FoliageEdit (172)
[2015.06.02-03.24.38:817][188]LogModuleManager: Shutting down and abandoning module LandscapeEditor (171)
[2015.06.02-03.24.38:828][188]LogModuleManager: Shutting down and abandoning module MeshPaint (170)
[2015.06.02-03.24.38:828][188]LogModuleManager: Shutting down and abandoning module ActorPickerMode (169)
[2015.06.02-03.24.38:828][188]LogModuleManager: Shutting down and abandoning module GeometryMode (168)
[2015.06.02-03.24.38:828][188]LogModuleManager: Shutting down and abandoning module TextureAlignMode (167)
[2015.06.02-03.24.38:828][188]LogModuleManager: Shutting down and abandoning module BspMode (166)
[2015.06.02-03.24.38:828][188]LogModuleManager: Shutting down and abandoning module PlacementMode (165)
[2015.06.02-03.24.38:828][188]LogModuleManager: Shutting down and abandoning module AutomationWorker (164)
[2015.06.02-03.24.38:828][188]LogModuleManager: Shutting down and abandoning module CharacterAI (163)
[2015.06.02-03.24.38:828][188]LogModuleManager: Shutting down and abandoning module SmartSnapping (162)
[2015.06.02-03.24.38:828][188]LogModuleManager: Shutting down and abandoning module ViewportSnapping (161)
[2015.06.02-03.24.38:828][188]LogModuleManager: Shutting down and abandoning module LogVisualizer (160)
[2015.06.02-03.24.38:828][188]LogModuleManager: Shutting down and abandoning module GameProjectGeneration (159)
[2015.06.02-03.24.38:839][188]LogModuleManager: Shutting down and abandoning module IntroTutorials (158)
[2015.06.02-03.24.38:840][188]LogModuleManager: Shutting down and abandoning module EditorLiveStreaming (157)
[2015.06.02-03.24.38:840][188]LogModuleManager: Shutting down and abandoning module HardwareTargeting (156)
[2015.06.02-03.24.38:840][188]LogModuleManager: Shutting down and abandoning module DeviceProfileEditor (155)
[2015.06.02-03.24.38:840][188]LogModuleManager: Shutting down and abandoning module UndoHistory (154)
[2015.06.02-03.24.38:840][188]LogModuleManager: Shutting down and abandoning module GameplayTagsEditor (153)
[2015.06.02-03.24.38:840][188]LogModuleManager: Shutting down and abandoning module UserFeedback (152)
[2015.06.02-03.24.38:840][188]LogModuleManager: Shutting down and abandoning module XmlParser (151)
[2015.06.02-03.24.38:840][188]LogModuleManager: Shutting down and abandoning module Blutility (150)
[2015.06.02-03.24.38:840][188]LogModuleManager: Shutting down and abandoning module IOSPlatformEditor (149)
[2015.06.02-03.24.38:840][188]LogModuleManager: Shutting down and abandoning module IOSRuntimeSettings (148)
[2015.06.02-03.24.38:840][188]LogModuleManager: Shutting down and abandoning module AndroidDeviceDetection (147)
[2015.06.02-03.24.38:996][188]LogModuleManager: Shutting down and abandoning module AndroidPlatformEditor (146)
[2015.06.02-03.24.38:996][188]LogModuleManager: Shutting down and abandoning module AndroidRuntimeSettings (145)
[2015.06.02-03.24.38:996][188]LogModuleManager: Shutting down and abandoning module ProjectTargetPlatformEditor (144)
[2015.06.02-03.24.38:996][188]LogModuleManager: Shutting down and abandoning module ProjectSettingsViewer (143)
[2015.06.02-03.24.38:996][188]LogModuleManager: Shutting down and abandoning module InputBindingEditor (142)
[2015.06.02-03.24.39:007][188]LogModuleManager: Shutting down and abandoning module EditorSettingsViewer (141)
[2015.06.02-03.24.39:007][188]LogModuleManager: Shutting down and abandoning module SettingsEditor (140)
[2015.06.02-03.24.39:014][188]LogModuleManager: Shutting down and abandoning module ProjectLauncher (139)
[2015.06.02-03.24.39:014][188]LogModuleManager: Shutting down and abandoning module SessionFrontend (138)
[2015.06.02-03.24.39:015][188]LogModuleManager: Shutting down and abandoning module ProfilerClient (137)
[2015.06.02-03.24.39:020][188]LogModuleManager: Shutting down and abandoning module TargetDeviceServices (136)
[2015.06.02-03.24.39:020][188]LogModuleManager: Shutting down and abandoning module DeviceManager (135)
[2015.06.02-03.24.39:021][188]LogModuleManager: Shutting down and abandoning module AutomationController (134)
[2015.06.02-03.24.39:021][188]LogModuleManager: Shutting down and abandoning module AutomationWindow (133)
[2015.06.02-03.24.39:029][188]LogModuleManager: Shutting down and abandoning module Layers (132)
[2015.06.02-03.24.39:050][188]LogModuleManager: Shutting down and abandoning module ComponentVisualizers (131)
[2015.06.02-03.24.39:051][188]LogModuleManager: Shutting down and abandoning module DetailCustomizations (130)
[2015.06.02-03.24.39:051][188]LogModuleManager: Shutting down and abandoning module PackagesDialog (129)
[2015.06.02-03.24.39:051][188]LogModuleManager: Shutting down and abandoning module AssetRegistry (128)
[2015.06.02-03.24.39:313][188]LogModuleManager: Shutting down and abandoning module Persona (127)
[2015.06.02-03.24.39:319][188]LogModuleManager: Shutting down and abandoning module SlateReflector (126)
[2015.06.02-03.24.39:335][188]LogModuleManager: Shutting down and abandoning module LevelEditor (125)
[2015.06.02-03.24.39:339][188]LogModuleManager: Shutting down and abandoning module Kismet (124)
[2015.06.02-03.24.39:339][188]LogModuleManager: Shutting down and abandoning module GraphEditor (123)
[2015.06.02-03.24.39:360][188]LogModuleManager: Shutting down and abandoning module ClassViewer (122)
[2015.06.02-03.24.39:360][188]LogModuleManager: Shutting down and abandoning module Toolbox (121)
[2015.06.02-03.24.39:360][188]LogModuleManager: Shutting down and abandoning module ModuleUI (120)
[2015.06.02-03.24.39:368][188]LogModuleManager: Shutting down and abandoning module MovieSceneTools (119)
[2015.06.02-03.24.39:384][188]LogModuleManager: Shutting down and abandoning module OutputLog (118)
[2015.06.02-03.24.39:384][188]LogModuleManager: Shutting down and abandoning module GammaUI (117)
[2015.06.02-03.24.39:393][188]LogModuleManager: Shutting down and abandoning module Documentation (116)
[2015.06.02-03.24.39:393][188]LogModuleManager: Shutting down and abandoning module GameLiveStreaming (115)
[2015.06.02-03.24.39:394][188]LogModuleManager: Shutting down and abandoning module StreamingPauseRendering (114)
[2015.06.02-03.24.39:394][188]LogModuleManager: Shutting down and abandoning module HTTP (113)
[2015.06.02-03.24.39:394][188]LogModuleManager: Shutting down and abandoning module AnalyticsET (112)
[2015.06.02-03.24.39:394][188]LogModuleManager: Shutting down and abandoning module Analytics (111)
[2015.06.02-03.24.39:394][188]LogModuleManager: Shutting down and abandoning module AITestSuite (110)
[2015.06.02-03.24.39:394][188]LogModuleManager: Shutting down and abandoning module GameplayDebugger (109)
[2015.06.02-03.24.39:394][188]LogModuleManager: Shutting down and abandoning module AIModule (108)
[2015.06.02-03.24.39:394][188]LogModuleManager: Shutting down and abandoning module ProfilerService (107)
[2015.06.02-03.24.39:449][188]LogModuleManager: Shutting down and abandoning module TaskGraph (106)
[2015.06.02-03.24.39:458][188]LogModuleManager: Shutting down and abandoning module SlateRemote (105)
[2015.06.02-03.24.39:458][188]LogModuleManager: Shutting down and abandoning module ScriptEditorPlugin (104)
[2015.06.02-03.24.39:458][188]LogModuleManager: Shutting down and abandoning module CustomMeshComponent (103)
[2015.06.02-03.24.39:458][188]LogModuleManager: Shutting down and abandoning module CableComponent (102)
[2015.06.02-03.24.39:458][188]LogModuleManager: Shutting down and abandoning module MessagingDebugger (101)
[2015.06.02-03.24.39:479][188]LogModuleManager: Shutting down and abandoning module MediaPlayerEditor (100)
[2015.06.02-03.24.39:489][188]LogModuleManager: Shutting down and abandoning module SpeedTreeImporter (99)
[2015.06.02-03.24.39:490][188]LogModuleManager: Shutting down and abandoning module PluginsEditor (98)
[2015.06.02-03.24.39:490][188]LogModuleManager: Shutting down and abandoning module MainFrame (97)
[2015.06.02-03.24.39:490][188]LogModuleManager: Shutting down and abandoning module EpicSurvey (96)
[2015.06.02-03.24.39:490][188]LogModuleManager: Shutting down and abandoning module DesktopPlatform (95)
[2015.06.02-03.24.39:490][188]LogModuleManager: Shutting down and abandoning module DirectoryWatcher (94)
[2015.06.02-03.24.39:491][188]LogModuleManager: Shutting down and abandoning module HotReload (93)
[2015.06.02-03.24.39:491][188]LogModuleManager: Shutting down and abandoning module VisualStudioSourceCodeAccess (92)
[2015.06.02-03.24.39:491][188]LogModuleManager: Shutting down and abandoning module UObjectPlugin (91)
[2015.06.02-03.24.39:491][188]LogModuleManager: Shutting down and abandoning module SubversionSourceControl (90)
[2015.06.02-03.24.39:491][188]LogModuleManager: Shutting down and abandoning module PerforceSourceControl (89)
[2015.06.02-03.24.39:499][188]LogModuleManager: Shutting down and abandoning module SourceControl (88)
[2015.06.02-03.24.39:499][188]LogModuleManager: Shutting down and abandoning module GitSourceControl (87)
[2015.06.02-03.24.39:499][188]LogModuleManager: Shutting down and abandoning module BlankPlugin (86)
[2015.06.02-03.24.39:502][188]LogModuleManager: Shutting down and abandoning module PaperTiledImporter (85)
[2015.06.02-03.24.39:502][188]LogModuleManager: Shutting down and abandoning module PaperJsonImporter (84)
[2015.06.02-03.24.39:502][188]LogModuleManager: Shutting down and abandoning module ContentBrowser (83)
[2015.06.02-03.24.39:507][188]LogModuleManager: Shutting down and abandoning module Paper2DEditor (82)
[2015.06.02-03.24.39:507][188]LogModuleManager: Shutting down and abandoning module ScriptPlugin (81)
[2015.06.02-03.24.39:513][188]LogModuleManager: Shutting down and abandoning module UdpMessaging (80)
[2015.06.02-03.24.39:614][188]LogModuleManager: Shutting down and abandoning module Paper2D (79)
[2015.06.02-03.24.39:614][188]LogModuleManager: Shutting down and abandoning module WindowsMoviePlayer (78)
[2015.06.02-03.24.39:628][188]LogModuleManager: Shutting down and abandoning module Media (77)
[2015.06.02-03.24.39:628][188]LogModuleManager: Shutting down and abandoning module WmfMedia (76)
[2015.06.02-03.24.39:628][188]LogModuleManager: Shutting down and abandoning module OnlineBlueprintSupport (75)
[2015.06.02-03.24.39:628][188]LogModuleManager: Shutting down and abandoning module EnvironmentQueryEditor (74)
[2015.06.02-03.24.39:640][188]LogModuleManager: Shutting down and abandoning module PropertyEditor (73)
[2015.06.02-03.24.39:640][188]LogModuleManager: Shutting down and abandoning module BehaviorTreeEditor (72)
[2015.06.02-03.24.39:654][188]LogModuleManager: Shutting down and abandoning module FunctionalTesting (71)
[2015.06.02-03.24.39:654][188]LogModuleManager: Shutting down and abandoning module CollisionAnalyzer (70)
[2015.06.02-03.24.39:668][188]LogModuleManager: Shutting down and abandoning module WorkspaceMenuStructure (69)
[2015.06.02-03.24.39:668][188]LogModuleManager: Shutting down and abandoning module MessageLog (68)
[2015.06.02-03.24.39:668][188]LogModuleManager: Shutting down and abandoning module Sequencer (67)
[2015.06.02-03.24.39:675][188]LogModuleManager: Shutting down and abandoning module AssetTools (66)
[2015.06.02-03.24.39:701][188]LogModuleManager: Shutting down and abandoning module UMGEditor (65)
[2015.06.02-03.24.39:707][188]LogModuleManager: Shutting down and abandoning module UMG (64)
[2015.06.02-03.24.39:713][188]LogModuleManager: Shutting down and abandoning module Slate (63)
[2015.06.02-03.24.39:713][188]LogModuleManager: Shutting down and abandoning module EditorStyle (62)
[2015.06.02-03.24.39:724][188]LogModuleManager: Shutting down and abandoning module SessionServices (61)
[2015.06.02-03.24.39:724][188]LogModuleManager: Shutting down and abandoning module SourceCodeAccess (60)
[2015.06.02-03.24.39:724][188]LogModuleManager: Shutting down and abandoning module HeadMountedDisplay (59)
[2015.06.02-03.24.39:724][188]LogModuleManager: Shutting down and abandoning module XAudio2 (58)
[2015.06.02-03.24.39:724][188]LogModuleManager: Shutting down and abandoning module Networking (56)
[2015.06.02-03.24.39:724][188]LogModuleManager: Shutting down and abandoning module Core (55)
[2015.06.02-03.24.39:724][188]LogModuleManager: Shutting down and abandoning module KismetCompiler (54)
[2015.06.02-03.24.39:724][188]LogModuleManager: Shutting down and abandoning module PhysXFormats (53)
[2015.06.02-03.24.39:724][188]LogModuleManager: Shutting down and abandoning module MeshUtilities (52)
[2015.06.02-03.24.39:739][188]LogModuleManager: Shutting down and abandoning module DerivedDataCache (51)
[2015.06.02-03.24.39:740][188]LogDerivedDataCache: Shutdown
[2015.06.02-03.24.39:740][188]LogModuleManager: Shutting down and abandoning module ShaderFormatOpenGL (50)
[2015.06.02-03.24.39:747][188]LogModuleManager: Shutting down and abandoning module ShaderFormatD3D (49)
[2015.06.02-03.24.39:747][188]LogModuleManager: Shutting down and abandoning module MetalShaderFormat (48)
[2015.06.02-03.24.39:755][188]LogModuleManager: Shutting down and abandoning module TextureFormatUncompressed (47)
[2015.06.02-03.24.39:755][188]LogModuleManager: Shutting down and abandoning module TextureFormatPVR (46)
[2015.06.02-03.24.39:755][188]LogModuleManager: Shutting down and abandoning module TextureFormatIntelISPCTexComp (45)
[2015.06.02-03.24.39:755][188]LogModuleManager: Shutting down and abandoning module TextureFormatDXT (44)
[2015.06.02-03.24.39:756][188]LogModuleManager: Shutting down and abandoning module ImageWrapper (43)
[2015.06.02-03.24.39:756][188]LogModuleManager: Shutting down and abandoning module TextureFormatASTC (42)
[2015.06.02-03.24.39:756][188]LogModuleManager: Shutting down and abandoning module TextureFormatAndroid (41)
[2015.06.02-03.24.39:756][188]LogModuleManager: Shutting down and abandoning module AudioFormatOpus (40)
[2015.06.02-03.24.39:756][188]LogModuleManager: Shutting down and abandoning module AudioFormatOgg (39)
[2015.06.02-03.24.39:756][188]LogModuleManager: Shutting down and abandoning module AudioFormatADPCM (38)
[2015.06.02-03.24.39:756][188]LogModuleManager: Shutting down and abandoning module LinuxTargetPlatform (37)
[2015.06.02-03.24.39:756][188]LogModuleManager: Shutting down and abandoning module LinuxServerTargetPlatform (36)
[2015.06.02-03.24.39:756][188]LogModuleManager: Shutting down and abandoning module LinuxNoEditorTargetPlatform (35)
[2015.06.02-03.24.39:756][188]LogModuleManager: Shutting down and abandoning module Messaging (34)
[2015.06.02-03.24.39:756][188]LogModuleManager: Shutting down and abandoning module IOSTargetPlatform (33)
[2015.06.02-03.24.39:756][188]LogModuleManager: Shutting down and abandoning module HTML5TargetPlatform (32)
[2015.06.02-03.24.39:756][188]LogModuleManager: Shutting down and abandoning module Android_PVRTCTargetPlatform (31)
[2015.06.02-03.24.39:757][188]LogModuleManager: Shutting down and abandoning module Android_ETC2TargetPlatform (30)
[2015.06.02-03.24.39:757][188]LogModuleManager: Shutting down and abandoning module Android_ETC1TargetPlatform (29)
[2015.06.02-03.24.39:757][188]LogModuleManager: Shutting down and abandoning module Android_ES31TargetPlatform (28)
[2015.06.02-03.24.39:757][188]LogModuleManager: Shutting down and abandoning module Android_DXTTargetPlatform (27)
[2015.06.02-03.24.39:757][188]LogModuleManager: Shutting down and abandoning module Android_ATCTargetPlatform (26)
[2015.06.02-03.24.39:757][188]LogModuleManager: Shutting down and abandoning module AndroidTargetPlatform (25)
[2015.06.02-03.24.39:757][188]LogModuleManager: Shutting down and abandoning module WindowsTargetPlatform (24)
[2015.06.02-03.24.39:757][188]LogModuleManager: Shutting down and abandoning module WindowsServerTargetPlatform (23)
[2015.06.02-03.24.39:757][188]LogModuleManager: Shutting down and abandoning module WindowsNoEditorTargetPlatform (22)
[2015.06.02-03.24.39:757][188]LogModuleManager: Shutting down and abandoning module WindowsClientTargetPlatform (21)
[2015.06.02-03.24.39:757][188]LogModuleManager: Shutting down and abandoning module TargetPlatform (20)
[2015.06.02-03.24.39:757][188]LogModuleManager: Shutting down and abandoning module InputCore (19)
[2015.06.02-03.24.39:757][188]LogModuleManager: Shutting down and abandoning module Settings (18)
[2015.06.02-03.24.39:757][188]LogModuleManager: Shutting down and abandoning module OnlineSubsystem (16)
[2015.06.02-03.24.39:757][188]LogModuleManager: Shutting down and abandoning module OculusRift (15)
[2015.06.02-03.24.39:757][188]LogModuleManager: Shutting down and abandoning module ExampleDeviceProfileSelector (14)
[2015.06.02-03.24.39:757][188]LogModuleManager: Shutting down and abandoning module TextureCompressor (13)
[2015.06.02-03.24.39:757][188]LogModuleManager: Shutting down and abandoning module ShaderCore (12)
[2015.06.02-03.24.39:757][188]LogModuleManager: Shutting down and abandoning module Landscape (11)
[2015.06.02-03.24.39:757][188]LogModuleManager: Shutting down and abandoning module SlateRHIRenderer (10)
[2015.06.02-03.24.39:761][188]LogModuleManager: Shutting down and abandoning module OpenGLDrv (9)
[2015.06.02-03.24.39:761][188]LogModuleManager: Shutting down and abandoning module D3D11RHI (8)
[2015.06.02-03.24.39:761][188]LogModuleManager: Shutting down and abandoning module Renderer (7)
[2015.06.02-03.24.39:761][188]LogModuleManager: Shutting down and abandoning module Engine (6)
[2015.06.02-03.24.39:761][188]LogModuleManager: Shutting down and abandoning module CoreUObject (5)
[2015.06.02-03.24.39:761][188]LogModuleManager: Shutting down and abandoning module NetworkFile (4)
[2015.06.02-03.24.39:768][188]LogModuleManager: Shutting down and abandoning module StreamingFile (3)
[2015.06.02-03.24.39:768][188]LogModuleManager: Shutting down and abandoning module SandboxFile (2)
[2015.06.02-03.24.39:768][188]LogModuleManager: Shutting down and abandoning module PakFile (1)
[2015.06.02-03.24.39:777][188]LogExit: Exiting.
[2015.06.02-03.24.39:787][188]Log file closed, 06/01/15 20:24:39
>>>>>>> c6bbe6115dd8d112ae0ff172f5fff7f0d2781583
