Log file open, 06/01/15 19:59:49
LogInit:Display: Running engine for game: Wk3
LogInit: Version: 4.7.6-2513093+++depot+UE4-Releases+4.7
LogInit: API Version: 2455222
LogInit: Compiled (64-bit): Apr 15 2015 12:09:54
LogInit: Compiled with Visual C++: 18.00.21005.01
LogInit: Build Configuration: Development
LogInit: Branch Name: ++depot+UE4-Releases+4.7
LogInit: Command line:  
LogInit: Base directory: D:/Program Files/Epic Games/4.7/Engine/Binaries/Win64/
LogInit: Rocket: 1
[2015.06.02-02.59.49:626][  0]LogTaskGraph: Started task graph with 3 named threads and 6 total threads.
[2015.06.02-02.59.49:705][  0]LogOnline:Warning: No default platform service specified for OnlineSubsystem
[2015.06.02-02.59.49:856][  0]LogInit: Presizing for 0 objects not considered by GC, pre-allocating 0 bytes.
[2015.06.02-02.59.50:034][  0]LogInit: Object subsystem initialized
[2015.06.02-02.59.50:178][  0]LogConsoleResponse:Warning: Skipping Unknown console variable: 'TranslucentSortAxis = (X=0.000000,Y=-1.000000,Z=0.000000)'
[2015.06.02-02.59.50:178][  0]LogConsoleResponse:Warning:   Found in ini file 'D:/Projects/CS188/Saved/Config/Windows/Engine.ini', in section '[/Script/Engine.RendererSettings]'
[2015.06.02-02.59.50:178][  0]LogConsoleResponse:Warning: Skipping Unknown console variable: 'UIScaleRule = ShortestSide'
[2015.06.02-02.59.50:178][  0]LogConsoleResponse:Warning:   Found in ini file 'D:/Projects/CS188/Saved/Config/Windows/Engine.ini', in section '[/Script/Engine.RendererSettings]'
[2015.06.02-02.59.50:178][  0]LogConsoleResponse:Warning: Skipping Unknown console variable: 'UIScaleCurve = (EditorCurveData=(Keys=),ExternalCurve=None)'
[2015.06.02-02.59.50:178][  0]LogConsoleResponse:Warning:   Found in ini file 'D:/Projects/CS188/Saved/Config/Windows/Engine.ini', in section '[/Script/Engine.RendererSettings]'
[2015.06.02-02.59.50:214][  0]LogInit: Selected Device Profile: [Windows]
[2015.06.02-02.59.50:214][  0]LogInit: Applying CVar settings loaded from the selected device profile: [Windows]
[2015.06.02-02.59.50:287][  0]LogInit: Computer: NICK
[2015.06.02-02.59.50:287][  0]LogInit: User: Nick
[2015.06.02-02.59.50:287][  0]LogInit: CPU Page size=4096, Cores=4
[2015.06.02-02.59.50:287][  0]LogInit: High frequency timer resolution =2.439995 MHz
[2015.06.02-02.59.50:287][  0]LogMemory: Memory total: Physical=15.9GB (16GB approx) Virtual=131072.0GB
[2015.06.02-02.59.50:287][  0]LogMemory: Platform Memory Stats for Windows
[2015.06.02-02.59.50:287][  0]LogMemory: Process Physical Memory: 47.37 MB used, 47.37 MB peak
[2015.06.02-02.59.50:287][  0]LogMemory: Process Virtual Memory: 27.64 MB used, 27.64 MB peak
[2015.06.02-02.59.50:287][  0]LogMemory: Physical Memory: 5083.50 MB used, 16269.45 MB total
[2015.06.02-02.59.50:287][  0]LogMemory: Virtual Memory: 293.99 MB used, 134217728.00 MB total
[2015.06.02-02.59.50:338][  0]LogD3D11RHI: Found D3D11 adapter 0: NVIDIA GeForce GTX 980M  (Feature Level 11_0)
[2015.06.02-02.59.50:338][  0]LogD3D11RHI: Adapter has 3981MB of dedicated video memory, 0MB of dedicated system memory, and 8134MB of shared system memory, 2 output[s]
[2015.06.02-02.59.50:344][  0]LogD3D11RHI: Found D3D11 adapter 1: Intel(R) HD Graphics 4600 (Feature Level 11_0)
[2015.06.02-02.59.50:344][  0]LogD3D11RHI: Adapter has 32MB of dedicated video memory, 0MB of dedicated system memory, and 1760MB of shared system memory, 0 output[s]
[2015.06.02-02.59.50:344][  0]LogD3D11RHI: Found D3D11 adapter 2: Microsoft Basic Render Driver (Feature Level 11_0)
[2015.06.02-02.59.50:344][  0]LogD3D11RHI: Adapter has 0MB of dedicated video memory, 0MB of dedicated system memory, and 256MB of shared system memory, 0 output[s]
[2015.06.02-02.59.50:344][  0]LogD3D11RHI: Chosen D3D11 Adapter Id = 0
[2015.06.02-02.59.50:349][  0]LogRHI: Texture pool is 1361 MB (70% of 1945 MB)
[2015.06.02-02.59.50:360][  0]LogD3D11RHI: Async texture creation enabled
[2015.06.02-02.59.51:839][  0]LogTextLocalizationManager: The requested culture ('en_US') has no localization data; parent culture's ('en') localization data will be used.
[2015.06.02-02.59.51:974][  0]LogTextLocalizationManager:Warning: Loading localization resources contain conflicting entries for (Namespace:UICommands, Key:Save_ToolTip):
Resource: (D:/Program Files/Epic Games/4.7/Engine/Content/Localization/Editor/en/Editor.locres) Hash: (-29098895) String: (Saves the current level to disk)
Resource: (D:/Program Files/Epic Games/4.7/Engine/Content/Localization/Engine/en/Engine.locres) Hash: (-1280300587) String: (Save selected data to vlog file)
[2015.06.02-02.59.51:974][  0]LogTextLocalizationManager:Warning: Loading localization resources contain conflicting entries for (Namespace:ContentBrowser, Key:ImportAssetToolTip):
Resource: (D:/Program Files/Epic Games/4.7/Engine/Content/Localization/Editor/en/Editor.locres) Hash: (-630476809) String: (Import to {0}...)
Resource: (D:/Program Files/Epic Games/4.7/Engine/Content/Localization/Editor/en/Editor.locres) Hash: (1271782899) String: (Imports an asset from file to this folder.)
[2015.06.02-02.59.52:070][  0]LogContentStreaming: Texture pool size is 0.000000MB
[2015.06.02-02.59.56:660][  0]LogTargetPlatformManager:Display: Building Assets For Windows
[2015.06.02-02.59.57:708][  0]LogTargetPlatformManager:Display: Building Assets For Windows
[2015.06.02-02.59.57:808][  0]LogDerivedDataCache:Display: Max Cache Size: 512 MB
[2015.06.02-02.59.57:951][  0]LogDerivedDataCache: Loaded boot cache 0.14s 39MB C:/Users/Nick/AppData/Local/UnrealEngine/4.7/DerivedDataCache/Boot.ddc.
[2015.06.02-02.59.57:951][  0]LogDerivedDataCache:Display: Loaded Boot cache: C:/Users/Nick/AppData/Local/UnrealEngine/4.7/DerivedDataCache/Boot.ddc
[2015.06.02-02.59.57:951][  0]LogDerivedDataCache: FDerivedDataBackendGraph:  Pak pak cache file ../../../../../../Projects/CS188/DerivedDataCache/DDC.ddp not found, will not use a pak cache.
[2015.06.02-02.59.57:951][  0]LogDerivedDataCache: Unable to find inner node Pak for hierarchical cache Hierarchy.
[2015.06.02-02.59.58:133][  0]LogDerivedDataCache:Display: Pak cache opened for reading ../../../Engine/DerivedDataCache/Compressed.ddp.
[2015.06.02-02.59.58:145][  0]LogDerivedDataCache: Using Local data cache path C:/Users/Nick/AppData/Local/UnrealEngine/Common/DerivedDataCache: Writable
[2015.06.02-03.00.05:632][  0]LogMeshUtilities: No automatic mesh reduction module available
[2015.06.02-03.00.05:632][  0]LogMeshUtilities: No automatic mesh merging module available
[2015.06.02-03.00.09:177][  0]LogInit: WinSock: version 1.1 (2.2), MaxSocks=32767, MaxUdp=65467
[2015.06.02-03.00.09:424][  0]LogSlate:Warning: Failed to load font data from '../../../Engine/Content/Slate/Fonts/Roboto-Italic.ttf'
[2015.06.02-03.00.18:600][  0]UdpMessaging: Initializing bridge on interface 0.0.0.0:0 to multicast group 230.0.0.1:6666.
[2015.06.02-03.00.19:327][  0]SourceControl: Info Source control is disabled
[2015.06.02-03.00.19:343][  0]SourceControl: Info Source control is disabled
[2015.06.02-03.00.19:343][  0]SourceControl: Info Source control is disabled
[2015.06.02-03.00.19:343][  0]LogSourceControl: RunCommandInternalRaw: 'git version'
[2015.06.02-03.00.19:343][  0]LogSourceControl: RunCommandInternalRaw: ExecProcess ReturnCode=2 OutResults=''
[2015.06.02-03.00.19:349][  0]SourceControl: Info Source control is disabled
[2015.06.02-03.00.20:077][  0]LogObj: 24262 objects as part of root set at end of initial load.
[2015.06.02-03.00.20:077][  0]LogUObjectAllocator: 5143896 out of 0 bytes used by permanent object pool.
[2015.06.02-03.00.20:684][  0]LogEngine: Initializing Engine...
[2015.06.02-03.00.23:093][  0]LogInit: XAudio2 using 'Speakers (Sound Blaster Recon3Di)' : 2 channels at 48 kHz using 32 bits per sample (channel mask 0x3)
[2015.06.02-03.00.23:120][  0]LogInit: FAudioDevice initialized.
[2015.06.02-03.00.23:534][  0]LogAIModule: Creating AISystem for world NewWorld
[2015.06.02-03.00.23:635][  0]LogDerivedDataCache: Saved boot cache 0.03s 39MB C:/Users/Nick/AppData/Local/UnrealEngine/4.7/DerivedDataCache/Boot.ddc.
[2015.06.02-03.00.23:641][  0]LogInit: Texture streaming: Enabled
[2015.06.02-03.00.23:947][  0]LogAnalytics: Creating configured Analytics provider AnalyticsET
[2015.06.02-03.00.23:947][  0]LogAnalytics: ET APIKey = Rocket.Release. APIServer = http://et2.epicgames.com/ET2/. AppVersion = 4.7.6-2513093+++depot+UE4-Releases+4.7
[2015.06.02-03.00.23:947][  0]LogAnalytics: ET APIKey = Rocket.Release. DataRouterUploadURL = https://datarouter-public-service-gamedev.ol.epicgames.net/datarouter/api/v1/public/data. AppVersion = 4.7.6-2513093+++depot+UE4-Releases+4.7
[2015.06.02-03.00.23:947][  0]LogAnalytics: SetUserId ab6368c444163251acb110a258e7624e|b4f9b7dea0844e6796c64f47432ddd98|3e22947b-d17b-4841-90be-94046d8216d7
[2015.06.02-03.00.23:961][  0]LogAnalytics: AnalyticsET::StartSession [Rocket.Release]
[2015.06.02-03.00.24:067][  0]LogInit: Transaction tracking system initialized
[2015.06.02-03.00.24:858][  0]BlueprintLog: New page: Editor Load
[2015.06.02-03.00.25:005][  0]LogAssetRegistry: FAssetRegistry took 0.0175 seconds to start up
[2015.06.02-03.00.25:006][  0]LogDirectoryWatcher:Warning: Failed to begin reading directory changes for ../../../Engine/Plugins/Experimental/CharacterAI/Content/. Error: 0
[2015.06.02-03.00.27:031][  0]LogTargetPlatformManager:Display: Building Assets For Windows
[2015.06.02-03.00.27:390][  0]LogTargetPlatformManager:Display: Building Assets For Windows
[2015.06.02-03.00.28:338][  0]LogSlate:Warning: Failed to load font data from '../../../Engine/Content/Editor/Slate/Fonts/Roboto-Regular.ttf'
[2015.06.02-03.00.28:339][  0]LogSlate:Warning: Failed to load font data from '../../../Engine/Content/Editor/Slate/Fonts/Roboto-Bold.ttf'
[2015.06.02-03.00.28:401][  0]LogConsoleResponse:Display: 
[2015.06.02-03.00.30:226][  0]LogCook:Display: Done creating registry. It took  0.00s.
[2015.06.02-03.00.32:111][  0]SourceControl: Info Source control is disabled
[2015.06.02-03.23.59:666][  0]Cmd: MAP LOAD FILE="../../../../../../Projects/CS188/Content/Levels/level_1.umap" TEMPLATE=0 SHOWPROGRESS=1 FEATURELEVEL=3
[2015.06.02-03.23.59:666][  0]LightingResults: New page: Lighting Build
[2015.06.02-03.23.59:737][  0]MapCheck: New page: Map Check
[2015.06.02-03.23.59:737][  0]LightingResults: New page: Lighting Build
[2015.06.02-03.23.59:887][  0]LogParticles: Destroying 0 GPU particle simulations for FXSystem 0x000000509A1A0D60
[2015.06.02-03.24.01:962][  0]LogBlueprint:Warning: [compiler] Warning InputAction Event references unknown Action 'Sprint' for  InputAction Sprint 
[2015.06.02-03.24.02:013][  0]LogBlueprint:Warning: [compiler] Warning [1458.93] Compile of ExplorationCharacter successful, but with 1 Warning(s) [in 133 ms]
[2015.06.02-03.24.02:013][  0]LogBlueprint:Warning: [compiler] Warning [1458.93] Compile of ExplorationCharacter successful, but with 2 Warning(s) [in 0 ms]
[2015.06.02-03.24.02:013][  0]LogBlueprint:Warning: [compiler] Warning [1458.93] Compile of ExplorationCharacter successful, but with 3 Warning(s) [in 0 ms]
[2015.06.02-03.24.02:013][  0]LogBlueprint:Warning: [compiler] Warning [1458.93] Compile of ExplorationCharacter successful, but with 4 Warning(s) [in 0 ms]
[2015.06.02-03.24.02:904][  0]LogBlueprint:Warning: [compiler] Warning InputAction Event references unknown Action 'Interact' for  InputAction Interact 
[2015.06.02-03.24.02:907][  0]LogBlueprint:Warning: [compiler] Warning Function ' Get Player Controller ' is unsafe to call in a construction script.
[2015.06.02-03.24.03:015][  0]LogBlueprint:Warning: [compiler] Warning [1459.93] Compile of ContextMenu successful, but with 2 Warning(s) [in 288 ms]
[2015.06.02-03.24.03:016][  0]LogBlueprint:Warning: [compiler] Warning [1459.93] Compile of ContextMenu successful, but with 3 Warning(s) [in 0 ms]
[2015.06.02-03.24.03:016][  0]LogBlueprint:Warning: [compiler] Warning [1459.93] Compile of ContextMenu successful, but with 4 Warning(s) [in 0 ms]
[2015.06.02-03.24.03:016][  0]LogBlueprint:Warning: [compiler] Warning [1459.93] Compile of ContextMenu successful, but with 5 Warning(s) [in 0 ms]
[2015.06.02-03.24.03:986][  0]LogBlueprint:Warning: [compiler] Warning InputAction Event references unknown Action 'ResetHMD' for  InputAction ResetHMD 
[2015.06.02-03.24.03:987][  0]LogBlueprint:Warning: [compiler] Warning InputAction Event references unknown Action 'OpenMenu' for  InputAction OpenMenu 
[2015.06.02-03.24.04:070][  0]LogBlueprint:Warning: [compiler] Warning [1460.98] Compile of VRPlayerController successful, but with 2 Warning(s) [in 228 ms]
[2015.06.02-03.24.04:071][  0]LogBlueprint:Warning: [compiler] Warning [1460.98] Compile of VRPlayerController successful, but with 3 Warning(s) [in 0 ms]
[2015.06.02-03.24.04:071][  0]LogBlueprint:Warning: [compiler] Warning [1460.98] Compile of VRPlayerController successful, but with 4 Warning(s) [in 0 ms]
[2015.06.02-03.24.04:071][  0]LogBlueprint:Warning: [compiler] Warning [1460.98] Compile of VRPlayerController successful, but with 5 Warning(s) [in 0 ms]
[2015.06.02-03.24.04:571][  0]LogBlueprint:Warning: [compiler] Warning InputAction Event references unknown Action 'ResetHMD' for  InputAction ResetHMD 
[2015.06.02-03.24.04:572][  0]LogBlueprint:Warning: [compiler] Warning InputAction Event references unknown Action 'OpenMenu' for  InputAction OpenMenu 
[2015.06.02-03.24.04:646][  0]LogBlueprint:Warning: [compiler] Warning [1461.56] Compile of VRPlayerController successful, but with 2 Warning(s) [in 200 ms]
[2015.06.02-03.24.04:646][  0]LogBlueprint:Warning: [compiler] Warning [1461.56] Compile of VRPlayerController successful, but with 3 Warning(s) [in 0 ms]
[2015.06.02-03.24.04:871][  0]LogBlueprint:Warning: [compiler] Warning InputAction Event references unknown Action 'Interact' for  InputAction Interact 
[2015.06.02-03.24.04:873][  0]LogBlueprint:Warning: [compiler] Warning Function ' Get Player Controller ' is unsafe to call in a construction script.
[2015.06.02-03.24.04:981][  0]LogBlueprint:Warning: [compiler] Warning [1461.89] Compile of ContextMenu successful, but with 2 Warning(s) [in 282 ms]
[2015.06.02-03.24.04:981][  0]LogBlueprint:Warning: [compiler] Warning [1461.89] Compile of ContextMenu successful, but with 3 Warning(s) [in 0 ms]
[2015.06.02-03.24.05:048][  0]LogBlueprint:Warning: [compiler] Warning InputAction Event references unknown Action 'Sprint' for  InputAction Sprint 
[2015.06.02-03.24.05:072][  0]LogBlueprint:Warning: [compiler] Warning [1461.98] Compile of ExplorationCharacter successful, but with 1 Warning(s) [in 87 ms]
[2015.06.02-03.24.05:073][  0]LogBlueprint:Warning: [compiler] Warning [1461.99] Compile of ExplorationCharacter successful, but with 2 Warning(s) [in 0 ms]
[2015.06.02-03.24.10:795][  0]LogK2Compiler:Warning: Failed to patch linker table for blueprint CDO Default__SKEL_level_1_C
[2015.06.02-03.24.10:800][  0]LogK2Compiler:Warning: Failed to patch linker table for blueprint CDO Default__level_C
[2015.06.02-03.24.13:844][  0]LogEditorServer: Finished looking for orphan Actors (0.000 secs)
[2015.06.02-03.24.13:899][  0]LogAIModule: Creating AISystem for world level_1
[2015.06.02-03.24.13:907][  0]Cmd: MAP CHECKDEP
[2015.06.02-03.24.13:918][  0]MapCheck: New page: level_1 - Jun 1, 2015, 1:24:13 PM
[2015.06.02-03.24.13:918][  0]LogEditorServer:Warning: WorldSettings contains streaming level '/Game/Levels/level_3' which isn't loaded.
[2015.06.02-03.24.14:125][  0]MapCheck: Info Map check complete: 0 Error(s), 0 Warning(s), took 217.336ms to complete.
[2015.06.02-03.24.14:125][  0]LogFileHelpers: Loading map 'level_1' took 14.485
[2015.06.02-03.24.15:263][  0]LogStats:Warning: MetaData mismatch. Did you assign a stat to two groups? New //STATGROUP_Threads//SplashScreenThread///Thread_23d4_0///////STATCAT_Advanced//// old //STATGROUP_Threads//SplashScreenThread///Thread_aa0_0///////STATCAT_Advanced////
[2015.06.02-03.24.15:263][  0]LogCollectionManager: Loaded 0 collections in 0.001604 seconds
[2015.06.02-03.24.15:287][  0]LogContentBrowser: Native class hierarchy populated in 0.0234 seconds. Added 1703 classes and 263 folders.
[2015.06.02-03.24.15:453][  0]LogContentBrowser: Native class hierarchy updated for 'SceneOutliner' in 0.0014 seconds. Added 1 classes and 2 folders.
[2015.06.02-03.24.16:314][  0]LogContentBrowser: Native class hierarchy updated for 'WorldBrowser' in 0.0023 seconds. Added 1 classes and 3 folders.
[2015.06.02-03.24.16:384][  0]LogCrashTracker: Crashtracker disabled due to settings.
[2015.06.02-03.24.16:424][  0]LogSlate:Warning: Failed to load font data from 'Veranda'
[2015.06.02-03.24.16:472][  0]LogUObjectGlobals:Warning: Failed to find object 'Class None.'
[2015.06.02-03.24.16:552][  0]LogLoad: Full Startup: 1473.46 seconds (BP compile: 3.44 seconds)
[2015.06.02-03.24.16:649][  0]LogContentBrowser:Verbose: The content browser source was changed by the sources view to '/Game/FirstPersonBP/Blueprints'
[2015.06.02-03.24.17:197][  0]LogRenderer:Warning: Reallocating scene render targets to support 32x32 (Frame:2).
[2015.06.02-03.24.17:656][  1]LogRenderer:Warning: Reallocating scene render targets to support 1008x584 (Frame:3).
[2015.06.02-03.24.20:489][ 15]LogAssetRegistry: Asset discovery search completed in 1435.5014 seconds
[2015.06.02-03.24.29:966][ 43]Cmd: OBJ SAVEPACKAGE PACKAGE="/Game/Levels/level_1" FILE="../../../../../../Projects/CS188/Content/Levels/level_1.umap" SILENT=true AUTOSAVING=false KEEPDIRTY=false
[2015.06.02-03.24.29:969][ 43]LogActorComponent: UnregisterComponent: (/Engine/Transient.CharMoveComp) Not registered. Aborting.
[2015.06.02-03.24.29:970][ 43]LogActorComponent: UnregisterComponent: (/Engine/Transient.ProjectileMovementComponent_40__A6522401) Not registered. Aborting.
[2015.06.02-03.24.29:970][ 43]LogActorComponent: UnregisterComponent: (/Engine/Transient.ProjectileMovementComponent_0) Not registered. Aborting.
[2015.06.02-03.24.29:970][ 43]LogActorComponent: UnregisterComponent: (/Engine/Transient.ProjectileMovementComponent_1) Not registered. Aborting.
[2015.06.02-03.24.29:970][ 43]LogActorComponent: UnregisterComponent: (/Engine/Transient.ProjectileMovementComponent_2) Not registered. Aborting.
[2015.06.02-03.24.31:245][ 43]LogSavePackage: Save=369.860596ms
[2015.06.02-03.24.31:245][ 43]LogSavePackage: Moving '../../../../../../Projects/CS188/Saved/level_1C1D38E3C49244931157BE09C5C0C8B1E.tmp' to '../../../../../../Projects/CS188/Content/Levels/level_1.umap'
[2015.06.02-03.24.37:002][188]Cmd: QUIT_EDITOR
[2015.06.02-03.24.37:402][188]LogExit: Preparing to exit.
[2015.06.02-03.24.38:257][188]LogExit: Editor shut down
[2015.06.02-03.24.38:258][188]LogExit: Transaction tracking system shut down
[2015.06.02-03.24.38:262][188]LogParticles: Destroying 0 GPU particle simulations for FXSystem 0x00000050B7B15A80
[2015.06.02-03.24.38:265][188]LogParticles: Destroying 0 GPU particle simulations for FXSystem 0x00000050BAFDF740
[2015.06.02-03.24.38:265][188]LogParticles: Destroying 0 GPU particle simulations for FXSystem 0x00000050C81C5620
[2015.06.02-03.24.38:265][188]LogParticles: Destroying 0 GPU particle simulations for FXSystem 0x00000050D286C860
[2015.06.02-03.24.38:594][188]LogParticles: Destroying 0 GPU particle simulations for FXSystem 0x00000050D2B439C0
[2015.06.02-03.24.38:594][188]LogExit: Object subsystem successfully closed.
[2015.06.02-03.24.38:793][188]LogModuleManager: Shutting down and abandoning module CrashTracker (179)
[2015.06.02-03.24.38:793][188]LogModuleManager: Shutting down and abandoning module SuperSearch (178)
[2015.06.02-03.24.38:793][188]LogModuleManager: Shutting down and abandoning module WorldBrowser (177)
[2015.06.02-03.24.38:794][188]LogModuleManager: Shutting down and abandoning module SceneOutliner (176)
[2015.06.02-03.24.38:794][188]LogModuleManager: Shutting down and abandoning module EditorWidgets (175)
[2015.06.02-03.24.38:794][188]LogModuleManager: Shutting down and abandoning module CollectionManager (174)
[2015.06.02-03.24.38:804][188]LogModuleManager: Shutting down and abandoning module StatsViewer (173)
[2015.06.02-03.24.38:817][188]LogModuleManager: Shutting down and abandoning module FoliageEdit (172)
[2015.06.02-03.24.38:817][188]LogModuleManager: Shutting down and abandoning module LandscapeEditor (171)
[2015.06.02-03.24.38:828][188]LogModuleManager: Shutting down and abandoning module MeshPaint (170)
[2015.06.02-03.24.38:828][188]LogModuleManager: Shutting down and abandoning module ActorPickerMode (169)
[2015.06.02-03.24.38:828][188]LogModuleManager: Shutting down and abandoning module GeometryMode (168)
[2015.06.02-03.24.38:828][188]LogModuleManager: Shutting down and abandoning module TextureAlignMode (167)
[2015.06.02-03.24.38:828][188]LogModuleManager: Shutting down and abandoning module BspMode (166)
[2015.06.02-03.24.38:828][188]LogModuleManager: Shutting down and abandoning module PlacementMode (165)
[2015.06.02-03.24.38:828][188]LogModuleManager: Shutting down and abandoning module AutomationWorker (164)
[2015.06.02-03.24.38:828][188]LogModuleManager: Shutting down and abandoning module CharacterAI (163)
[2015.06.02-03.24.38:828][188]LogModuleManager: Shutting down and abandoning module SmartSnapping (162)
[2015.06.02-03.24.38:828][188]LogModuleManager: Shutting down and abandoning module ViewportSnapping (161)
[2015.06.02-03.24.38:828][188]LogModuleManager: Shutting down and abandoning module LogVisualizer (160)
[2015.06.02-03.24.38:828][188]LogModuleManager: Shutting down and abandoning module GameProjectGeneration (159)
[2015.06.02-03.24.38:839][188]LogModuleManager: Shutting down and abandoning module IntroTutorials (158)
[2015.06.02-03.24.38:840][188]LogModuleManager: Shutting down and abandoning module EditorLiveStreaming (157)
[2015.06.02-03.24.38:840][188]LogModuleManager: Shutting down and abandoning module HardwareTargeting (156)
[2015.06.02-03.24.38:840][188]LogModuleManager: Shutting down and abandoning module DeviceProfileEditor (155)
[2015.06.02-03.24.38:840][188]LogModuleManager: Shutting down and abandoning module UndoHistory (154)
[2015.06.02-03.24.38:840][188]LogModuleManager: Shutting down and abandoning module GameplayTagsEditor (153)
[2015.06.02-03.24.38:840][188]LogModuleManager: Shutting down and abandoning module UserFeedback (152)
[2015.06.02-03.24.38:840][188]LogModuleManager: Shutting down and abandoning module XmlParser (151)
[2015.06.02-03.24.38:840][188]LogModuleManager: Shutting down and abandoning module Blutility (150)
[2015.06.02-03.24.38:840][188]LogModuleManager: Shutting down and abandoning module IOSPlatformEditor (149)
[2015.06.02-03.24.38:840][188]LogModuleManager: Shutting down and abandoning module IOSRuntimeSettings (148)
[2015.06.02-03.24.38:840][188]LogModuleManager: Shutting down and abandoning module AndroidDeviceDetection (147)
[2015.06.02-03.24.38:996][188]LogModuleManager: Shutting down and abandoning module AndroidPlatformEditor (146)
[2015.06.02-03.24.38:996][188]LogModuleManager: Shutting down and abandoning module AndroidRuntimeSettings (145)
[2015.06.02-03.24.38:996][188]LogModuleManager: Shutting down and abandoning module ProjectTargetPlatformEditor (144)
[2015.06.02-03.24.38:996][188]LogModuleManager: Shutting down and abandoning module ProjectSettingsViewer (143)
[2015.06.02-03.24.38:996][188]LogModuleManager: Shutting down and abandoning module InputBindingEditor (142)
[2015.06.02-03.24.39:007][188]LogModuleManager: Shutting down and abandoning module EditorSettingsViewer (141)
[2015.06.02-03.24.39:007][188]LogModuleManager: Shutting down and abandoning module SettingsEditor (140)
[2015.06.02-03.24.39:014][188]LogModuleManager: Shutting down and abandoning module ProjectLauncher (139)
[2015.06.02-03.24.39:014][188]LogModuleManager: Shutting down and abandoning module SessionFrontend (138)
[2015.06.02-03.24.39:015][188]LogModuleManager: Shutting down and abandoning module ProfilerClient (137)
[2015.06.02-03.24.39:020][188]LogModuleManager: Shutting down and abandoning module TargetDeviceServices (136)
[2015.06.02-03.24.39:020][188]LogModuleManager: Shutting down and abandoning module DeviceManager (135)
[2015.06.02-03.24.39:021][188]LogModuleManager: Shutting down and abandoning module AutomationController (134)
[2015.06.02-03.24.39:021][188]LogModuleManager: Shutting down and abandoning module AutomationWindow (133)
[2015.06.02-03.24.39:029][188]LogModuleManager: Shutting down and abandoning module Layers (132)
[2015.06.02-03.24.39:050][188]LogModuleManager: Shutting down and abandoning module ComponentVisualizers (131)
[2015.06.02-03.24.39:051][188]LogModuleManager: Shutting down and abandoning module DetailCustomizations (130)
[2015.06.02-03.24.39:051][188]LogModuleManager: Shutting down and abandoning module PackagesDialog (129)
[2015.06.02-03.24.39:051][188]LogModuleManager: Shutting down and abandoning module AssetRegistry (128)
[2015.06.02-03.24.39:313][188]LogModuleManager: Shutting down and abandoning module Persona (127)
[2015.06.02-03.24.39:319][188]LogModuleManager: Shutting down and abandoning module SlateReflector (126)
[2015.06.02-03.24.39:335][188]LogModuleManager: Shutting down and abandoning module LevelEditor (125)
[2015.06.02-03.24.39:339][188]LogModuleManager: Shutting down and abandoning module Kismet (124)
[2015.06.02-03.24.39:339][188]LogModuleManager: Shutting down and abandoning module GraphEditor (123)
[2015.06.02-03.24.39:360][188]LogModuleManager: Shutting down and abandoning module ClassViewer (122)
[2015.06.02-03.24.39:360][188]LogModuleManager: Shutting down and abandoning module Toolbox (121)
[2015.06.02-03.24.39:360][188]LogModuleManager: Shutting down and abandoning module ModuleUI (120)
[2015.06.02-03.24.39:368][188]LogModuleManager: Shutting down and abandoning module MovieSceneTools (119)
[2015.06.02-03.24.39:384][188]LogModuleManager: Shutting down and abandoning module OutputLog (118)
[2015.06.02-03.24.39:384][188]LogModuleManager: Shutting down and abandoning module GammaUI (117)
[2015.06.02-03.24.39:393][188]LogModuleManager: Shutting down and abandoning module Documentation (116)
[2015.06.02-03.24.39:393][188]LogModuleManager: Shutting down and abandoning module GameLiveStreaming (115)
[2015.06.02-03.24.39:394][188]LogModuleManager: Shutting down and abandoning module StreamingPauseRendering (114)
[2015.06.02-03.24.39:394][188]LogModuleManager: Shutting down and abandoning module HTTP (113)
[2015.06.02-03.24.39:394][188]LogModuleManager: Shutting down and abandoning module AnalyticsET (112)
[2015.06.02-03.24.39:394][188]LogModuleManager: Shutting down and abandoning module Analytics (111)
[2015.06.02-03.24.39:394][188]LogModuleManager: Shutting down and abandoning module AITestSuite (110)
[2015.06.02-03.24.39:394][188]LogModuleManager: Shutting down and abandoning module GameplayDebugger (109)
[2015.06.02-03.24.39:394][188]LogModuleManager: Shutting down and abandoning module AIModule (108)
[2015.06.02-03.24.39:394][188]LogModuleManager: Shutting down and abandoning module ProfilerService (107)
[2015.06.02-03.24.39:449][188]LogModuleManager: Shutting down and abandoning module TaskGraph (106)
[2015.06.02-03.24.39:458][188]LogModuleManager: Shutting down and abandoning module SlateRemote (105)
[2015.06.02-03.24.39:458][188]LogModuleManager: Shutting down and abandoning module ScriptEditorPlugin (104)
[2015.06.02-03.24.39:458][188]LogModuleManager: Shutting down and abandoning module CustomMeshComponent (103)
[2015.06.02-03.24.39:458][188]LogModuleManager: Shutting down and abandoning module CableComponent (102)
[2015.06.02-03.24.39:458][188]LogModuleManager: Shutting down and abandoning module MessagingDebugger (101)
[2015.06.02-03.24.39:479][188]LogModuleManager: Shutting down and abandoning module MediaPlayerEditor (100)
[2015.06.02-03.24.39:489][188]LogModuleManager: Shutting down and abandoning module SpeedTreeImporter (99)
[2015.06.02-03.24.39:490][188]LogModuleManager: Shutting down and abandoning module PluginsEditor (98)
[2015.06.02-03.24.39:490][188]LogModuleManager: Shutting down and abandoning module MainFrame (97)
[2015.06.02-03.24.39:490][188]LogModuleManager: Shutting down and abandoning module EpicSurvey (96)
[2015.06.02-03.24.39:490][188]LogModuleManager: Shutting down and abandoning module DesktopPlatform (95)
[2015.06.02-03.24.39:490][188]LogModuleManager: Shutting down and abandoning module DirectoryWatcher (94)
[2015.06.02-03.24.39:491][188]LogModuleManager: Shutting down and abandoning module HotReload (93)
[2015.06.02-03.24.39:491][188]LogModuleManager: Shutting down and abandoning module VisualStudioSourceCodeAccess (92)
[2015.06.02-03.24.39:491][188]LogModuleManager: Shutting down and abandoning module UObjectPlugin (91)
[2015.06.02-03.24.39:491][188]LogModuleManager: Shutting down and abandoning module SubversionSourceControl (90)
[2015.06.02-03.24.39:491][188]LogModuleManager: Shutting down and abandoning module PerforceSourceControl (89)
[2015.06.02-03.24.39:499][188]LogModuleManager: Shutting down and abandoning module SourceControl (88)
[2015.06.02-03.24.39:499][188]LogModuleManager: Shutting down and abandoning module GitSourceControl (87)
[2015.06.02-03.24.39:499][188]LogModuleManager: Shutting down and abandoning module BlankPlugin (86)
[2015.06.02-03.24.39:502][188]LogModuleManager: Shutting down and abandoning module PaperTiledImporter (85)
[2015.06.02-03.24.39:502][188]LogModuleManager: Shutting down and abandoning module PaperJsonImporter (84)
[2015.06.02-03.24.39:502][188]LogModuleManager: Shutting down and abandoning module ContentBrowser (83)
[2015.06.02-03.24.39:507][188]LogModuleManager: Shutting down and abandoning module Paper2DEditor (82)
[2015.06.02-03.24.39:507][188]LogModuleManager: Shutting down and abandoning module ScriptPlugin (81)
[2015.06.02-03.24.39:513][188]LogModuleManager: Shutting down and abandoning module UdpMessaging (80)
[2015.06.02-03.24.39:614][188]LogModuleManager: Shutting down and abandoning module Paper2D (79)
[2015.06.02-03.24.39:614][188]LogModuleManager: Shutting down and abandoning module WindowsMoviePlayer (78)
[2015.06.02-03.24.39:628][188]LogModuleManager: Shutting down and abandoning module Media (77)
[2015.06.02-03.24.39:628][188]LogModuleManager: Shutting down and abandoning module WmfMedia (76)
[2015.06.02-03.24.39:628][188]LogModuleManager: Shutting down and abandoning module OnlineBlueprintSupport (75)
[2015.06.02-03.24.39:628][188]LogModuleManager: Shutting down and abandoning module EnvironmentQueryEditor (74)
[2015.06.02-03.24.39:640][188]LogModuleManager: Shutting down and abandoning module PropertyEditor (73)
[2015.06.02-03.24.39:640][188]LogModuleManager: Shutting down and abandoning module BehaviorTreeEditor (72)
[2015.06.02-03.24.39:654][188]LogModuleManager: Shutting down and abandoning module FunctionalTesting (71)
[2015.06.02-03.24.39:654][188]LogModuleManager: Shutting down and abandoning module CollisionAnalyzer (70)
[2015.06.02-03.24.39:668][188]LogModuleManager: Shutting down and abandoning module WorkspaceMenuStructure (69)
[2015.06.02-03.24.39:668][188]LogModuleManager: Shutting down and abandoning module MessageLog (68)
[2015.06.02-03.24.39:668][188]LogModuleManager: Shutting down and abandoning module Sequencer (67)
[2015.06.02-03.24.39:675][188]LogModuleManager: Shutting down and abandoning module AssetTools (66)
[2015.06.02-03.24.39:701][188]LogModuleManager: Shutting down and abandoning module UMGEditor (65)
[2015.06.02-03.24.39:707][188]LogModuleManager: Shutting down and abandoning module UMG (64)
[2015.06.02-03.24.39:713][188]LogModuleManager: Shutting down and abandoning module Slate (63)
[2015.06.02-03.24.39:713][188]LogModuleManager: Shutting down and abandoning module EditorStyle (62)
[2015.06.02-03.24.39:724][188]LogModuleManager: Shutting down and abandoning module SessionServices (61)
[2015.06.02-03.24.39:724][188]LogModuleManager: Shutting down and abandoning module SourceCodeAccess (60)
[2015.06.02-03.24.39:724][188]LogModuleManager: Shutting down and abandoning module HeadMountedDisplay (59)
[2015.06.02-03.24.39:724][188]LogModuleManager: Shutting down and abandoning module XAudio2 (58)
[2015.06.02-03.24.39:724][188]LogModuleManager: Shutting down and abandoning module Networking (56)
[2015.06.02-03.24.39:724][188]LogModuleManager: Shutting down and abandoning module Core (55)
[2015.06.02-03.24.39:724][188]LogModuleManager: Shutting down and abandoning module KismetCompiler (54)
[2015.06.02-03.24.39:724][188]LogModuleManager: Shutting down and abandoning module PhysXFormats (53)
[2015.06.02-03.24.39:724][188]LogModuleManager: Shutting down and abandoning module MeshUtilities (52)
[2015.06.02-03.24.39:739][188]LogModuleManager: Shutting down and abandoning module DerivedDataCache (51)
[2015.06.02-03.24.39:740][188]LogDerivedDataCache: Shutdown
[2015.06.02-03.24.39:740][188]LogModuleManager: Shutting down and abandoning module ShaderFormatOpenGL (50)
[2015.06.02-03.24.39:747][188]LogModuleManager: Shutting down and abandoning module ShaderFormatD3D (49)
[2015.06.02-03.24.39:747][188]LogModuleManager: Shutting down and abandoning module MetalShaderFormat (48)
[2015.06.02-03.24.39:755][188]LogModuleManager: Shutting down and abandoning module TextureFormatUncompressed (47)
[2015.06.02-03.24.39:755][188]LogModuleManager: Shutting down and abandoning module TextureFormatPVR (46)
[2015.06.02-03.24.39:755][188]LogModuleManager: Shutting down and abandoning module TextureFormatIntelISPCTexComp (45)
[2015.06.02-03.24.39:755][188]LogModuleManager: Shutting down and abandoning module TextureFormatDXT (44)
[2015.06.02-03.24.39:756][188]LogModuleManager: Shutting down and abandoning module ImageWrapper (43)
[2015.06.02-03.24.39:756][188]LogModuleManager: Shutting down and abandoning module TextureFormatASTC (42)
[2015.06.02-03.24.39:756][188]LogModuleManager: Shutting down and abandoning module TextureFormatAndroid (41)
[2015.06.02-03.24.39:756][188]LogModuleManager: Shutting down and abandoning module AudioFormatOpus (40)
[2015.06.02-03.24.39:756][188]LogModuleManager: Shutting down and abandoning module AudioFormatOgg (39)
[2015.06.02-03.24.39:756][188]LogModuleManager: Shutting down and abandoning module AudioFormatADPCM (38)
[2015.06.02-03.24.39:756][188]LogModuleManager: Shutting down and abandoning module LinuxTargetPlatform (37)
[2015.06.02-03.24.39:756][188]LogModuleManager: Shutting down and abandoning module LinuxServerTargetPlatform (36)
[2015.06.02-03.24.39:756][188]LogModuleManager: Shutting down and abandoning module LinuxNoEditorTargetPlatform (35)
[2015.06.02-03.24.39:756][188]LogModuleManager: Shutting down and abandoning module Messaging (34)
[2015.06.02-03.24.39:756][188]LogModuleManager: Shutting down and abandoning module IOSTargetPlatform (33)
[2015.06.02-03.24.39:756][188]LogModuleManager: Shutting down and abandoning module HTML5TargetPlatform (32)
[2015.06.02-03.24.39:756][188]LogModuleManager: Shutting down and abandoning module Android_PVRTCTargetPlatform (31)
[2015.06.02-03.24.39:757][188]LogModuleManager: Shutting down and abandoning module Android_ETC2TargetPlatform (30)
[2015.06.02-03.24.39:757][188]LogModuleManager: Shutting down and abandoning module Android_ETC1TargetPlatform (29)
[2015.06.02-03.24.39:757][188]LogModuleManager: Shutting down and abandoning module Android_ES31TargetPlatform (28)
[2015.06.02-03.24.39:757][188]LogModuleManager: Shutting down and abandoning module Android_DXTTargetPlatform (27)
[2015.06.02-03.24.39:757][188]LogModuleManager: Shutting down and abandoning module Android_ATCTargetPlatform (26)
[2015.06.02-03.24.39:757][188]LogModuleManager: Shutting down and abandoning module AndroidTargetPlatform (25)
[2015.06.02-03.24.39:757][188]LogModuleManager: Shutting down and abandoning module WindowsTargetPlatform (24)
[2015.06.02-03.24.39:757][188]LogModuleManager: Shutting down and abandoning module WindowsServerTargetPlatform (23)
[2015.06.02-03.24.39:757][188]LogModuleManager: Shutting down and abandoning module WindowsNoEditorTargetPlatform (22)
[2015.06.02-03.24.39:757][188]LogModuleManager: Shutting down and abandoning module WindowsClientTargetPlatform (21)
[2015.06.02-03.24.39:757][188]LogModuleManager: Shutting down and abandoning module TargetPlatform (20)
[2015.06.02-03.24.39:757][188]LogModuleManager: Shutting down and abandoning module InputCore (19)
[2015.06.02-03.24.39:757][188]LogModuleManager: Shutting down and abandoning module Settings (18)
[2015.06.02-03.24.39:757][188]LogModuleManager: Shutting down and abandoning module OnlineSubsystem (16)
[2015.06.02-03.24.39:757][188]LogModuleManager: Shutting down and abandoning module OculusRift (15)
[2015.06.02-03.24.39:757][188]LogModuleManager: Shutting down and abandoning module ExampleDeviceProfileSelector (14)
[2015.06.02-03.24.39:757][188]LogModuleManager: Shutting down and abandoning module TextureCompressor (13)
[2015.06.02-03.24.39:757][188]LogModuleManager: Shutting down and abandoning module ShaderCore (12)
[2015.06.02-03.24.39:757][188]LogModuleManager: Shutting down and abandoning module Landscape (11)
[2015.06.02-03.24.39:757][188]LogModuleManager: Shutting down and abandoning module SlateRHIRenderer (10)
[2015.06.02-03.24.39:761][188]LogModuleManager: Shutting down and abandoning module OpenGLDrv (9)
[2015.06.02-03.24.39:761][188]LogModuleManager: Shutting down and abandoning module D3D11RHI (8)
[2015.06.02-03.24.39:761][188]LogModuleManager: Shutting down and abandoning module Renderer (7)
[2015.06.02-03.24.39:761][188]LogModuleManager: Shutting down and abandoning module Engine (6)
[2015.06.02-03.24.39:761][188]LogModuleManager: Shutting down and abandoning module CoreUObject (5)
[2015.06.02-03.24.39:761][188]LogModuleManager: Shutting down and abandoning module NetworkFile (4)
[2015.06.02-03.24.39:768][188]LogModuleManager: Shutting down and abandoning module StreamingFile (3)
[2015.06.02-03.24.39:768][188]LogModuleManager: Shutting down and abandoning module SandboxFile (2)
[2015.06.02-03.24.39:768][188]LogModuleManager: Shutting down and abandoning module PakFile (1)
[2015.06.02-03.24.39:777][188]LogExit: Exiting.
[2015.06.02-03.24.39:787][188]Log file closed, 06/01/15 20:24:39
